{"Date":"18:19:49","Name":"autreNom","Source":"D:\\after fx projects","Target":"D:\\testsave\\diff","Size":"1633524894","Duration":"3223","EncryptDuration":"-1"}{"Date":"18:19:49","Name":"autreNom","Source":"D:\\after fx projects","Target":"D:\\testsave\\diff","Size":"1633524894","Duration":"3223","EncryptDuration":"-1"}
{"Date":"18:19:49","Name":"autreNom","Source":"D:\\after fx projects","Target":"D:\\testsave\\diff","Size":"1633524894","Duration":"3477","EncryptDuration":"-1"}
{"Date":"18:19:49","Name":"autreNom","Source":"D:\\after fx projects","Target":"D:\\testsave\\diff","Size":"1633524894","Duration":"3503","EncryptDuration":"-1"}
{"Date":"18:19:49","Name":"autreNom","Source":"D:\\after fx projects","Target":"D:\\testsave\\diff","Size":"1633524894","Duration":"3534","EncryptDuration":"-1"}
{"Date":"18:19:49","Name":"autreNom","Source":"D:\\after fx projects","Target":"D:\\testsave\\diff","Size":"1633524894","Duration":"3550","EncryptDuration":"-1"}
{"Date":"18:19:49","Name":"autreNom","Source":"D:\\after fx projects","Target":"D:\\testsave\\diff","Size":"1633524894","Duration":"3590","EncryptDuration":"-1"}
{"Date":"18:19:49","Name":"autreNom","Source":"D:\\after fx projects","Target":"D:\\testsave\\diff","Size":"1633524894","Duration":"3610","EncryptDuration":"-1"}
{"Date":"18:19:49","Name":"autreNom","Source":"D:\\after fx projects","Target":"D:\\testsave\\diff","Size":"1633524894","Duration":"3962","EncryptDuration":"-1"}
{"Date":"18:19:49","Name":"autreNom","Source":"D:\\after fx projects","Target":"D:\\testsave\\diff","Size":"1633524894","Duration":"4416","EncryptDuration":"-1"}
{"Date":"18:19:49","Name":"autreNom","Source":"D:\\after fx projects","Target":"D:\\testsave\\diff","Size":"1633524894","Duration":"5291","EncryptDuration":"-1"}
{"Date":"18:19:49","Name":"autreNom","Source":"D:\\after fx projects","Target":"D:\\testsave\\diff","Size":"1633524894","Duration":"5416","EncryptDuration":"-1"}
{"Date":"18:19:49","Name":"autreNom","Source":"D:\\after fx projects","Target":"D:\\testsave\\diff","Size":"1633524894","Duration":"5496","EncryptDuration":"-1"}
{"Date":"18:19:49","Name":"autreNom","Source":"D:\\after fx projects","Target":"D:\\testsave\\diff","Size":"1633524894","Duration":"5538","EncryptDuration":"-1"}
{"Date":"18:19:49","Name":"autreNom","Source":"D:\\after fx projects","Target":"D:\\testsave\\diff","Size":"1633524894","Duration":"5575","EncryptDuration":"-1"}
{"Date":"18:19:49","Name":"autreNom","Source":"D:\\after fx projects","Target":"D:\\testsave\\diff","Size":"1633524894","Duration":"5696","EncryptDuration":"-1"}
{"Date":"18:19:49","Name":"autreNom","Source":"D:\\after fx projects","Target":"D:\\testsave\\diff","Size":"1633524894","Duration":"6448","EncryptDuration":"-1"}
{"Date":"18:19:49","Name":"autreNom","Source":"D:\\after fx projects","Target":"D:\\testsave\\diff","Size":"1633524894","Duration":"6612","EncryptDuration":"-1"}
{"Date":"18:19:49","Name":"autreNom","Source":"D:\\after fx projects","Target":"D:\\testsave\\diff","Size":"1633524894","Duration":"6672","EncryptDuration":"-1"}
{"Date":"18:19:49","Name":"autreNom","Source":"D:\\after fx projects","Target":"D:\\testsave\\diff","Size":"1633524894","Duration":"6692","EncryptDuration":"-1"}
{"Date":"18:19:49","Name":"autreNom","Source":"D:\\after fx projects","Target":"D:\\testsave\\diff","Size":"1633524894","Duration":"6713","EncryptDuration":"-1"}
{"Date":"18:19:49","Name":"autreNom","Source":"D:\\after fx projects","Target":"D:\\testsave\\diff","Size":"1633524894","Duration":"6730","EncryptDuration":"-1"}
{"Date":"18:19:49","Name":"autreNom","Source":"D:\\after fx projects","Target":"D:\\testsave\\diff","Size":"1633524894","Duration":"6761","EncryptDuration":"-1"}
{"Date":"18:19:49","Name":"autreNom","Source":"D:\\after fx projects","Target":"D:\\testsave\\diff","Size":"1633524894","Duration":"6791","EncryptDuration":"-1"}
{"Date":"18:19:49","Name":"autreNom","Source":"D:\\after fx projects","Target":"D:\\testsave\\diff","Size":"1633524894","Duration":"6807","EncryptDuration":"-1"}
{"Date":"18:19:49","Name":"autreNom","Source":"D:\\after fx projects","Target":"D:\\testsave\\diff","Size":"1633524894","Duration":"6892","EncryptDuration":"-1"}
{"Date":"18:19:49","Name":"autreNom","Source":"D:\\after fx projects","Target":"D:\\testsave\\diff","Size":"1633524894","Duration":"6976","EncryptDuration":"-1"}
{"Date":"18:19:49","Name":"autreNom","Source":"D:\\after fx projects","Target":"D:\\testsave\\diff","Size":"1633524894","Duration":"7252","EncryptDuration":"-1"}
{"Date":"18:19:49","Name":"autreNom","Source":"D:\\after fx projects","Target":"D:\\testsave\\diff","Size":"1633524894","Duration":"7359","EncryptDuration":"-1"}
{"Date":"18:19:49","Name":"autreNom","Source":"D:\\after fx projects","Target":"D:\\testsave\\diff","Size":"1633524894","Duration":"7460","EncryptDuration":"-1"}
{"Date":"18:19:49","Name":"autreNom","Source":"D:\\after fx projects","Target":"D:\\testsave\\diff","Size":"1633524894","Duration":"7559","EncryptDuration":"-1"}
{"Date":"18:19:49","Name":"autreNom","Source":"D:\\after fx projects","Target":"D:\\testsave\\diff","Size":"1633524894","Duration":"7792","EncryptDuration":"-1"}
{"Date":"18:19:49","Name":"autreNom","Source":"D:\\after fx projects","Target":"D:\\testsave\\diff","Size":"1633524894","Duration":"7867","EncryptDuration":"-1"}
{"Date":"18:19:49","Name":"autreNom","Source":"D:\\after fx projects","Target":"D:\\testsave\\diff","Size":"1633524894","Duration":"7950","EncryptDuration":"-1"}
{"Date":"18:19:49","Name":"autreNom","Source":"D:\\after fx projects","Target":"D:\\testsave\\diff","Size":"1633524894","Duration":"8052","EncryptDuration":"-1"}
{"Date":"18:19:49","Name":"autreNom","Source":"D:\\after fx projects","Target":"D:\\testsave\\diff","Size":"1633524894","Duration":"8290","EncryptDuration":"-1"}
{"Date":"18:19:49","Name":"autreNom","Source":"D:\\after fx projects","Target":"D:\\testsave\\diff","Size":"1633524894","Duration":"8297","EncryptDuration":"-1"}
{"Date":"18:19:49","Name":"autreNom","Source":"D:\\after fx projects","Target":"D:\\testsave\\diff","Size":"1633524894","Duration":"11183","EncryptDuration":"-1"}
{"Date":"18:19:49","Name":"autreNom","Source":"D:\\after fx projects","Target":"D:\\testsave\\diff","Size":"1633524894","Duration":"21667","EncryptDuration":"-1"}
{"Date":"18:19:49","Name":"autreNom","Source":"D:\\after fx projects","Target":"D:\\testsave\\diff","Size":"1633524894","Duration":"21840","EncryptDuration":"-1"}
{"Date":"18:19:49","Name":"autreNom","Source":"D:\\after fx projects","Target":"D:\\testsave\\diff","Size":"1633524894","Duration":"22307","EncryptDuration":"-1"}
{"Date":"18:19:49","Name":"autreNom","Source":"D:\\after fx projects","Target":"D:\\testsave\\diff","Size":"1633524894","Duration":"22314","EncryptDuration":"-1"}
{"Date":"18:22:49","Name":"autreNom","Source":"D:\\after fx projects","Target":"D:\\testsave\\diff","Size":"1633524894","Duration":"18007","EncryptDuration":"-1"}
{"Date":"18:22:49","Name":"autreNom","Source":"D:\\after fx projects","Target":"D:\\testsave\\diff","Size":"1633524894","Duration":"18074","EncryptDuration":"-1"}
{"Date":"18:22:49","Name":"autreNom","Source":"D:\\after fx projects","Target":"D:\\testsave\\diff","Size":"1633524894","Duration":"18081","EncryptDuration":"-1"}
{"Date":"18:22:49","Name":"autreNom","Source":"D:\\after fx projects","Target":"D:\\testsave\\diff","Size":"1633524894","Duration":"18097","EncryptDuration":"-1"}
{"Date":"18:22:49","Name":"autreNom","Source":"D:\\after fx projects","Target":"D:\\testsave\\diff","Size":"1633524894","Duration":"18105","EncryptDuration":"-1"}
{"Date":"18:22:49","Name":"autreNom","Source":"D:\\after fx projects","Target":"D:\\testsave\\diff","Size":"1633524894","Duration":"18114","EncryptDuration":"-1"}
{"Date":"18:22:49","Name":"autreNom","Source":"D:\\after fx projects","Target":"D:\\testsave\\diff","Size":"1633524894","Duration":"18121","EncryptDuration":"-1"}
{"Date":"18:22:49","Name":"autreNom","Source":"D:\\after fx projects","Target":"D:\\testsave\\diff","Size":"1633524894","Duration":"18171","EncryptDuration":"-1"}
{"Date":"18:22:49","Name":"autreNom","Source":"D:\\after fx projects","Target":"D:\\testsave\\diff","Size":"1633524894","Duration":"18226","EncryptDuration":"-1"}
{"Date":"18:22:49","Name":"autreNom","Source":"D:\\after fx projects","Target":"D:\\testsave\\diff","Size":"1633524894","Duration":"18327","EncryptDuration":"-1"}
{"Date":"18:22:49","Name":"autreNom","Source":"D:\\after fx projects","Target":"D:\\testsave\\diff","Size":"1633524894","Duration":"18348","EncryptDuration":"-1"}
{"Date":"18:22:49","Name":"autreNom","Source":"D:\\after fx projects","Target":"D:\\testsave\\diff","Size":"1633524894","Duration":"18364","EncryptDuration":"-1"}
{"Date":"18:22:49","Name":"autreNom","Source":"D:\\after fx projects","Target":"D:\\testsave\\diff","Size":"1633524894","Duration":"18374","EncryptDuration":"-1"}
{"Date":"18:22:49","Name":"autreNom","Source":"D:\\after fx projects","Target":"D:\\testsave\\diff","Size":"1633524894","Duration":"18383","EncryptDuration":"-1"}
{"Date":"18:22:49","Name":"autreNom","Source":"D:\\after fx projects","Target":"D:\\testsave\\diff","Size":"1633524894","Duration":"18400","EncryptDuration":"-1"}
{"Date":"18:22:49","Name":"autreNom","Source":"D:\\after fx projects","Target":"D:\\testsave\\diff","Size":"1633524894","Duration":"18538","EncryptDuration":"-1"}
{"Date":"18:22:49","Name":"autreNom","Source":"D:\\after fx projects","Target":"D:\\testsave\\diff","Size":"1633524894","Duration":"18836","EncryptDuration":"-1"}
{"Date":"18:22:49","Name":"autreNom","Source":"D:\\after fx projects","Target":"D:\\testsave\\diff","Size":"1633524894","Duration":"18848","EncryptDuration":"-1"}
{"Date":"18:22:49","Name":"autreNom","Source":"D:\\after fx projects","Target":"D:\\testsave\\diff","Size":"1633524894","Duration":"18865","EncryptDuration":"-1"}
{"Date":"18:22:49","Name":"autreNom","Source":"D:\\after fx projects","Target":"D:\\testsave\\diff","Size":"1633524894","Duration":"18872","EncryptDuration":"-1"}
{"Date":"18:22:49","Name":"autreNom","Source":"D:\\after fx projects","Target":"D:\\testsave\\diff","Size":"1633524894","Duration":"18878","EncryptDuration":"-1"}
{"Date":"18:22:49","Name":"autreNom","Source":"D:\\after fx projects","Target":"D:\\testsave\\diff","Size":"1633524894","Duration":"18889","EncryptDuration":"-1"}
{"Date":"18:22:49","Name":"autreNom","Source":"D:\\after fx projects","Target":"D:\\testsave\\diff","Size":"1633524894","Duration":"18897","EncryptDuration":"-1"}
{"Date":"18:22:49","Name":"autreNom","Source":"D:\\after fx projects","Target":"D:\\testsave\\diff","Size":"1633524894","Duration":"18903","EncryptDuration":"-1"}
{"Date":"18:22:49","Name":"autreNom","Source":"D:\\after fx projects","Target":"D:\\testsave\\diff","Size":"1633524894","Duration":"18939","EncryptDuration":"-1"}
{"Date":"18:22:49","Name":"autreNom","Source":"D:\\after fx projects","Target":"D:\\testsave\\diff","Size":"1633524894","Duration":"18963","EncryptDuration":"-1"}
{"Date":"18:22:49","Name":"autreNom","Source":"D:\\after fx projects","Target":"D:\\testsave\\diff","Size":"1633524894","Duration":"18984","EncryptDuration":"-1"}
{"Date":"18:22:49","Name":"autreNom","Source":"D:\\after fx projects","Target":"D:\\testsave\\diff","Size":"1633524894","Duration":"18998","EncryptDuration":"-1"}
{"Date":"18:22:49","Name":"autreNom","Source":"D:\\after fx projects","Target":"D:\\testsave\\diff","Size":"1633524894","Duration":"19035","EncryptDuration":"-1"}
{"Date":"18:22:49","Name":"autreNom","Source":"D:\\after fx projects","Target":"D:\\testsave\\diff","Size":"1633524894","Duration":"19050","EncryptDuration":"-1"}
{"Date":"18:22:49","Name":"autreNom","Source":"D:\\after fx projects","Target":"D:\\testsave\\diff","Size":"1633524894","Duration":"19064","EncryptDuration":"-1"}
{"Date":"18:22:49","Name":"autreNom","Source":"D:\\after fx projects","Target":"D:\\testsave\\diff","Size":"1633524894","Duration":"19083","EncryptDuration":"-1"}
{"Date":"18:22:49","Name":"autreNom","Source":"D:\\after fx projects","Target":"D:\\testsave\\diff","Size":"1633524894","Duration":"19100","EncryptDuration":"-1"}
{"Date":"18:22:49","Name":"autreNom","Source":"D:\\after fx projects","Target":"D:\\testsave\\diff","Size":"1633524894","Duration":"19116","EncryptDuration":"-1"}
{"Date":"18:22:49","Name":"autreNom","Source":"D:\\after fx projects","Target":"D:\\testsave\\diff","Size":"1633524894","Duration":"19132","EncryptDuration":"-1"}
{"Date":"18:22:49","Name":"autreNom","Source":"D:\\after fx projects","Target":"D:\\testsave\\diff","Size":"1633524894","Duration":"19140","EncryptDuration":"-1"}
{"Date":"18:22:49","Name":"autreNom","Source":"D:\\after fx projects","Target":"D:\\testsave\\diff","Size":"1633524894","Duration":"19619","EncryptDuration":"-1"}
{"Date":"18:22:49","Name":"autreNom","Source":"D:\\after fx projects","Target":"D:\\testsave\\diff","Size":"1633524894","Duration":"26734","EncryptDuration":"-1"}
{"Date":"18:22:49","Name":"autreNom","Source":"D:\\after fx projects","Target":"D:\\testsave\\diff","Size":"1633524894","Duration":"27313","EncryptDuration":"-1"}
{"Date":"18:22:49","Name":"autreNom","Source":"D:\\after fx projects","Target":"D:\\testsave\\diff","Size":"1633524894","Duration":"27330","EncryptDuration":"-1"}
{"Date":"18:22:49","Name":"autreNom","Source":"D:\\after fx projects","Target":"D:\\testsave\\diff","Size":"1633524894","Duration":"27337","EncryptDuration":"-1"}
{"Date":"18:23:45","Name":"nom","Source":"D:\\textdetest","Target":"D:\\testsave\\diff","Size":"666778096","Duration":"27337","EncryptDuration":"-1"}
{"Date":"18:23:45","Name":"nom","Source":"D:\\textdetest","Target":"D:\\testsave\\diff","Size":"666778096","Duration":"27337","EncryptDuration":"-1"}
{"Date":"18:37:53","Name":"nom","Source":"D:\\textdetest","Target":"D:\\testsave\\diff","Size":"666778096","Duration":"7955","EncryptDuration":"-1"}
{"Date":"18:37:53","Name":"nom","Source":"D:\\textdetest","Target":"D:\\testsave\\diff","Size":"666778096","Duration":"7984","EncryptDuration":"-1"}
{"Date":"18:41:38","Name":"nom","Source":"D:\\textdetest","Target":"D:\\testsave\\diff","Size":"666778096","Duration":"6534","EncryptDuration":"-1"}
{"Date":"18:41:38","Name":"nom","Source":"D:\\textdetest","Target":"D:\\testsave\\diff","Size":"666778096","Duration":"6561","EncryptDuration":"-1"}
{"Date":"18:43:21","Name":"nom","Source":"D:\\textdetest","Target":"D:\\testsave\\diff","Size":"666778096","Duration":"4177","EncryptDuration":"-1"}
{"Date":"18:43:21","Name":"nom","Source":"D:\\textdetest","Target":"D:\\testsave\\diff","Size":"666778096","Duration":"4206","EncryptDuration":"-1"}
{"Date":"18:45:29","Name":"nom","Source":"D:\\textdetest","Target":"D:\\testsave\\diff","Size":"666778096","Duration":"16152","EncryptDuration":"-1"}
{"Date":"18:45:29","Name":"nom","Source":"D:\\textdetest","Target":"D:\\testsave\\diff","Size":"666778096","Duration":"16180","EncryptDuration":"-1"}
{"Date":"18:46:50","Name":"nom","Source":"D:\\textdetest","Target":"D:\\testsave\\diff","Size":"666778096","Duration":"5201","EncryptDuration":"-1"}
{"Date":"18:46:50","Name":"nom","Source":"D:\\textdetest","Target":"D:\\testsave\\diff","Size":"666778096","Duration":"5229","EncryptDuration":"-1"}
{"Date":"18:54:22","Name":"nom","Source":"D:\\textdetest","Target":"D:\\testsave\\diff","Size":"666778096","Duration":"3070","EncryptDuration":"-1"}
{"Date":"18:54:22","Name":"nom","Source":"D:\\textdetest","Target":"D:\\testsave\\diff","Size":"666778096","Duration":"3097","EncryptDuration":"-1"}
{"Date":"18:56:25","Name":"autreNom","Source":"D:\\textdetest","Target":"D:\\testsave\\diff","Size":"666778096","Duration":"-1","EncryptDuration":"-1"}
{"Date":"19:25:41","Name":"autreNom","Source":"D:\\after fx projects","Target":"D:\\testsave\\diff\\after fx projects\\DiffSaves\\11_12_2020","Size":"1633524894","Duration":"2786","EncryptDuration":"-1"}
{"Date":"19:25:41","Name":"autreNom","Source":"D:\\after fx projects","Target":"D:\\testsave\\diff\\after fx projects\\DiffSaves\\11_12_2020","Size":"1633524894","Duration":"3067","EncryptDuration":"-1"}
{"Date":"19:25:41","Name":"autreNom","Source":"D:\\after fx projects","Target":"D:\\testsave\\diff\\after fx projects\\DiffSaves\\11_12_2020","Size":"1633524894","Duration":"3108","EncryptDuration":"-1"}
{"Date":"19:25:41","Name":"autreNom","Source":"D:\\after fx projects","Target":"D:\\testsave\\diff\\after fx projects\\DiffSaves\\11_12_2020","Size":"1633524894","Duration":"3138","EncryptDuration":"-1"}
{"Date":"19:25:41","Name":"autreNom","Source":"D:\\after fx projects","Target":"D:\\testsave\\diff\\after fx projects\\DiffSaves\\11_12_2020","Size":"1633524894","Duration":"3157","EncryptDuration":"-1"}
{"Date":"19:25:41","Name":"autreNom","Source":"D:\\after fx projects","Target":"D:\\testsave\\diff\\after fx projects\\DiffSaves\\11_12_2020","Size":"1633524894","Duration":"3200","EncryptDuration":"-1"}
{"Date":"19:25:41","Name":"autreNom","Source":"D:\\after fx projects","Target":"D:\\testsave\\diff\\after fx projects\\DiffSaves\\11_12_2020","Size":"1633524894","Duration":"3223","EncryptDuration":"-1"}
{"Date":"19:25:41","Name":"autreNom","Source":"D:\\after fx projects","Target":"D:\\testsave\\diff\\after fx projects\\DiffSaves\\11_12_2020","Size":"1633524894","Duration":"3590","EncryptDuration":"-1"}
{"Date":"19:25:41","Name":"autreNom","Source":"D:\\after fx projects","Target":"D:\\testsave\\diff\\after fx projects\\DiffSaves\\11_12_2020","Size":"1633524894","Duration":"3956","EncryptDuration":"-1"}
{"Date":"19:25:41","Name":"autreNom","Source":"D:\\after fx projects","Target":"D:\\testsave\\diff\\after fx projects\\DiffSaves\\11_12_2020","Size":"1633524894","Duration":"4789","EncryptDuration":"-1"}
{"Date":"19:25:41","Name":"autreNom","Source":"D:\\after fx projects","Target":"D:\\testsave\\diff\\after fx projects\\DiffSaves\\11_12_2020","Size":"1633524894","Duration":"4906","EncryptDuration":"-1"}
{"Date":"19:25:41","Name":"autreNom","Source":"D:\\after fx projects","Target":"D:\\testsave\\diff\\after fx projects\\DiffSaves\\11_12_2020","Size":"1633524894","Duration":"4997","EncryptDuration":"-1"}
{"Date":"19:25:41","Name":"autreNom","Source":"D:\\after fx projects","Target":"D:\\testsave\\diff\\after fx projects\\DiffSaves\\11_12_2020","Size":"1633524894","Duration":"5055","EncryptDuration":"-1"}
{"Date":"19:25:41","Name":"autreNom","Source":"D:\\after fx projects","Target":"D:\\testsave\\diff\\after fx projects\\DiffSaves\\11_12_2020","Size":"1633524894","Duration":"5086","EncryptDuration":"-1"}
{"Date":"19:25:41","Name":"autreNom","Source":"D:\\after fx projects","Target":"D:\\testsave\\diff\\after fx projects\\DiffSaves\\11_12_2020","Size":"1633524894","Duration":"5177","EncryptDuration":"-1"}
{"Date":"19:25:41","Name":"autreNom","Source":"D:\\after fx projects","Target":"D:\\testsave\\diff\\after fx projects\\DiffSaves\\11_12_2020","Size":"1633524894","Duration":"6138","EncryptDuration":"-1"}
{"Date":"19:25:41","Name":"autreNom","Source":"D:\\after fx projects","Target":"D:\\testsave\\diff\\after fx projects\\DiffSaves\\11_12_2020","Size":"1633524894","Duration":"6208","EncryptDuration":"-1"}
{"Date":"19:25:41","Name":"autreNom","Source":"D:\\after fx projects","Target":"D:\\testsave\\diff\\after fx projects\\DiffSaves\\11_12_2020","Size":"1633524894","Duration":"6274","EncryptDuration":"-1"}
{"Date":"19:25:41","Name":"autreNom","Source":"D:\\after fx projects","Target":"D:\\testsave\\diff\\after fx projects\\DiffSaves\\11_12_2020","Size":"1633524894","Duration":"6330","EncryptDuration":"-1"}
{"Date":"19:25:41","Name":"autreNom","Source":"D:\\after fx projects","Target":"D:\\testsave\\diff\\after fx projects\\DiffSaves\\11_12_2020","Size":"1633524894","Duration":"6351","EncryptDuration":"-1"}
{"Date":"19:25:41","Name":"autreNom","Source":"D:\\after fx projects","Target":"D:\\testsave\\diff\\after fx projects\\DiffSaves\\11_12_2020","Size":"1633524894","Duration":"6369","EncryptDuration":"-1"}
{"Date":"19:25:41","Name":"autreNom","Source":"D:\\after fx projects","Target":"D:\\testsave\\diff\\after fx projects\\DiffSaves\\11_12_2020","Size":"1633524894","Duration":"6391","EncryptDuration":"-1"}
{"Date":"19:25:41","Name":"autreNom","Source":"D:\\after fx projects","Target":"D:\\testsave\\diff\\after fx projects\\DiffSaves\\11_12_2020","Size":"1633524894","Duration":"6412","EncryptDuration":"-1"}
{"Date":"19:25:41","Name":"autreNom","Source":"D:\\after fx projects","Target":"D:\\testsave\\diff\\after fx projects\\DiffSaves\\11_12_2020","Size":"1633524894","Duration":"6423","EncryptDuration":"-1"}
{"Date":"19:25:41","Name":"autreNom","Source":"D:\\after fx projects","Target":"D:\\testsave\\diff\\after fx projects\\DiffSaves\\11_12_2020","Size":"1633524894","Duration":"6509","EncryptDuration":"-1"}
{"Date":"19:25:41","Name":"autreNom","Source":"D:\\after fx projects","Target":"D:\\testsave\\diff\\after fx projects\\DiffSaves\\11_12_2020","Size":"1633524894","Duration":"6624","EncryptDuration":"-1"}
{"Date":"19:25:41","Name":"autreNom","Source":"D:\\after fx projects","Target":"D:\\testsave\\diff\\after fx projects\\DiffSaves\\11_12_2020","Size":"1633524894","Duration":"6701","EncryptDuration":"-1"}
{"Date":"19:25:41","Name":"autreNom","Source":"D:\\after fx projects","Target":"D:\\testsave\\diff\\after fx projects\\DiffSaves\\11_12_2020","Size":"1633524894","Duration":"6774","EncryptDuration":"-1"}
{"Date":"19:25:41","Name":"autreNom","Source":"D:\\after fx projects","Target":"D:\\testsave\\diff\\after fx projects\\DiffSaves\\11_12_2020","Size":"1633524894","Duration":"6875","EncryptDuration":"-1"}
{"Date":"19:25:41","Name":"autreNom","Source":"D:\\after fx projects","Target":"D:\\testsave\\diff\\after fx projects\\DiffSaves\\11_12_2020","Size":"1633524894","Duration":"7029","EncryptDuration":"-1"}
{"Date":"19:25:41","Name":"autreNom","Source":"D:\\after fx projects","Target":"D:\\testsave\\diff\\after fx projects\\DiffSaves\\11_12_2020","Size":"1633524894","Duration":"7047","EncryptDuration":"-1"}
{"Date":"19:25:41","Name":"autreNom","Source":"D:\\after fx projects","Target":"D:\\testsave\\diff\\after fx projects\\DiffSaves\\11_12_2020","Size":"1633524894","Duration":"9581","EncryptDuration":"-1"}
{"Date":"19:25:41","Name":"autreNom","Source":"D:\\after fx projects","Target":"D:\\testsave\\diff\\after fx projects\\DiffSaves\\11_12_2020","Size":"1633524894","Duration":"15744","EncryptDuration":"-1"}
{"Date":"19:25:41","Name":"autreNom","Source":"D:\\after fx projects","Target":"D:\\testsave\\diff\\after fx projects\\DiffSaves\\11_12_2020","Size":"1633524894","Duration":"15834","EncryptDuration":"-1"}
{"Date":"19:25:41","Name":"autreNom","Source":"D:\\after fx projects","Target":"D:\\testsave\\diff\\after fx projects\\DiffSaves\\11_12_2020","Size":"1633524894","Duration":"16104","EncryptDuration":"-1"}
{"Date":"19:25:41","Name":"autreNom","Source":"D:\\after fx projects","Target":"D:\\testsave\\diff\\after fx projects\\DiffSaves\\11_12_2020","Size":"1633524894","Duration":"16306","EncryptDuration":"-1"}
{"Date":"19:25:41","Name":"autreNom","Source":"D:\\after fx projects","Target":"D:\\testsave\\diff\\after fx projects\\DiffSaves\\11_12_2020","Size":"1633524894","Duration":"16497","EncryptDuration":"-1"}
{"Date":"19:25:41","Name":"autreNom","Source":"D:\\after fx projects","Target":"D:\\testsave\\diff\\after fx projects\\DiffSaves\\11_12_2020","Size":"1633524894","Duration":"17026","EncryptDuration":"-1"}
{"Date":"19:25:41","Name":"autreNom","Source":"D:\\after fx projects","Target":"D:\\testsave\\diff\\after fx projects\\DiffSaves\\11_12_2020","Size":"1633524894","Duration":"17122","EncryptDuration":"-1"}
{"Date":"19:25:41","Name":"autreNom","Source":"D:\\after fx projects","Target":"D:\\testsave\\diff\\after fx projects\\DiffSaves\\11_12_2020","Size":"1633524894","Duration":"17207","EncryptDuration":"-1"}
{"Date":"19:25:41","Name":"autreNom","Source":"D:\\after fx projects","Target":"D:\\testsave\\diff\\after fx projects\\DiffSaves\\11_12_2020","Size":"1633524894","Duration":"17214","EncryptDuration":"-1"}
{"Date":"19:26:48","Name":"autreNom","Source":"D:\\after fx projects","Target":"D:\\testsave\\diff\\after fx projects\\FullSaves","Size":"1633524894","Duration":"3737","EncryptDuration":"-1"}
{"Date":"19:26:48","Name":"autreNom","Source":"D:\\after fx projects","Target":"D:\\testsave\\diff\\after fx projects\\FullSaves","Size":"1633524894","Duration":"3789","EncryptDuration":"-1"}
{"Date":"19:26:48","Name":"autreNom","Source":"D:\\after fx projects","Target":"D:\\testsave\\diff\\after fx projects\\FullSaves","Size":"1633524894","Duration":"3798","EncryptDuration":"-1"}
{"Date":"19:26:48","Name":"autreNom","Source":"D:\\after fx projects","Target":"D:\\testsave\\diff\\after fx projects\\FullSaves","Size":"1633524894","Duration":"3811","EncryptDuration":"-1"}
{"Date":"19:26:48","Name":"autreNom","Source":"D:\\after fx projects","Target":"D:\\testsave\\diff\\after fx projects\\FullSaves","Size":"1633524894","Duration":"3819","EncryptDuration":"-1"}
{"Date":"19:26:48","Name":"autreNom","Source":"D:\\after fx projects","Target":"D:\\testsave\\diff\\after fx projects\\FullSaves","Size":"1633524894","Duration":"3827","EncryptDuration":"-1"}
{"Date":"19:26:48","Name":"autreNom","Source":"D:\\after fx projects","Target":"D:\\testsave\\diff\\after fx projects\\FullSaves","Size":"1633524894","Duration":"3835","EncryptDuration":"-1"}
{"Date":"19:26:48","Name":"autreNom","Source":"D:\\after fx projects","Target":"D:\\testsave\\diff\\after fx projects\\FullSaves","Size":"1633524894","Duration":"3885","EncryptDuration":"-1"}
{"Date":"19:26:48","Name":"autreNom","Source":"D:\\after fx projects","Target":"D:\\testsave\\diff\\after fx projects\\FullSaves","Size":"1633524894","Duration":"3936","EncryptDuration":"-1"}
{"Date":"19:26:48","Name":"autreNom","Source":"D:\\after fx projects","Target":"D:\\testsave\\diff\\after fx projects\\FullSaves","Size":"1633524894","Duration":"4023","EncryptDuration":"-1"}
{"Date":"19:26:48","Name":"autreNom","Source":"D:\\after fx projects","Target":"D:\\testsave\\diff\\after fx projects\\FullSaves","Size":"1633524894","Duration":"4040","EncryptDuration":"-1"}
{"Date":"19:26:48","Name":"autreNom","Source":"D:\\after fx projects","Target":"D:\\testsave\\diff\\after fx projects\\FullSaves","Size":"1633524894","Duration":"4055","EncryptDuration":"-1"}
{"Date":"19:26:48","Name":"autreNom","Source":"D:\\after fx projects","Target":"D:\\testsave\\diff\\after fx projects\\FullSaves","Size":"1633524894","Duration":"4067","EncryptDuration":"-1"}
{"Date":"19:26:48","Name":"autreNom","Source":"D:\\after fx projects","Target":"D:\\testsave\\diff\\after fx projects\\FullSaves","Size":"1633524894","Duration":"4077","EncryptDuration":"-1"}
{"Date":"19:26:48","Name":"autreNom","Source":"D:\\after fx projects","Target":"D:\\testsave\\diff\\after fx projects\\FullSaves","Size":"1633524894","Duration":"4095","EncryptDuration":"-1"}
{"Date":"19:26:48","Name":"autreNom","Source":"D:\\after fx projects","Target":"D:\\testsave\\diff\\after fx projects\\FullSaves","Size":"1633524894","Duration":"4199","EncryptDuration":"-1"}
{"Date":"19:26:48","Name":"autreNom","Source":"D:\\after fx projects","Target":"D:\\testsave\\diff\\after fx projects\\FullSaves","Size":"1633524894","Duration":"4212","EncryptDuration":"-1"}
{"Date":"19:26:48","Name":"autreNom","Source":"D:\\after fx projects","Target":"D:\\testsave\\diff\\after fx projects\\FullSaves","Size":"1633524894","Duration":"4230","EncryptDuration":"-1"}
{"Date":"19:26:48","Name":"autreNom","Source":"D:\\after fx projects","Target":"D:\\testsave\\diff\\after fx projects\\FullSaves","Size":"1633524894","Duration":"4237","EncryptDuration":"-1"}
{"Date":"19:26:48","Name":"autreNom","Source":"D:\\after fx projects","Target":"D:\\testsave\\diff\\after fx projects\\FullSaves","Size":"1633524894","Duration":"4246","EncryptDuration":"-1"}
{"Date":"19:26:48","Name":"autreNom","Source":"D:\\after fx projects","Target":"D:\\testsave\\diff\\after fx projects\\FullSaves","Size":"1633524894","Duration":"4259","EncryptDuration":"-1"}
{"Date":"19:26:48","Name":"autreNom","Source":"D:\\after fx projects","Target":"D:\\testsave\\diff\\after fx projects\\FullSaves","Size":"1633524894","Duration":"4267","EncryptDuration":"-1"}
{"Date":"19:26:48","Name":"autreNom","Source":"D:\\after fx projects","Target":"D:\\testsave\\diff\\after fx projects\\FullSaves","Size":"1633524894","Duration":"4275","EncryptDuration":"-1"}
{"Date":"19:26:48","Name":"autreNom","Source":"D:\\after fx projects","Target":"D:\\testsave\\diff\\after fx projects\\FullSaves","Size":"1633524894","Duration":"4287","EncryptDuration":"-1"}
{"Date":"19:26:48","Name":"autreNom","Source":"D:\\after fx projects","Target":"D:\\testsave\\diff\\after fx projects\\FullSaves","Size":"1633524894","Duration":"4306","EncryptDuration":"-1"}
{"Date":"19:26:48","Name":"autreNom","Source":"D:\\after fx projects","Target":"D:\\testsave\\diff\\after fx projects\\FullSaves","Size":"1633524894","Duration":"4321","EncryptDuration":"-1"}
{"Date":"19:26:48","Name":"autreNom","Source":"D:\\after fx projects","Target":"D:\\testsave\\diff\\after fx projects\\FullSaves","Size":"1633524894","Duration":"4335","EncryptDuration":"-1"}
{"Date":"19:26:48","Name":"autreNom","Source":"D:\\after fx projects","Target":"D:\\testsave\\diff\\after fx projects\\FullSaves","Size":"1633524894","Duration":"4349","EncryptDuration":"-1"}
{"Date":"19:26:48","Name":"autreNom","Source":"D:\\after fx projects","Target":"D:\\testsave\\diff\\after fx projects\\FullSaves","Size":"1633524894","Duration":"4365","EncryptDuration":"-1"}
{"Date":"19:26:48","Name":"autreNom","Source":"D:\\after fx projects","Target":"D:\\testsave\\diff\\after fx projects\\FullSaves","Size":"1633524894","Duration":"4380","EncryptDuration":"-1"}
{"Date":"19:26:48","Name":"autreNom","Source":"D:\\after fx projects","Target":"D:\\testsave\\diff\\after fx projects\\FullSaves","Size":"1633524894","Duration":"4387","EncryptDuration":"-1"}
{"Date":"19:26:48","Name":"autreNom","Source":"D:\\after fx projects","Target":"D:\\testsave\\diff\\after fx projects\\FullSaves","Size":"1633524894","Duration":"4694","EncryptDuration":"-1"}
{"Date":"19:26:48","Name":"autreNom","Source":"D:\\after fx projects","Target":"D:\\testsave\\diff\\after fx projects\\FullSaves","Size":"1633524894","Duration":"6883","EncryptDuration":"-1"}
{"Date":"19:26:48","Name":"autreNom","Source":"D:\\after fx projects","Target":"D:\\testsave\\diff\\after fx projects\\FullSaves","Size":"1633524894","Duration":"7060","EncryptDuration":"-1"}
{"Date":"19:26:48","Name":"autreNom","Source":"D:\\after fx projects","Target":"D:\\testsave\\diff\\after fx projects\\FullSaves","Size":"1633524894","Duration":"7093","EncryptDuration":"-1"}
{"Date":"19:26:48","Name":"autreNom","Source":"D:\\after fx projects","Target":"D:\\testsave\\diff\\after fx projects\\FullSaves","Size":"1633524894","Duration":"7741","EncryptDuration":"-1"}
{"Date":"19:26:48","Name":"autreNom","Source":"D:\\after fx projects","Target":"D:\\testsave\\diff\\after fx projects\\FullSaves","Size":"1633524894","Duration":"7759","EncryptDuration":"-1"}
{"Date":"19:26:48","Name":"autreNom","Source":"D:\\after fx projects","Target":"D:\\testsave\\diff\\after fx projects\\FullSaves","Size":"1633524894","Duration":"7818","EncryptDuration":"-1"}
{"Date":"19:26:48","Name":"autreNom","Source":"D:\\after fx projects","Target":"D:\\testsave\\diff\\after fx projects\\FullSaves","Size":"1633524894","Duration":"7870","EncryptDuration":"-1"}
{"Date":"19:26:48","Name":"autreNom","Source":"D:\\after fx projects","Target":"D:\\testsave\\diff\\after fx projects\\FullSaves","Size":"1633524894","Duration":"7886","EncryptDuration":"-1"}
{"Date":"19:26:48","Name":"autreNom","Source":"D:\\after fx projects","Target":"D:\\testsave\\diff\\after fx projects\\FullSaves","Size":"1633524894","Duration":"7894","EncryptDuration":"-1"}
{"Date":"19:30:24","Name":"autreNom","Source":"D:\\after fx projects","Target":"D:\\testsave\\diff\\after fx projects\\DiffSaves\\11_12_2020","Size":"1633524894","Duration":"10273","EncryptDuration":"202"}
{"Date":"19:30:24","Name":"autreNom","Source":"D:\\after fx projects","Target":"D:\\testsave\\diff\\after fx projects\\DiffSaves\\11_12_2020","Size":"1633524894","Duration":"10356","EncryptDuration":"202"}
{"Date":"19:30:24","Name":"autreNom","Source":"D:\\after fx projects","Target":"D:\\testsave\\diff\\after fx projects\\DiffSaves\\11_12_2020","Size":"1633524894","Duration":"10462","EncryptDuration":"96"}
{"Date":"19:30:24","Name":"autreNom","Source":"D:\\after fx projects","Target":"D:\\testsave\\diff\\after fx projects\\DiffSaves\\11_12_2020","Size":"1633524894","Duration":"10570","EncryptDuration":"98"}
{"Date":"19:30:24","Name":"autreNom","Source":"D:\\after fx projects","Target":"D:\\testsave\\diff\\after fx projects\\DiffSaves\\11_12_2020","Size":"1633524894","Duration":"10580","EncryptDuration":"98"}
{"Date":"19:30:24","Name":"autreNom","Source":"D:\\after fx projects","Target":"D:\\testsave\\diff\\after fx projects\\DiffSaves\\11_12_2020","Size":"1633524894","Duration":"10591","EncryptDuration":"98"}
{"Date":"19:30:24","Name":"autreNom","Source":"D:\\after fx projects","Target":"D:\\testsave\\diff\\after fx projects\\DiffSaves\\11_12_2020","Size":"1633524894","Duration":"10696","EncryptDuration":"96"}
{"Date":"19:30:24","Name":"autreNom","Source":"D:\\after fx projects","Target":"D:\\testsave\\diff\\after fx projects\\DiffSaves\\11_12_2020","Size":"1633524894","Duration":"10796","EncryptDuration":"96"}
{"Date":"19:30:24","Name":"autreNom","Source":"D:\\after fx projects","Target":"D:\\testsave\\diff\\after fx projects\\DiffSaves\\11_12_2020","Size":"1633524894","Duration":"10909","EncryptDuration":"96"}
{"Date":"19:30:24","Name":"autreNom","Source":"D:\\after fx projects","Target":"D:\\testsave\\diff\\after fx projects\\DiffSaves\\11_12_2020","Size":"1633524894","Duration":"11082","EncryptDuration":"96"}
{"Date":"19:30:24","Name":"autreNom","Source":"D:\\after fx projects","Target":"D:\\testsave\\diff\\after fx projects\\DiffSaves\\11_12_2020","Size":"1633524894","Duration":"11124","EncryptDuration":"96"}
{"Date":"19:30:24","Name":"autreNom","Source":"D:\\after fx projects","Target":"D:\\testsave\\diff\\after fx projects\\DiffSaves\\11_12_2020","Size":"1633524894","Duration":"11147","EncryptDuration":"96"}
{"Date":"19:30:24","Name":"autreNom","Source":"D:\\after fx projects","Target":"D:\\testsave\\diff\\after fx projects\\DiffSaves\\11_12_2020","Size":"1633524894","Duration":"11162","EncryptDuration":"96"}
{"Date":"19:30:24","Name":"autreNom","Source":"D:\\after fx projects","Target":"D:\\testsave\\diff\\after fx projects\\DiffSaves\\11_12_2020","Size":"1633524894","Duration":"11177","EncryptDuration":"96"}
{"Date":"19:30:24","Name":"autreNom","Source":"D:\\after fx projects","Target":"D:\\testsave\\diff\\after fx projects\\DiffSaves\\11_12_2020","Size":"1633524894","Duration":"11202","EncryptDuration":"96"}
{"Date":"19:30:24","Name":"autreNom","Source":"D:\\after fx projects","Target":"D:\\testsave\\diff\\after fx projects\\DiffSaves\\11_12_2020","Size":"1633524894","Duration":"11388","EncryptDuration":"96"}
{"Date":"19:30:24","Name":"autreNom","Source":"D:\\after fx projects","Target":"D:\\testsave\\diff\\after fx projects\\DiffSaves\\11_12_2020","Size":"1633524894","Duration":"11402","EncryptDuration":"96"}
{"Date":"19:30:24","Name":"autreNom","Source":"D:\\after fx projects","Target":"D:\\testsave\\diff\\after fx projects\\DiffSaves\\11_12_2020","Size":"1633524894","Duration":"11415","EncryptDuration":"96"}
{"Date":"19:30:24","Name":"autreNom","Source":"D:\\after fx projects","Target":"D:\\testsave\\diff\\after fx projects\\DiffSaves\\11_12_2020","Size":"1633524894","Duration":"11523","EncryptDuration":"95"}
{"Date":"19:30:24","Name":"autreNom","Source":"D:\\after fx projects","Target":"D:\\testsave\\diff\\after fx projects\\DiffSaves\\11_12_2020","Size":"1633524894","Duration":"11630","EncryptDuration":"97"}
{"Date":"19:30:24","Name":"autreNom","Source":"D:\\after fx projects","Target":"D:\\testsave\\diff\\after fx projects\\DiffSaves\\11_12_2020","Size":"1633524894","Duration":"11735","EncryptDuration":"96"}
{"Date":"19:30:24","Name":"autreNom","Source":"D:\\after fx projects","Target":"D:\\testsave\\diff\\after fx projects\\DiffSaves\\11_12_2020","Size":"1633524894","Duration":"11747","EncryptDuration":"96"}
{"Date":"19:30:24","Name":"autreNom","Source":"D:\\after fx projects","Target":"D:\\testsave\\diff\\after fx projects\\DiffSaves\\11_12_2020","Size":"1633524894","Duration":"11854","EncryptDuration":"98"}
{"Date":"19:30:24","Name":"autreNom","Source":"D:\\after fx projects","Target":"D:\\testsave\\diff\\after fx projects\\DiffSaves\\11_12_2020","Size":"1633524894","Duration":"12076","EncryptDuration":"97"}
{"Date":"19:30:24","Name":"autreNom","Source":"D:\\after fx projects","Target":"D:\\testsave\\diff\\after fx projects\\DiffSaves\\11_12_2020","Size":"1633524894","Duration":"12099","EncryptDuration":"97"}
{"Date":"19:30:24","Name":"autreNom","Source":"D:\\after fx projects","Target":"D:\\testsave\\diff\\after fx projects\\DiffSaves\\11_12_2020","Size":"1633524894","Duration":"12124","EncryptDuration":"97"}
{"Date":"19:30:24","Name":"autreNom","Source":"D:\\after fx projects","Target":"D:\\testsave\\diff\\after fx projects\\DiffSaves\\11_12_2020","Size":"1633524894","Duration":"12149","EncryptDuration":"97"}
{"Date":"19:30:24","Name":"autreNom","Source":"D:\\after fx projects","Target":"D:\\testsave\\diff\\after fx projects\\DiffSaves\\11_12_2020","Size":"1633524894","Duration":"12175","EncryptDuration":"97"}
{"Date":"19:30:24","Name":"autreNom","Source":"D:\\after fx projects","Target":"D:\\testsave\\diff\\after fx projects\\DiffSaves\\11_12_2020","Size":"1633524894","Duration":"12206","EncryptDuration":"97"}
{"Date":"19:30:24","Name":"autreNom","Source":"D:\\after fx projects","Target":"D:\\testsave\\diff\\after fx projects\\DiffSaves\\11_12_2020","Size":"1633524894","Duration":"12233","EncryptDuration":"97"}
{"Date":"19:30:24","Name":"autreNom","Source":"D:\\after fx projects","Target":"D:\\testsave\\diff\\after fx projects\\DiffSaves\\11_12_2020","Size":"1633524894","Duration":"12240","EncryptDuration":"97"}
{"Date":"19:30:24","Name":"autreNom","Source":"D:\\after fx projects","Target":"D:\\testsave\\diff\\after fx projects\\DiffSaves\\11_12_2020","Size":"1633524894","Duration":"12948","EncryptDuration":"97"}
{"Date":"19:30:24","Name":"autreNom","Source":"D:\\after fx projects","Target":"D:\\testsave\\diff\\after fx projects\\DiffSaves\\11_12_2020","Size":"1633524894","Duration":"16316","EncryptDuration":"97"}
{"Date":"19:30:24","Name":"autreNom","Source":"D:\\after fx projects","Target":"D:\\testsave\\diff\\after fx projects\\DiffSaves\\11_12_2020","Size":"1633524894","Duration":"16337","EncryptDuration":"97"}
{"Date":"19:30:24","Name":"autreNom","Source":"D:\\after fx projects","Target":"D:\\testsave\\diff\\after fx projects\\DiffSaves\\11_12_2020","Size":"1633524894","Duration":"16386","EncryptDuration":"97"}
{"Date":"19:30:24","Name":"autreNom","Source":"D:\\after fx projects","Target":"D:\\testsave\\diff\\after fx projects\\DiffSaves\\11_12_2020","Size":"1633524894","Duration":"16587","EncryptDuration":"97"}
{"Date":"19:30:24","Name":"autreNom","Source":"D:\\after fx projects","Target":"D:\\testsave\\diff\\after fx projects\\DiffSaves\\11_12_2020","Size":"1633524894","Duration":"16612","EncryptDuration":"97"}
{"Date":"19:30:24","Name":"autreNom","Source":"D:\\after fx projects","Target":"D:\\testsave\\diff\\after fx projects\\DiffSaves\\11_12_2020","Size":"1633524894","Duration":"16662","EncryptDuration":"97"}
{"Date":"19:30:24","Name":"autreNom","Source":"D:\\after fx projects","Target":"D:\\testsave\\diff\\after fx projects\\DiffSaves\\11_12_2020","Size":"1633524894","Duration":"16841","EncryptDuration":"97"}
{"Date":"19:30:24","Name":"autreNom","Source":"D:\\after fx projects","Target":"D:\\testsave\\diff\\after fx projects\\DiffSaves\\11_12_2020","Size":"1633524894","Duration":"16866","EncryptDuration":"97"}
{"Date":"19:30:24","Name":"autreNom","Source":"D:\\after fx projects","Target":"D:\\testsave\\diff\\after fx projects\\DiffSaves\\11_12_2020","Size":"1633524894","Duration":"16873","EncryptDuration":"97"}
{"Date":"19:31:35","Name":"autreNom","Source":"D:\\after fx projects","Target":"D:\\testsave\\diff\\after fx projects\\FullSaves","Size":"1633524894","Duration":"16873","EncryptDuration":"98"}
{"Date":"19:31:35","Name":"autreNom","Source":"D:\\after fx projects","Target":"D:\\testsave\\diff\\after fx projects\\FullSaves","Size":"1633524894","Duration":"16873","EncryptDuration":"98"}
{"Date":"19:31:35","Name":"autreNom","Source":"D:\\after fx projects","Target":"D:\\testsave\\diff\\after fx projects\\FullSaves","Size":"1633524894","Duration":"16873","EncryptDuration":"96"}
{"Date":"19:31:35","Name":"autreNom","Source":"D:\\after fx projects","Target":"D:\\testsave\\diff\\after fx projects\\FullSaves","Size":"1633524894","Duration":"16873","EncryptDuration":"97"}
{"Date":"19:31:35","Name":"autreNom","Source":"D:\\after fx projects","Target":"D:\\testsave\\diff\\after fx projects\\FullSaves","Size":"1633524894","Duration":"16873","EncryptDuration":"97"}
{"Date":"19:31:35","Name":"autreNom","Source":"D:\\after fx projects","Target":"D:\\testsave\\diff\\after fx projects\\FullSaves","Size":"1633524894","Duration":"16873","EncryptDuration":"97"}
{"Date":"19:31:35","Name":"autreNom","Source":"D:\\after fx projects","Target":"D:\\testsave\\diff\\after fx projects\\FullSaves","Size":"1633524894","Duration":"16873","EncryptDuration":"98"}
{"Date":"19:31:35","Name":"autreNom","Source":"D:\\after fx projects","Target":"D:\\testsave\\diff\\after fx projects\\FullSaves","Size":"1633524894","Duration":"16873","EncryptDuration":"98"}
{"Date":"19:31:35","Name":"autreNom","Source":"D:\\after fx projects","Target":"D:\\testsave\\diff\\after fx projects\\FullSaves","Size":"1633524894","Duration":"16873","EncryptDuration":"98"}
{"Date":"19:31:35","Name":"autreNom","Source":"D:\\after fx projects","Target":"D:\\testsave\\diff\\after fx projects\\FullSaves","Size":"1633524894","Duration":"16873","EncryptDuration":"98"}
{"Date":"19:31:35","Name":"autreNom","Source":"D:\\after fx projects","Target":"D:\\testsave\\diff\\after fx projects\\FullSaves","Size":"1633524894","Duration":"16873","EncryptDuration":"98"}
{"Date":"19:31:35","Name":"autreNom","Source":"D:\\after fx projects","Target":"D:\\testsave\\diff\\after fx projects\\FullSaves","Size":"1633524894","Duration":"16873","EncryptDuration":"98"}
{"Date":"19:31:35","Name":"autreNom","Source":"D:\\after fx projects","Target":"D:\\testsave\\diff\\after fx projects\\FullSaves","Size":"1633524894","Duration":"16873","EncryptDuration":"98"}
{"Date":"19:31:35","Name":"autreNom","Source":"D:\\after fx projects","Target":"D:\\testsave\\diff\\after fx projects\\FullSaves","Size":"1633524894","Duration":"16873","EncryptDuration":"98"}
{"Date":"19:31:35","Name":"autreNom","Source":"D:\\after fx projects","Target":"D:\\testsave\\diff\\after fx projects\\FullSaves","Size":"1633524894","Duration":"16873","EncryptDuration":"98"}
{"Date":"19:31:35","Name":"autreNom","Source":"D:\\after fx projects","Target":"D:\\testsave\\diff\\after fx projects\\FullSaves","Size":"1633524894","Duration":"16873","EncryptDuration":"98"}
{"Date":"19:31:35","Name":"autreNom","Source":"D:\\after fx projects","Target":"D:\\testsave\\diff\\after fx projects\\FullSaves","Size":"1633524894","Duration":"16873","EncryptDuration":"98"}
{"Date":"19:31:35","Name":"autreNom","Source":"D:\\after fx projects","Target":"D:\\testsave\\diff\\after fx projects\\FullSaves","Size":"1633524894","Duration":"16873","EncryptDuration":"98"}
{"Date":"19:31:35","Name":"autreNom","Source":"D:\\after fx projects","Target":"D:\\testsave\\diff\\after fx projects\\FullSaves","Size":"1633524894","Duration":"16873","EncryptDuration":"103"}
{"Date":"19:31:35","Name":"autreNom","Source":"D:\\after fx projects","Target":"D:\\testsave\\diff\\after fx projects\\FullSaves","Size":"1633524894","Duration":"16873","EncryptDuration":"99"}
{"Date":"19:31:35","Name":"autreNom","Source":"D:\\after fx projects","Target":"D:\\testsave\\diff\\after fx projects\\FullSaves","Size":"1633524894","Duration":"16873","EncryptDuration":"100"}
{"Date":"19:31:35","Name":"autreNom","Source":"D:\\after fx projects","Target":"D:\\testsave\\diff\\after fx projects\\FullSaves","Size":"1633524894","Duration":"16873","EncryptDuration":"100"}
{"Date":"19:31:35","Name":"autreNom","Source":"D:\\after fx projects","Target":"D:\\testsave\\diff\\after fx projects\\FullSaves","Size":"1633524894","Duration":"16873","EncryptDuration":"106"}
{"Date":"19:31:35","Name":"autreNom","Source":"D:\\after fx projects","Target":"D:\\testsave\\diff\\after fx projects\\FullSaves","Size":"1633524894","Duration":"16873","EncryptDuration":"102"}
{"Date":"19:31:35","Name":"autreNom","Source":"D:\\after fx projects","Target":"D:\\testsave\\diff\\after fx projects\\FullSaves","Size":"1633524894","Duration":"16873","EncryptDuration":"102"}
{"Date":"19:31:35","Name":"autreNom","Source":"D:\\after fx projects","Target":"D:\\testsave\\diff\\after fx projects\\FullSaves","Size":"1633524894","Duration":"16873","EncryptDuration":"102"}
{"Date":"19:31:35","Name":"autreNom","Source":"D:\\after fx projects","Target":"D:\\testsave\\diff\\after fx projects\\FullSaves","Size":"1633524894","Duration":"16873","EncryptDuration":"102"}
{"Date":"19:31:35","Name":"autreNom","Source":"D:\\after fx projects","Target":"D:\\testsave\\diff\\after fx projects\\FullSaves","Size":"1633524894","Duration":"16873","EncryptDuration":"102"}
{"Date":"19:31:35","Name":"autreNom","Source":"D:\\after fx projects","Target":"D:\\testsave\\diff\\after fx projects\\FullSaves","Size":"1633524894","Duration":"16873","EncryptDuration":"102"}
{"Date":"19:31:35","Name":"autreNom","Source":"D:\\after fx projects","Target":"D:\\testsave\\diff\\after fx projects\\FullSaves","Size":"1633524894","Duration":"16873","EncryptDuration":"102"}
{"Date":"19:31:35","Name":"autreNom","Source":"D:\\after fx projects","Target":"D:\\testsave\\diff\\after fx projects\\FullSaves","Size":"1633524894","Duration":"16873","EncryptDuration":"102"}
{"Date":"19:31:35","Name":"autreNom","Source":"D:\\after fx projects","Target":"D:\\testsave\\diff\\after fx projects\\FullSaves","Size":"1633524894","Duration":"16873","EncryptDuration":"102"}
{"Date":"19:31:35","Name":"autreNom","Source":"D:\\after fx projects","Target":"D:\\testsave\\diff\\after fx projects\\FullSaves","Size":"1633524894","Duration":"16873","EncryptDuration":"102"}
{"Date":"19:31:35","Name":"autreNom","Source":"D:\\after fx projects","Target":"D:\\testsave\\diff\\after fx projects\\FullSaves","Size":"1633524894","Duration":"16873","EncryptDuration":"102"}
{"Date":"19:31:35","Name":"autreNom","Source":"D:\\after fx projects","Target":"D:\\testsave\\diff\\after fx projects\\FullSaves","Size":"1633524894","Duration":"16873","EncryptDuration":"102"}
{"Date":"19:31:35","Name":"autreNom","Source":"D:\\after fx projects","Target":"D:\\testsave\\diff\\after fx projects\\FullSaves","Size":"1633524894","Duration":"16873","EncryptDuration":"102"}
{"Date":"19:31:35","Name":"autreNom","Source":"D:\\after fx projects","Target":"D:\\testsave\\diff\\after fx projects\\FullSaves","Size":"1633524894","Duration":"16873","EncryptDuration":"102"}
{"Date":"19:31:35","Name":"autreNom","Source":"D:\\after fx projects","Target":"D:\\testsave\\diff\\after fx projects\\FullSaves","Size":"1633524894","Duration":"16873","EncryptDuration":"102"}
{"Date":"19:31:35","Name":"autreNom","Source":"D:\\after fx projects","Target":"D:\\testsave\\diff\\after fx projects\\FullSaves","Size":"1633524894","Duration":"16873","EncryptDuration":"102"}
{"Date":"19:31:35","Name":"autreNom","Source":"D:\\after fx projects","Target":"D:\\testsave\\diff\\after fx projects\\FullSaves","Size":"1633524894","Duration":"16873","EncryptDuration":"102"}
{"Date":"19:31:35","Name":"autreNom","Source":"D:\\after fx projects","Target":"D:\\testsave\\diff\\after fx projects\\FullSaves","Size":"1633524894","Duration":"16873","EncryptDuration":"102"}
{"Date":"19:32:43","Name":"autreNom","Source":"D:\\after fx projects","Target":"D:\\testsave\\diff\\after fx projects\\DiffSaves\\11_12_2020","Size":"1633524894","Duration":"3497","EncryptDuration":"-1"}
{"Date":"19:32:43","Name":"autreNom","Source":"D:\\after fx projects","Target":"D:\\testsave\\diff\\after fx projects\\DiffSaves\\11_12_2020","Size":"1633524894","Duration":"3549","EncryptDuration":"-1"}
{"Date":"19:32:43","Name":"autreNom","Source":"D:\\after fx projects","Target":"D:\\testsave\\diff\\after fx projects\\DiffSaves\\11_12_2020","Size":"1633524894","Duration":"3559","EncryptDuration":"-1"}
{"Date":"19:32:43","Name":"autreNom","Source":"D:\\after fx projects","Target":"D:\\testsave\\diff\\after fx projects\\DiffSaves\\11_12_2020","Size":"1633524894","Duration":"3572","EncryptDuration":"-1"}
{"Date":"19:32:43","Name":"autreNom","Source":"D:\\after fx projects","Target":"D:\\testsave\\diff\\after fx projects\\DiffSaves\\11_12_2020","Size":"1633524894","Duration":"3580","EncryptDuration":"-1"}
{"Date":"19:32:43","Name":"autreNom","Source":"D:\\after fx projects","Target":"D:\\testsave\\diff\\after fx projects\\DiffSaves\\11_12_2020","Size":"1633524894","Duration":"3589","EncryptDuration":"-1"}
{"Date":"19:32:43","Name":"autreNom","Source":"D:\\after fx projects","Target":"D:\\testsave\\diff\\after fx projects\\DiffSaves\\11_12_2020","Size":"1633524894","Duration":"3597","EncryptDuration":"-1"}
{"Date":"19:32:43","Name":"autreNom","Source":"D:\\after fx projects","Target":"D:\\testsave\\diff\\after fx projects\\DiffSaves\\11_12_2020","Size":"1633524894","Duration":"3646","EncryptDuration":"-1"}
{"Date":"19:32:43","Name":"autreNom","Source":"D:\\after fx projects","Target":"D:\\testsave\\diff\\after fx projects\\DiffSaves\\11_12_2020","Size":"1633524894","Duration":"3699","EncryptDuration":"-1"}
{"Date":"19:32:43","Name":"autreNom","Source":"D:\\after fx projects","Target":"D:\\testsave\\diff\\after fx projects\\DiffSaves\\11_12_2020","Size":"1633524894","Duration":"3791","EncryptDuration":"-1"}
{"Date":"19:32:43","Name":"autreNom","Source":"D:\\after fx projects","Target":"D:\\testsave\\diff\\after fx projects\\DiffSaves\\11_12_2020","Size":"1633524894","Duration":"3809","EncryptDuration":"-1"}
{"Date":"19:32:43","Name":"autreNom","Source":"D:\\after fx projects","Target":"D:\\testsave\\diff\\after fx projects\\DiffSaves\\11_12_2020","Size":"1633524894","Duration":"3825","EncryptDuration":"-1"}
{"Date":"19:32:43","Name":"autreNom","Source":"D:\\after fx projects","Target":"D:\\testsave\\diff\\after fx projects\\DiffSaves\\11_12_2020","Size":"1633524894","Duration":"3838","EncryptDuration":"-1"}
{"Date":"19:32:43","Name":"autreNom","Source":"D:\\after fx projects","Target":"D:\\testsave\\diff\\after fx projects\\DiffSaves\\11_12_2020","Size":"1633524894","Duration":"3849","EncryptDuration":"-1"}
{"Date":"19:32:43","Name":"autreNom","Source":"D:\\after fx projects","Target":"D:\\testsave\\diff\\after fx projects\\DiffSaves\\11_12_2020","Size":"1633524894","Duration":"3866","EncryptDuration":"-1"}
{"Date":"19:32:43","Name":"autreNom","Source":"D:\\after fx projects","Target":"D:\\testsave\\diff\\after fx projects\\DiffSaves\\11_12_2020","Size":"1633524894","Duration":"3972","EncryptDuration":"-1"}
{"Date":"19:32:43","Name":"autreNom","Source":"D:\\after fx projects","Target":"D:\\testsave\\diff\\after fx projects\\DiffSaves\\11_12_2020","Size":"1633524894","Duration":"3991","EncryptDuration":"-1"}
{"Date":"19:32:43","Name":"autreNom","Source":"D:\\after fx projects","Target":"D:\\testsave\\diff\\after fx projects\\DiffSaves\\11_12_2020","Size":"1633524894","Duration":"4006","EncryptDuration":"-1"}
{"Date":"19:32:43","Name":"autreNom","Source":"D:\\after fx projects","Target":"D:\\testsave\\diff\\after fx projects\\DiffSaves\\11_12_2020","Size":"1633524894","Duration":"4020","EncryptDuration":"-1"}
{"Date":"19:32:43","Name":"autreNom","Source":"D:\\after fx projects","Target":"D:\\testsave\\diff\\after fx projects\\DiffSaves\\11_12_2020","Size":"1633524894","Duration":"4027","EncryptDuration":"-1"}
{"Date":"19:32:43","Name":"autreNom","Source":"D:\\after fx projects","Target":"D:\\testsave\\diff\\after fx projects\\DiffSaves\\11_12_2020","Size":"1633524894","Duration":"4041","EncryptDuration":"-1"}
{"Date":"19:32:43","Name":"autreNom","Source":"D:\\after fx projects","Target":"D:\\testsave\\diff\\after fx projects\\DiffSaves\\11_12_2020","Size":"1633524894","Duration":"4055","EncryptDuration":"-1"}
{"Date":"19:32:43","Name":"autreNom","Source":"D:\\after fx projects","Target":"D:\\testsave\\diff\\after fx projects\\DiffSaves\\11_12_2020","Size":"1633524894","Duration":"4068","EncryptDuration":"-1"}
{"Date":"19:32:43","Name":"autreNom","Source":"D:\\after fx projects","Target":"D:\\testsave\\diff\\after fx projects\\DiffSaves\\11_12_2020","Size":"1633524894","Duration":"4076","EncryptDuration":"-1"}
{"Date":"19:32:43","Name":"autreNom","Source":"D:\\after fx projects","Target":"D:\\testsave\\diff\\after fx projects\\DiffSaves\\11_12_2020","Size":"1633524894","Duration":"4090","EncryptDuration":"-1"}
{"Date":"19:32:43","Name":"autreNom","Source":"D:\\after fx projects","Target":"D:\\testsave\\diff\\after fx projects\\DiffSaves\\11_12_2020","Size":"1633524894","Duration":"4104","EncryptDuration":"-1"}
{"Date":"19:32:43","Name":"autreNom","Source":"D:\\after fx projects","Target":"D:\\testsave\\diff\\after fx projects\\DiffSaves\\11_12_2020","Size":"1633524894","Duration":"4120","EncryptDuration":"-1"}
{"Date":"19:32:43","Name":"autreNom","Source":"D:\\after fx projects","Target":"D:\\testsave\\diff\\after fx projects\\DiffSaves\\11_12_2020","Size":"1633524894","Duration":"4137","EncryptDuration":"-1"}
{"Date":"19:32:43","Name":"autreNom","Source":"D:\\after fx projects","Target":"D:\\testsave\\diff\\after fx projects\\DiffSaves\\11_12_2020","Size":"1633524894","Duration":"4153","EncryptDuration":"-1"}
{"Date":"19:32:43","Name":"autreNom","Source":"D:\\after fx projects","Target":"D:\\testsave\\diff\\after fx projects\\DiffSaves\\11_12_2020","Size":"1633524894","Duration":"4168","EncryptDuration":"-1"}
{"Date":"19:32:43","Name":"autreNom","Source":"D:\\after fx projects","Target":"D:\\testsave\\diff\\after fx projects\\DiffSaves\\11_12_2020","Size":"1633524894","Duration":"4176","EncryptDuration":"-1"}
{"Date":"19:32:43","Name":"autreNom","Source":"D:\\after fx projects","Target":"D:\\testsave\\diff\\after fx projects\\DiffSaves\\11_12_2020","Size":"1633524894","Duration":"4420","EncryptDuration":"100"}
{"Date":"19:32:43","Name":"autreNom","Source":"D:\\after fx projects","Target":"D:\\testsave\\diff\\after fx projects\\DiffSaves\\11_12_2020","Size":"1633524894","Duration":"4777","EncryptDuration":"98"}
{"Date":"19:32:43","Name":"autreNom","Source":"D:\\after fx projects","Target":"D:\\testsave\\diff\\after fx projects\\DiffSaves\\11_12_2020","Size":"1633524894","Duration":"4794","EncryptDuration":"98"}
{"Date":"19:32:43","Name":"autreNom","Source":"D:\\after fx projects","Target":"D:\\testsave\\diff\\after fx projects\\DiffSaves\\11_12_2020","Size":"1633524894","Duration":"4808","EncryptDuration":"98"}
{"Date":"19:32:43","Name":"autreNom","Source":"D:\\after fx projects","Target":"D:\\testsave\\diff\\after fx projects\\DiffSaves\\11_12_2020","Size":"1633524894","Duration":"4824","EncryptDuration":"98"}
{"Date":"19:32:43","Name":"autreNom","Source":"D:\\after fx projects","Target":"D:\\testsave\\diff\\after fx projects\\DiffSaves\\11_12_2020","Size":"1633524894","Duration":"4840","EncryptDuration":"98"}
{"Date":"19:32:43","Name":"autreNom","Source":"D:\\after fx projects","Target":"D:\\testsave\\diff\\after fx projects\\DiffSaves\\11_12_2020","Size":"1633524894","Duration":"4855","EncryptDuration":"98"}
{"Date":"19:32:43","Name":"autreNom","Source":"D:\\after fx projects","Target":"D:\\testsave\\diff\\after fx projects\\DiffSaves\\11_12_2020","Size":"1633524894","Duration":"4870","EncryptDuration":"98"}
{"Date":"19:32:43","Name":"autreNom","Source":"D:\\after fx projects","Target":"D:\\testsave\\diff\\after fx projects\\DiffSaves\\11_12_2020","Size":"1633524894","Duration":"4885","EncryptDuration":"98"}
{"Date":"19:32:43","Name":"autreNom","Source":"D:\\after fx projects","Target":"D:\\testsave\\diff\\after fx projects\\DiffSaves\\11_12_2020","Size":"1633524894","Duration":"4893","EncryptDuration":"98"}
