{"Date":"15:16:21","Name":"diff","Source":"D:\\after fx projects","Target":"D:\\testsave\\diff\\after fx projects\\DiffSaves\\12_12_2020","Size":"1633524894","Duration":"6320","EncryptDuration":"-1"}{"Date":"15:16:21","Name":"diff","Source":"D:\\after fx projects","Target":"D:\\testsave\\diff\\after fx projects\\DiffSaves\\12_12_2020","Size":"1633524894","Duration":"6320","EncryptDuration":"-1"}
{"Date":"15:16:21","Name":"diff","Source":"D:\\after fx projects","Target":"D:\\testsave\\diff\\after fx projects\\DiffSaves\\12_12_2020","Size":"1633524894","Duration":"6557","EncryptDuration":"-1"}
{"Date":"15:16:21","Name":"diff","Source":"D:\\after fx projects","Target":"D:\\testsave\\diff\\after fx projects\\DiffSaves\\12_12_2020","Size":"1633524894","Duration":"10069","EncryptDuration":"-1"}
{"Date":"15:16:21","Name":"diff","Source":"D:\\after fx projects","Target":"D:\\testsave\\diff\\after fx projects\\DiffSaves\\12_12_2020","Size":"1633524894","Duration":"10102","EncryptDuration":"-1"}
{"Date":"15:16:21","Name":"diff","Source":"D:\\after fx projects","Target":"D:\\testsave\\diff\\after fx projects\\DiffSaves\\12_12_2020","Size":"1633524894","Duration":"10155","EncryptDuration":"-1"}
{"Date":"15:16:21","Name":"diff","Source":"D:\\after fx projects","Target":"D:\\testsave\\diff\\after fx projects\\DiffSaves\\12_12_2020","Size":"1633524894","Duration":"10198","EncryptDuration":"-1"}
{"Date":"15:16:21","Name":"diff","Source":"D:\\after fx projects","Target":"D:\\testsave\\diff\\after fx projects\\DiffSaves\\12_12_2020","Size":"1633524894","Duration":"10232","EncryptDuration":"-1"}
{"Date":"15:16:21","Name":"diff","Source":"D:\\after fx projects","Target":"D:\\testsave\\diff\\after fx projects\\DiffSaves\\12_12_2020","Size":"1633524894","Duration":"10598","EncryptDuration":"-1"}
{"Date":"15:16:21","Name":"diff","Source":"D:\\after fx projects","Target":"D:\\testsave\\diff\\after fx projects\\DiffSaves\\12_12_2020","Size":"1633524894","Duration":"10655","EncryptDuration":"550"}
{"Date":"15:16:21","Name":"diff","Source":"D:\\after fx projects","Target":"D:\\testsave\\diff\\after fx projects\\DiffSaves\\12_12_2020","Size":"1633524894","Duration":"10665","EncryptDuration":"550"}
{"Date":"15:16:21","Name":"diff","Source":"D:\\after fx projects","Target":"D:\\testsave\\diff\\after fx projects\\DiffSaves\\12_12_2020","Size":"1633524894","Duration":"10665","EncryptDuration":"-1"}
{"Date":"15:16:21","Name":"diff","Source":"D:\\after fx projects","Target":"D:\\testsave\\diff\\after fx projects\\DiffSaves\\12_12_2020","Size":"1633524894","Duration":"10665","EncryptDuration":"-1"}
{"Date":"15:16:21","Name":"diff","Source":"D:\\after fx projects","Target":"D:\\testsave\\diff\\after fx projects\\DiffSaves\\12_12_2020","Size":"1633524894","Duration":"10665","EncryptDuration":"-1"}
{"Date":"15:16:21","Name":"diff","Source":"D:\\after fx projects","Target":"D:\\testsave\\diff\\after fx projects\\DiffSaves\\12_12_2020","Size":"1633524894","Duration":"10665","EncryptDuration":"-1"}
{"Date":"15:16:21","Name":"diff","Source":"D:\\after fx projects","Target":"D:\\testsave\\diff\\after fx projects\\DiffSaves\\12_12_2020","Size":"1633524894","Duration":"10665","EncryptDuration":"-1"}
{"Date":"15:16:21","Name":"diff","Source":"D:\\after fx projects","Target":"D:\\testsave\\diff\\after fx projects\\DiffSaves\\12_12_2020","Size":"1633524894","Duration":"10665","EncryptDuration":"-1"}
{"Date":"15:16:21","Name":"diff","Source":"D:\\after fx projects","Target":"D:\\testsave\\diff\\after fx projects\\DiffSaves\\12_12_2020","Size":"1633524894","Duration":"10665","EncryptDuration":"-1"}
{"Date":"15:16:21","Name":"diff","Source":"D:\\after fx projects","Target":"D:\\testsave\\diff\\after fx projects\\DiffSaves\\12_12_2020","Size":"1633524894","Duration":"10665","EncryptDuration":"-1"}
{"Date":"15:16:21","Name":"diff","Source":"D:\\after fx projects","Target":"D:\\testsave\\diff\\after fx projects\\DiffSaves\\12_12_2020","Size":"1633524894","Duration":"10665","EncryptDuration":"-1"}
{"Date":"15:16:21","Name":"diff","Source":"D:\\after fx projects","Target":"D:\\testsave\\diff\\after fx projects\\DiffSaves\\12_12_2020","Size":"1633524894","Duration":"10665","EncryptDuration":"-1"}
{"Date":"15:16:21","Name":"diff","Source":"D:\\after fx projects","Target":"D:\\testsave\\diff\\after fx projects\\DiffSaves\\12_12_2020","Size":"1633524894","Duration":"10665","EncryptDuration":"-1"}
{"Date":"15:16:21","Name":"diff","Source":"D:\\after fx projects","Target":"D:\\testsave\\diff\\after fx projects\\DiffSaves\\12_12_2020","Size":"1633524894","Duration":"10665","EncryptDuration":"-1"}
{"Date":"15:16:21","Name":"diff","Source":"D:\\after fx projects","Target":"D:\\testsave\\diff\\after fx projects\\DiffSaves\\12_12_2020","Size":"1633524894","Duration":"10665","EncryptDuration":"-1"}
{"Date":"15:16:21","Name":"diff","Source":"D:\\after fx projects","Target":"D:\\testsave\\diff\\after fx projects\\DiffSaves\\12_12_2020","Size":"1633524894","Duration":"10665","EncryptDuration":"-1"}
{"Date":"15:16:21","Name":"diff","Source":"D:\\after fx projects","Target":"D:\\testsave\\diff\\after fx projects\\DiffSaves\\12_12_2020","Size":"1633524894","Duration":"10665","EncryptDuration":"-1"}
{"Date":"15:16:21","Name":"diff","Source":"D:\\after fx projects","Target":"D:\\testsave\\diff\\after fx projects\\DiffSaves\\12_12_2020","Size":"1633524894","Duration":"10665","EncryptDuration":"-1"}
{"Date":"15:16:21","Name":"diff","Source":"D:\\after fx projects","Target":"D:\\testsave\\diff\\after fx projects\\DiffSaves\\12_12_2020","Size":"1633524894","Duration":"10665","EncryptDuration":"-1"}
{"Date":"15:16:21","Name":"diff","Source":"D:\\after fx projects","Target":"D:\\testsave\\diff\\after fx projects\\DiffSaves\\12_12_2020","Size":"1633524894","Duration":"10665","EncryptDuration":"-1"}
{"Date":"15:16:21","Name":"diff","Source":"D:\\after fx projects","Target":"D:\\testsave\\diff\\after fx projects\\DiffSaves\\12_12_2020","Size":"1633524894","Duration":"10665","EncryptDuration":"-1"}
{"Date":"15:16:21","Name":"diff","Source":"D:\\after fx projects","Target":"D:\\testsave\\diff\\after fx projects\\DiffSaves\\12_12_2020","Size":"1633524894","Duration":"10665","EncryptDuration":"-1"}
{"Date":"15:16:21","Name":"diff","Source":"D:\\after fx projects","Target":"D:\\testsave\\diff\\after fx projects\\DiffSaves\\12_12_2020","Size":"1633524894","Duration":"10665","EncryptDuration":"-1"}
{"Date":"15:16:21","Name":"diff","Source":"D:\\after fx projects","Target":"D:\\testsave\\diff\\after fx projects\\DiffSaves\\12_12_2020","Size":"1633524894","Duration":"10665","EncryptDuration":"-1"}
{"Date":"15:16:21","Name":"diff","Source":"D:\\after fx projects","Target":"D:\\testsave\\diff\\after fx projects\\DiffSaves\\12_12_2020","Size":"1633524894","Duration":"10665","EncryptDuration":"-1"}
{"Date":"15:16:21","Name":"diff","Source":"D:\\after fx projects","Target":"D:\\testsave\\diff\\after fx projects\\DiffSaves\\12_12_2020","Size":"1633524894","Duration":"10665","EncryptDuration":"-1"}
{"Date":"15:16:21","Name":"diff","Source":"D:\\after fx projects","Target":"D:\\testsave\\diff\\after fx projects\\DiffSaves\\12_12_2020","Size":"1633524894","Duration":"10665","EncryptDuration":"-1"}
{"Date":"15:16:21","Name":"diff","Source":"D:\\after fx projects","Target":"D:\\testsave\\diff\\after fx projects\\DiffSaves\\12_12_2020","Size":"1633524894","Duration":"10665","EncryptDuration":"-1"}
{"Date":"15:16:21","Name":"diff","Source":"D:\\after fx projects","Target":"D:\\testsave\\diff\\after fx projects\\DiffSaves\\12_12_2020","Size":"1633524894","Duration":"10665","EncryptDuration":"-1"}
{"Date":"15:16:21","Name":"diff","Source":"D:\\after fx projects","Target":"D:\\testsave\\diff\\after fx projects\\DiffSaves\\12_12_2020","Size":"1633524894","Duration":"10665","EncryptDuration":"-1"}
{"Date":"15:16:21","Name":"diff","Source":"D:\\after fx projects","Target":"D:\\testsave\\diff\\after fx projects\\DiffSaves\\12_12_2020","Size":"1633524894","Duration":"10665","EncryptDuration":"-1"}
{"Date":"15:16:21","Name":"diff","Source":"D:\\after fx projects","Target":"D:\\testsave\\diff\\after fx projects\\DiffSaves\\12_12_2020","Size":"1633524894","Duration":"10665","EncryptDuration":"-1"}
{"Date":"15:16:21","Name":"diff","Source":"D:\\after fx projects","Target":"D:\\testsave\\diff\\after fx projects\\DiffSaves\\12_12_2020","Size":"1633524894","Duration":"10665","EncryptDuration":"-1"}
{"Date":"15:16:21","Name":"diff","Source":"D:\\after fx projects","Target":"D:\\testsave\\diff\\after fx projects\\DiffSaves\\12_12_2020","Size":"1633524894","Duration":"10665","EncryptDuration":"-1"}
{"Date":"15:16:21","Name":"diff","Source":"D:\\after fx projects","Target":"D:\\testsave\\diff\\after fx projects\\DiffSaves\\12_12_2020","Size":"1633524894","Duration":"10665","EncryptDuration":"-1"}
{"Date":"15:17:35","Name":"testname","Source":"D:\\textdetest","Target":"D:\\testsave\\diff","Size":"666778096","Duration":"10665","EncryptDuration":"102"}
{"Date":"15:17:35","Name":"testname","Source":"D:\\textdetest","Target":"D:\\testsave\\diff","Size":"666778096","Duration":"10665","EncryptDuration":"102"}
{"Date":"15:17:48","Name":"diff","Source":"D:\\after fx projects","Target":"D:\\testsave\\diff\\after fx projects\\FullSaves","Size":"1633524894","Duration":"10665","EncryptDuration":"-1"}
{"Date":"15:17:48","Name":"diff","Source":"D:\\after fx projects","Target":"D:\\testsave\\diff\\after fx projects\\FullSaves","Size":"1633524894","Duration":"10665","EncryptDuration":"-1"}
{"Date":"15:17:48","Name":"diff","Source":"D:\\after fx projects","Target":"D:\\testsave\\diff\\after fx projects\\FullSaves","Size":"1633524894","Duration":"10665","EncryptDuration":"-1"}
{"Date":"15:17:48","Name":"diff","Source":"D:\\after fx projects","Target":"D:\\testsave\\diff\\after fx projects\\FullSaves","Size":"1633524894","Duration":"10665","EncryptDuration":"-1"}
{"Date":"15:17:48","Name":"diff","Source":"D:\\after fx projects","Target":"D:\\testsave\\diff\\after fx projects\\FullSaves","Size":"1633524894","Duration":"10665","EncryptDuration":"-1"}
{"Date":"15:17:48","Name":"diff","Source":"D:\\after fx projects","Target":"D:\\testsave\\diff\\after fx projects\\FullSaves","Size":"1633524894","Duration":"10665","EncryptDuration":"-1"}
{"Date":"15:17:48","Name":"diff","Source":"D:\\after fx projects","Target":"D:\\testsave\\diff\\after fx projects\\FullSaves","Size":"1633524894","Duration":"10665","EncryptDuration":"-1"}
{"Date":"15:17:48","Name":"diff","Source":"D:\\after fx projects","Target":"D:\\testsave\\diff\\after fx projects\\FullSaves","Size":"1633524894","Duration":"10665","EncryptDuration":"-1"}
{"Date":"15:17:48","Name":"diff","Source":"D:\\after fx projects","Target":"D:\\testsave\\diff\\after fx projects\\FullSaves","Size":"1633524894","Duration":"10665","EncryptDuration":"-1"}
{"Date":"15:17:48","Name":"diff","Source":"D:\\after fx projects","Target":"D:\\testsave\\diff\\after fx projects\\FullSaves","Size":"1633524894","Duration":"10665","EncryptDuration":"-1"}
{"Date":"15:17:48","Name":"diff","Source":"D:\\after fx projects","Target":"D:\\testsave\\diff\\after fx projects\\FullSaves","Size":"1633524894","Duration":"10665","EncryptDuration":"-1"}
{"Date":"15:17:48","Name":"diff","Source":"D:\\after fx projects","Target":"D:\\testsave\\diff\\after fx projects\\FullSaves","Size":"1633524894","Duration":"10665","EncryptDuration":"-1"}
{"Date":"15:17:48","Name":"diff","Source":"D:\\after fx projects","Target":"D:\\testsave\\diff\\after fx projects\\FullSaves","Size":"1633524894","Duration":"10665","EncryptDuration":"-1"}
{"Date":"15:17:48","Name":"diff","Source":"D:\\after fx projects","Target":"D:\\testsave\\diff\\after fx projects\\FullSaves","Size":"1633524894","Duration":"10665","EncryptDuration":"-1"}
{"Date":"15:17:48","Name":"diff","Source":"D:\\after fx projects","Target":"D:\\testsave\\diff\\after fx projects\\FullSaves","Size":"1633524894","Duration":"10665","EncryptDuration":"-1"}
{"Date":"15:17:48","Name":"diff","Source":"D:\\after fx projects","Target":"D:\\testsave\\diff\\after fx projects\\FullSaves","Size":"1633524894","Duration":"10665","EncryptDuration":"-1"}
{"Date":"15:17:48","Name":"diff","Source":"D:\\after fx projects","Target":"D:\\testsave\\diff\\after fx projects\\FullSaves","Size":"1633524894","Duration":"10665","EncryptDuration":"-1"}
{"Date":"15:17:48","Name":"diff","Source":"D:\\after fx projects","Target":"D:\\testsave\\diff\\after fx projects\\FullSaves","Size":"1633524894","Duration":"10665","EncryptDuration":"-1"}
{"Date":"15:17:48","Name":"diff","Source":"D:\\after fx projects","Target":"D:\\testsave\\diff\\after fx projects\\FullSaves","Size":"1633524894","Duration":"10665","EncryptDuration":"-1"}
{"Date":"15:17:48","Name":"diff","Source":"D:\\after fx projects","Target":"D:\\testsave\\diff\\after fx projects\\FullSaves","Size":"1633524894","Duration":"10665","EncryptDuration":"-1"}
{"Date":"15:17:48","Name":"diff","Source":"D:\\after fx projects","Target":"D:\\testsave\\diff\\after fx projects\\FullSaves","Size":"1633524894","Duration":"10665","EncryptDuration":"-1"}
{"Date":"15:17:48","Name":"diff","Source":"D:\\after fx projects","Target":"D:\\testsave\\diff\\after fx projects\\FullSaves","Size":"1633524894","Duration":"10665","EncryptDuration":"-1"}
{"Date":"15:17:48","Name":"diff","Source":"D:\\after fx projects","Target":"D:\\testsave\\diff\\after fx projects\\FullSaves","Size":"1633524894","Duration":"10665","EncryptDuration":"-1"}
{"Date":"15:17:48","Name":"diff","Source":"D:\\after fx projects","Target":"D:\\testsave\\diff\\after fx projects\\FullSaves","Size":"1633524894","Duration":"10665","EncryptDuration":"-1"}
{"Date":"15:17:48","Name":"diff","Source":"D:\\after fx projects","Target":"D:\\testsave\\diff\\after fx projects\\FullSaves","Size":"1633524894","Duration":"10665","EncryptDuration":"-1"}
{"Date":"15:17:48","Name":"diff","Source":"D:\\after fx projects","Target":"D:\\testsave\\diff\\after fx projects\\FullSaves","Size":"1633524894","Duration":"10665","EncryptDuration":"-1"}
{"Date":"15:17:48","Name":"diff","Source":"D:\\after fx projects","Target":"D:\\testsave\\diff\\after fx projects\\FullSaves","Size":"1633524894","Duration":"10665","EncryptDuration":"-1"}
{"Date":"15:17:48","Name":"diff","Source":"D:\\after fx projects","Target":"D:\\testsave\\diff\\after fx projects\\FullSaves","Size":"1633524894","Duration":"10665","EncryptDuration":"-1"}
{"Date":"15:17:48","Name":"diff","Source":"D:\\after fx projects","Target":"D:\\testsave\\diff\\after fx projects\\FullSaves","Size":"1633524894","Duration":"10665","EncryptDuration":"-1"}
{"Date":"15:17:48","Name":"diff","Source":"D:\\after fx projects","Target":"D:\\testsave\\diff\\after fx projects\\FullSaves","Size":"1633524894","Duration":"10665","EncryptDuration":"-1"}
{"Date":"15:17:48","Name":"diff","Source":"D:\\after fx projects","Target":"D:\\testsave\\diff\\after fx projects\\FullSaves","Size":"1633524894","Duration":"10665","EncryptDuration":"-1"}
{"Date":"15:17:48","Name":"diff","Source":"D:\\after fx projects","Target":"D:\\testsave\\diff\\after fx projects\\FullSaves","Size":"1633524894","Duration":"10665","EncryptDuration":"-1"}
{"Date":"15:17:48","Name":"diff","Source":"D:\\after fx projects","Target":"D:\\testsave\\diff\\after fx projects\\FullSaves","Size":"1633524894","Duration":"10665","EncryptDuration":"-1"}
{"Date":"15:17:48","Name":"diff","Source":"D:\\after fx projects","Target":"D:\\testsave\\diff\\after fx projects\\FullSaves","Size":"1633524894","Duration":"10665","EncryptDuration":"-1"}
{"Date":"15:17:48","Name":"diff","Source":"D:\\after fx projects","Target":"D:\\testsave\\diff\\after fx projects\\FullSaves","Size":"1633524894","Duration":"10665","EncryptDuration":"-1"}
{"Date":"15:17:48","Name":"diff","Source":"D:\\after fx projects","Target":"D:\\testsave\\diff\\after fx projects\\FullSaves","Size":"1633524894","Duration":"10665","EncryptDuration":"-1"}
{"Date":"15:17:48","Name":"diff","Source":"D:\\after fx projects","Target":"D:\\testsave\\diff\\after fx projects\\FullSaves","Size":"1633524894","Duration":"10665","EncryptDuration":"-1"}
{"Date":"15:17:48","Name":"diff","Source":"D:\\after fx projects","Target":"D:\\testsave\\diff\\after fx projects\\FullSaves","Size":"1633524894","Duration":"10665","EncryptDuration":"-1"}
{"Date":"15:17:48","Name":"diff","Source":"D:\\after fx projects","Target":"D:\\testsave\\diff\\after fx projects\\FullSaves","Size":"1633524894","Duration":"10665","EncryptDuration":"-1"}
{"Date":"15:17:48","Name":"diff","Source":"D:\\after fx projects","Target":"D:\\testsave\\diff\\after fx projects\\FullSaves","Size":"1633524894","Duration":"10665","EncryptDuration":"-1"}
{"Date":"15:17:48","Name":"diff","Source":"D:\\after fx projects","Target":"D:\\testsave\\diff\\after fx projects\\FullSaves","Size":"1633524894","Duration":"10665","EncryptDuration":"-1"}
{"Date":"15:20:56","Name":"testname","Source":"D:\\textdetest","Target":"D:\\testsave\\diff","Size":"666778096","Duration":"110275","EncryptDuration":"104635"}
{"Date":"15:20:56","Name":"testname","Source":"D:\\textdetest","Target":"D:\\testsave\\diff","Size":"666778096","Duration":"110306","EncryptDuration":"104635"}
