{"Date":"14:17:19","Name":"okaye","Source":"D:\\after fx projects","Target":"D:\\testsave\\diff","Size":"1633524894","Duration":"6659","EncryptDuration":"-1"}{"Date":"14:17:19","Name":"okaye","Source":"D:\\after fx projects","Target":"D:\\testsave\\diff","Size":"1633524894","Duration":"6659","EncryptDuration":"-1"}
{"Date":"14:17:19","Name":"okaye","Source":"D:\\after fx projects","Target":"D:\\testsave\\diff","Size":"1633524894","Duration":"-1","EncryptDuration":"-1"}
{"Date":"14:21:33","Name":"yo","Source":"D:\\after fx projects","Target":"D:\\testsave\\diff\\after fx projects\\DiffSaves\\13_12_2020","Size":"1633224197","Duration":"3627","EncryptDuration":"-1"}
{"Date":"14:21:33","Name":"yo","Source":"D:\\after fx projects","Target":"D:\\testsave\\diff\\after fx projects\\DiffSaves\\13_12_2020","Size":"1633224197","Duration":"3846","EncryptDuration":"-1"}
{"Date":"14:26:04","Name":"yo","Source":"D:\\after fx projects","Target":"D:\\testsave\\diff\\after fx projects\\DiffSaves\\13_12_2020","Size":"1633224197","Duration":"2845","EncryptDuration":"-1"}
{"Date":"14:26:44","Name":"yo","Source":"D:\\after fx projects","Target":"D:\\testsave\\diff\\after fx projects\\DiffSaves\\13_12_2020","Size":"1633224197","Duration":"3103","EncryptDuration":"-1"}
{"Date":"14:28:00","Name":"yo","Source":"D:\\after fx projects","Target":"D:\\testsave\\diff\\after fx projects\\DiffSaves\\13_12_2020","Size":"1633224197","Duration":"2891","EncryptDuration":"-1"}
{"Date":"14:28:00","Name":"yo","Source":"D:\\after fx projects","Target":"D:\\testsave\\diff\\after fx projects\\DiffSaves\\13_12_2020","Size":"1633224197","Duration":"9386","EncryptDuration":"-1"}
{"Date":"14:32:58","Name":"yo","Source":"D:\\after fx projects","Target":"D:\\testsave\\diff\\after fx projects\\DiffSaves\\13_12_2020","Size":"1633224197","Duration":"2737","EncryptDuration":"-1"}
{"Date":"14:36:55","Name":"yo","Source":"D:\\after fx projects","Target":"D:\\testsave\\diff\\after fx projects\\DiffSaves\\13_12_2020","Size":"1633224197","Duration":"4438","EncryptDuration":"-1"}
{"Date":"14:36:55","Name":"yo","Source":"D:\\after fx projects","Target":"D:\\testsave\\diff\\after fx projects\\DiffSaves\\13_12_2020","Size":"1633224197","Duration":"4467","EncryptDuration":"-1"}
{"Date":"14:36:55","Name":"yo","Source":"D:\\after fx projects","Target":"D:\\testsave\\diff\\after fx projects\\DiffSaves\\13_12_2020","Size":"1633224197","Duration":"4494","EncryptDuration":"-1"}
{"Date":"14:36:55","Name":"yo","Source":"D:\\after fx projects","Target":"D:\\testsave\\diff\\after fx projects\\DiffSaves\\13_12_2020","Size":"1633224197","Duration":"4500","EncryptDuration":"-1"}
{"Date":"14:36:55","Name":"yo","Source":"D:\\after fx projects","Target":"D:\\testsave\\diff\\after fx projects\\DiffSaves\\13_12_2020","Size":"1633224197","Duration":"4508","EncryptDuration":"-1"}
{"Date":"14:36:55","Name":"yo","Source":"D:\\after fx projects","Target":"D:\\testsave\\diff\\after fx projects\\DiffSaves\\13_12_2020","Size":"1633224197","Duration":"4524","EncryptDuration":"-1"}
{"Date":"14:36:55","Name":"yo","Source":"D:\\after fx projects","Target":"D:\\testsave\\diff\\after fx projects\\DiffSaves\\13_12_2020","Size":"1633224197","Duration":"-1","EncryptDuration":"-1"}
{"Date":"14:36:55","Name":"yo","Source":"D:\\after fx projects","Target":"D:\\testsave\\diff\\after fx projects\\DiffSaves\\13_12_2020","Size":"1633224197","Duration":"4567","EncryptDuration":"-1"}
{"Date":"14:36:55","Name":"yo","Source":"D:\\after fx projects","Target":"D:\\testsave\\diff\\after fx projects\\DiffSaves\\13_12_2020","Size":"1633224197","Duration":"4567","EncryptDuration":"-1"}
{"Date":"14:36:55","Name":"yo","Source":"D:\\after fx projects","Target":"D:\\testsave\\diff\\after fx projects\\DiffSaves\\13_12_2020","Size":"1633224197","Duration":"4567","EncryptDuration":"-1"}
{"Date":"14:36:55","Name":"yo","Source":"D:\\after fx projects","Target":"D:\\testsave\\diff\\after fx projects\\DiffSaves\\13_12_2020","Size":"1633224197","Duration":"4567","EncryptDuration":"-1"}
{"Date":"14:36:55","Name":"yo","Source":"D:\\after fx projects","Target":"D:\\testsave\\diff\\after fx projects\\DiffSaves\\13_12_2020","Size":"1633224197","Duration":"4567","EncryptDuration":"-1"}
{"Date":"14:36:55","Name":"yo","Source":"D:\\after fx projects","Target":"D:\\testsave\\diff\\after fx projects\\DiffSaves\\13_12_2020","Size":"1633224197","Duration":"4567","EncryptDuration":"-1"}
{"Date":"14:36:55","Name":"yo","Source":"D:\\after fx projects","Target":"D:\\testsave\\diff\\after fx projects\\DiffSaves\\13_12_2020","Size":"1633224197","Duration":"4567","EncryptDuration":"-1"}
{"Date":"14:36:55","Name":"yo","Source":"D:\\after fx projects","Target":"D:\\testsave\\diff\\after fx projects\\DiffSaves\\13_12_2020","Size":"1633224197","Duration":"4567","EncryptDuration":"-1"}
{"Date":"14:36:55","Name":"yo","Source":"D:\\after fx projects","Target":"D:\\testsave\\diff\\after fx projects\\DiffSaves\\13_12_2020","Size":"1633224197","Duration":"4567","EncryptDuration":"-1"}
{"Date":"14:36:55","Name":"yo","Source":"D:\\after fx projects","Target":"D:\\testsave\\diff\\after fx projects\\DiffSaves\\13_12_2020","Size":"1633224197","Duration":"4567","EncryptDuration":"-1"}
{"Date":"14:36:55","Name":"yo","Source":"D:\\after fx projects","Target":"D:\\testsave\\diff\\after fx projects\\DiffSaves\\13_12_2020","Size":"1633224197","Duration":"4567","EncryptDuration":"-1"}
{"Date":"14:36:55","Name":"yo","Source":"D:\\after fx projects","Target":"D:\\testsave\\diff\\after fx projects\\DiffSaves\\13_12_2020","Size":"1633224197","Duration":"4567","EncryptDuration":"-1"}
{"Date":"14:36:55","Name":"yo","Source":"D:\\after fx projects","Target":"D:\\testsave\\diff\\after fx projects\\DiffSaves\\13_12_2020","Size":"1633224197","Duration":"4567","EncryptDuration":"-1"}
{"Date":"14:36:55","Name":"yo","Source":"D:\\after fx projects","Target":"D:\\testsave\\diff\\after fx projects\\DiffSaves\\13_12_2020","Size":"1633224197","Duration":"4567","EncryptDuration":"-1"}
{"Date":"14:36:55","Name":"yo","Source":"D:\\after fx projects","Target":"D:\\testsave\\diff\\after fx projects\\DiffSaves\\13_12_2020","Size":"1633224197","Duration":"4567","EncryptDuration":"-1"}
{"Date":"14:36:55","Name":"yo","Source":"D:\\after fx projects","Target":"D:\\testsave\\diff\\after fx projects\\DiffSaves\\13_12_2020","Size":"1633224197","Duration":"4567","EncryptDuration":"-1"}
{"Date":"14:36:55","Name":"yo","Source":"D:\\after fx projects","Target":"D:\\testsave\\diff\\after fx projects\\DiffSaves\\13_12_2020","Size":"1633224197","Duration":"4567","EncryptDuration":"-1"}
{"Date":"14:36:55","Name":"yo","Source":"D:\\after fx projects","Target":"D:\\testsave\\diff\\after fx projects\\DiffSaves\\13_12_2020","Size":"1633224197","Duration":"4567","EncryptDuration":"-1"}
{"Date":"14:36:55","Name":"yo","Source":"D:\\after fx projects","Target":"D:\\testsave\\diff\\after fx projects\\DiffSaves\\13_12_2020","Size":"1633224197","Duration":"4567","EncryptDuration":"-1"}
{"Date":"14:36:55","Name":"yo","Source":"D:\\after fx projects","Target":"D:\\testsave\\diff\\after fx projects\\DiffSaves\\13_12_2020","Size":"1633224197","Duration":"4567","EncryptDuration":"-1"}
{"Date":"14:36:55","Name":"yo","Source":"D:\\after fx projects","Target":"D:\\testsave\\diff\\after fx projects\\DiffSaves\\13_12_2020","Size":"1633224197","Duration":"4567","EncryptDuration":"-1"}
{"Date":"14:36:55","Name":"yo","Source":"D:\\after fx projects","Target":"D:\\testsave\\diff\\after fx projects\\DiffSaves\\13_12_2020","Size":"1633224197","Duration":"4567","EncryptDuration":"-1"}
{"Date":"14:36:55","Name":"yo","Source":"D:\\after fx projects","Target":"D:\\testsave\\diff\\after fx projects\\DiffSaves\\13_12_2020","Size":"1633224197","Duration":"4567","EncryptDuration":"-1"}
{"Date":"14:36:55","Name":"yo","Source":"D:\\after fx projects","Target":"D:\\testsave\\diff\\after fx projects\\DiffSaves\\13_12_2020","Size":"1633224197","Duration":"4567","EncryptDuration":"-1"}
{"Date":"14:36:55","Name":"yo","Source":"D:\\after fx projects","Target":"D:\\testsave\\diff\\after fx projects\\DiffSaves\\13_12_2020","Size":"1633224197","Duration":"4567","EncryptDuration":"-1"}
{"Date":"14:36:55","Name":"yo","Source":"D:\\after fx projects","Target":"D:\\testsave\\diff\\after fx projects\\DiffSaves\\13_12_2020","Size":"1633224197","Duration":"4567","EncryptDuration":"-1"}
{"Date":"14:36:55","Name":"yo","Source":"D:\\after fx projects","Target":"D:\\testsave\\diff\\after fx projects\\DiffSaves\\13_12_2020","Size":"1633224197","Duration":"4567","EncryptDuration":"-1"}
{"Date":"14:36:55","Name":"yo","Source":"D:\\after fx projects","Target":"D:\\testsave\\diff\\after fx projects\\DiffSaves\\13_12_2020","Size":"1633224197","Duration":"4567","EncryptDuration":"-1"}
{"Date":"14:36:55","Name":"yo","Source":"D:\\after fx projects","Target":"D:\\testsave\\diff\\after fx projects\\DiffSaves\\13_12_2020","Size":"1633224197","Duration":"4567","EncryptDuration":"-1"}
{"Date":"14:36:55","Name":"yo","Source":"D:\\after fx projects","Target":"D:\\testsave\\diff\\after fx projects\\DiffSaves\\13_12_2020","Size":"1633224197","Duration":"4567","EncryptDuration":"-1"}
{"Date":"14:36:55","Name":"yo","Source":"D:\\after fx projects","Target":"D:\\testsave\\diff\\after fx projects\\DiffSaves\\13_12_2020","Size":"1633224197","Duration":"4567","EncryptDuration":"-1"}
{"Date":"14:36:55","Name":"yo","Source":"D:\\after fx projects","Target":"D:\\testsave\\diff\\after fx projects\\DiffSaves\\13_12_2020","Size":"1633224197","Duration":"4567","EncryptDuration":"-1"}
{"Date":"14:36:55","Name":"yo","Source":"D:\\after fx projects","Target":"D:\\testsave\\diff\\after fx projects\\DiffSaves\\13_12_2020","Size":"1633224197","Duration":"4567","EncryptDuration":"-1"}
{"Date":"14:36:55","Name":"yo","Source":"D:\\after fx projects","Target":"D:\\testsave\\diff\\after fx projects\\DiffSaves\\13_12_2020","Size":"1633224197","Duration":"4567","EncryptDuration":"-1"}
{"Date":"14:36:55","Name":"yo","Source":"D:\\after fx projects","Target":"D:\\testsave\\diff\\after fx projects\\DiffSaves\\13_12_2020","Size":"1633224197","Duration":"4567","EncryptDuration":"-1"}
{"Date":"14:36:55","Name":"yo","Source":"D:\\after fx projects","Target":"D:\\testsave\\diff\\after fx projects\\DiffSaves\\13_12_2020","Size":"1633224197","Duration":"4567","EncryptDuration":"-1"}
{"Date":"14:36:55","Name":"yo","Source":"D:\\after fx projects","Target":"D:\\testsave\\diff\\after fx projects\\DiffSaves\\13_12_2020","Size":"1633224197","Duration":"4567","EncryptDuration":"-1"}
{"Date":"14:37:40","Name":"yo","Source":"D:\\after fx projects","Target":"D:\\testsave\\diff\\after fx projects\\FullSaves","Size":"1633524894","Duration":"4513","EncryptDuration":"-1"}
{"Date":"14:37:40","Name":"yo","Source":"D:\\after fx projects","Target":"D:\\testsave\\diff\\after fx projects\\FullSaves","Size":"1633524894","Duration":"-1","EncryptDuration":"-1"}
{"Date":"14:37:40","Name":"yo","Source":"D:\\after fx projects","Target":"D:\\testsave\\diff\\after fx projects\\FullSaves","Size":"1633524894","Duration":"4585","EncryptDuration":"-1"}
{"Date":"14:37:40","Name":"yo","Source":"D:\\after fx projects","Target":"D:\\testsave\\diff\\after fx projects\\FullSaves","Size":"1633524894","Duration":"4585","EncryptDuration":"-1"}
{"Date":"14:37:40","Name":"yo","Source":"D:\\after fx projects","Target":"D:\\testsave\\diff\\after fx projects\\FullSaves","Size":"1633524894","Duration":"4585","EncryptDuration":"-1"}
{"Date":"14:37:40","Name":"yo","Source":"D:\\after fx projects","Target":"D:\\testsave\\diff\\after fx projects\\FullSaves","Size":"1633524894","Duration":"4585","EncryptDuration":"-1"}
{"Date":"14:37:40","Name":"yo","Source":"D:\\after fx projects","Target":"D:\\testsave\\diff\\after fx projects\\FullSaves","Size":"1633524894","Duration":"4585","EncryptDuration":"-1"}
{"Date":"14:37:40","Name":"yo","Source":"D:\\after fx projects","Target":"D:\\testsave\\diff\\after fx projects\\FullSaves","Size":"1633524894","Duration":"4585","EncryptDuration":"-1"}
{"Date":"14:37:40","Name":"yo","Source":"D:\\after fx projects","Target":"D:\\testsave\\diff\\after fx projects\\FullSaves","Size":"1633524894","Duration":"4585","EncryptDuration":"-1"}
{"Date":"14:37:40","Name":"yo","Source":"D:\\after fx projects","Target":"D:\\testsave\\diff\\after fx projects\\FullSaves","Size":"1633524894","Duration":"4585","EncryptDuration":"-1"}
{"Date":"14:37:40","Name":"yo","Source":"D:\\after fx projects","Target":"D:\\testsave\\diff\\after fx projects\\FullSaves","Size":"1633524894","Duration":"4585","EncryptDuration":"-1"}
{"Date":"14:37:40","Name":"yo","Source":"D:\\after fx projects","Target":"D:\\testsave\\diff\\after fx projects\\FullSaves","Size":"1633524894","Duration":"4585","EncryptDuration":"-1"}
{"Date":"14:37:40","Name":"yo","Source":"D:\\after fx projects","Target":"D:\\testsave\\diff\\after fx projects\\FullSaves","Size":"1633524894","Duration":"4585","EncryptDuration":"-1"}
{"Date":"14:37:40","Name":"yo","Source":"D:\\after fx projects","Target":"D:\\testsave\\diff\\after fx projects\\FullSaves","Size":"1633524894","Duration":"4585","EncryptDuration":"-1"}
{"Date":"14:37:40","Name":"yo","Source":"D:\\after fx projects","Target":"D:\\testsave\\diff\\after fx projects\\FullSaves","Size":"1633524894","Duration":"4585","EncryptDuration":"-1"}
{"Date":"14:37:40","Name":"yo","Source":"D:\\after fx projects","Target":"D:\\testsave\\diff\\after fx projects\\FullSaves","Size":"1633524894","Duration":"4585","EncryptDuration":"-1"}
{"Date":"14:37:40","Name":"yo","Source":"D:\\after fx projects","Target":"D:\\testsave\\diff\\after fx projects\\FullSaves","Size":"1633524894","Duration":"4585","EncryptDuration":"-1"}
{"Date":"14:37:40","Name":"yo","Source":"D:\\after fx projects","Target":"D:\\testsave\\diff\\after fx projects\\FullSaves","Size":"1633524894","Duration":"4585","EncryptDuration":"-1"}
{"Date":"14:37:40","Name":"yo","Source":"D:\\after fx projects","Target":"D:\\testsave\\diff\\after fx projects\\FullSaves","Size":"1633524894","Duration":"4585","EncryptDuration":"-1"}
{"Date":"14:37:40","Name":"yo","Source":"D:\\after fx projects","Target":"D:\\testsave\\diff\\after fx projects\\FullSaves","Size":"1633524894","Duration":"4585","EncryptDuration":"-1"}
{"Date":"14:37:40","Name":"yo","Source":"D:\\after fx projects","Target":"D:\\testsave\\diff\\after fx projects\\FullSaves","Size":"1633524894","Duration":"4585","EncryptDuration":"-1"}
{"Date":"14:37:40","Name":"yo","Source":"D:\\after fx projects","Target":"D:\\testsave\\diff\\after fx projects\\FullSaves","Size":"1633524894","Duration":"4585","EncryptDuration":"-1"}
{"Date":"14:37:40","Name":"yo","Source":"D:\\after fx projects","Target":"D:\\testsave\\diff\\after fx projects\\FullSaves","Size":"1633524894","Duration":"4585","EncryptDuration":"-1"}
{"Date":"14:37:40","Name":"yo","Source":"D:\\after fx projects","Target":"D:\\testsave\\diff\\after fx projects\\FullSaves","Size":"1633524894","Duration":"4585","EncryptDuration":"-1"}
{"Date":"14:37:40","Name":"yo","Source":"D:\\after fx projects","Target":"D:\\testsave\\diff\\after fx projects\\FullSaves","Size":"1633524894","Duration":"4585","EncryptDuration":"-1"}
{"Date":"14:37:40","Name":"yo","Source":"D:\\after fx projects","Target":"D:\\testsave\\diff\\after fx projects\\FullSaves","Size":"1633524894","Duration":"4585","EncryptDuration":"-1"}
{"Date":"14:37:40","Name":"yo","Source":"D:\\after fx projects","Target":"D:\\testsave\\diff\\after fx projects\\FullSaves","Size":"1633524894","Duration":"4585","EncryptDuration":"-1"}
{"Date":"14:37:40","Name":"yo","Source":"D:\\after fx projects","Target":"D:\\testsave\\diff\\after fx projects\\FullSaves","Size":"1633524894","Duration":"4585","EncryptDuration":"-1"}
{"Date":"14:37:40","Name":"yo","Source":"D:\\after fx projects","Target":"D:\\testsave\\diff\\after fx projects\\FullSaves","Size":"1633524894","Duration":"4585","EncryptDuration":"-1"}
{"Date":"14:37:40","Name":"yo","Source":"D:\\after fx projects","Target":"D:\\testsave\\diff\\after fx projects\\FullSaves","Size":"1633524894","Duration":"4585","EncryptDuration":"-1"}
{"Date":"14:37:40","Name":"yo","Source":"D:\\after fx projects","Target":"D:\\testsave\\diff\\after fx projects\\FullSaves","Size":"1633524894","Duration":"4585","EncryptDuration":"-1"}
{"Date":"14:37:40","Name":"yo","Source":"D:\\after fx projects","Target":"D:\\testsave\\diff\\after fx projects\\FullSaves","Size":"1633524894","Duration":"4585","EncryptDuration":"-1"}
{"Date":"14:37:40","Name":"yo","Source":"D:\\after fx projects","Target":"D:\\testsave\\diff\\after fx projects\\FullSaves","Size":"1633524894","Duration":"4585","EncryptDuration":"-1"}
{"Date":"14:37:40","Name":"yo","Source":"D:\\after fx projects","Target":"D:\\testsave\\diff\\after fx projects\\FullSaves","Size":"1633524894","Duration":"4585","EncryptDuration":"-1"}
{"Date":"14:37:40","Name":"yo","Source":"D:\\after fx projects","Target":"D:\\testsave\\diff\\after fx projects\\FullSaves","Size":"1633524894","Duration":"4585","EncryptDuration":"-1"}
{"Date":"14:37:40","Name":"yo","Source":"D:\\after fx projects","Target":"D:\\testsave\\diff\\after fx projects\\FullSaves","Size":"1633524894","Duration":"4585","EncryptDuration":"-1"}
{"Date":"14:37:40","Name":"yo","Source":"D:\\after fx projects","Target":"D:\\testsave\\diff\\after fx projects\\FullSaves","Size":"1633524894","Duration":"4585","EncryptDuration":"-1"}
{"Date":"14:37:40","Name":"yo","Source":"D:\\after fx projects","Target":"D:\\testsave\\diff\\after fx projects\\FullSaves","Size":"1633524894","Duration":"4585","EncryptDuration":"-1"}
{"Date":"14:37:40","Name":"yo","Source":"D:\\after fx projects","Target":"D:\\testsave\\diff\\after fx projects\\FullSaves","Size":"1633524894","Duration":"4585","EncryptDuration":"-1"}
{"Date":"14:37:40","Name":"yo","Source":"D:\\after fx projects","Target":"D:\\testsave\\diff\\after fx projects\\FullSaves","Size":"1633524894","Duration":"4585","EncryptDuration":"-1"}
{"Date":"14:37:40","Name":"yo","Source":"D:\\after fx projects","Target":"D:\\testsave\\diff\\after fx projects\\FullSaves","Size":"1633524894","Duration":"4585","EncryptDuration":"-1"}
{"Date":"14:37:40","Name":"yo","Source":"D:\\after fx projects","Target":"D:\\testsave\\diff\\after fx projects\\FullSaves","Size":"1633524894","Duration":"4585","EncryptDuration":"-1"}
{"Date":"14:38:18","Name":"yo","Source":"D:\\after fx projects","Target":"D:\\testsave\\diff\\after fx projects\\DiffSaves\\13_12_2020","Size":"1633224197","Duration":"4585","EncryptDuration":"-1"}
{"Date":"14:38:18","Name":"yo","Source":"D:\\after fx projects","Target":"D:\\testsave\\diff\\after fx projects\\DiffSaves\\13_12_2020","Size":"1633224197","Duration":"-1","EncryptDuration":"-1"}
{"Date":"14:38:18","Name":"yo","Source":"D:\\after fx projects","Target":"D:\\testsave\\diff\\after fx projects\\DiffSaves\\13_12_2020","Size":"1633224197","Duration":"4585","EncryptDuration":"-1"}
{"Date":"14:38:18","Name":"yo","Source":"D:\\after fx projects","Target":"D:\\testsave\\diff\\after fx projects\\DiffSaves\\13_12_2020","Size":"1633224197","Duration":"4585","EncryptDuration":"-1"}
{"Date":"14:38:18","Name":"yo","Source":"D:\\after fx projects","Target":"D:\\testsave\\diff\\after fx projects\\DiffSaves\\13_12_2020","Size":"1633224197","Duration":"4585","EncryptDuration":"-1"}
{"Date":"14:38:18","Name":"yo","Source":"D:\\after fx projects","Target":"D:\\testsave\\diff\\after fx projects\\DiffSaves\\13_12_2020","Size":"1633224197","Duration":"4585","EncryptDuration":"-1"}
{"Date":"14:38:18","Name":"yo","Source":"D:\\after fx projects","Target":"D:\\testsave\\diff\\after fx projects\\DiffSaves\\13_12_2020","Size":"1633224197","Duration":"4585","EncryptDuration":"-1"}
{"Date":"14:38:18","Name":"yo","Source":"D:\\after fx projects","Target":"D:\\testsave\\diff\\after fx projects\\DiffSaves\\13_12_2020","Size":"1633224197","Duration":"4585","EncryptDuration":"-1"}
{"Date":"14:38:18","Name":"yo","Source":"D:\\after fx projects","Target":"D:\\testsave\\diff\\after fx projects\\DiffSaves\\13_12_2020","Size":"1633224197","Duration":"4585","EncryptDuration":"-1"}
{"Date":"14:38:18","Name":"yo","Source":"D:\\after fx projects","Target":"D:\\testsave\\diff\\after fx projects\\DiffSaves\\13_12_2020","Size":"1633224197","Duration":"4585","EncryptDuration":"-1"}
{"Date":"14:38:18","Name":"yo","Source":"D:\\after fx projects","Target":"D:\\testsave\\diff\\after fx projects\\DiffSaves\\13_12_2020","Size":"1633224197","Duration":"4585","EncryptDuration":"-1"}
{"Date":"14:38:18","Name":"yo","Source":"D:\\after fx projects","Target":"D:\\testsave\\diff\\after fx projects\\DiffSaves\\13_12_2020","Size":"1633224197","Duration":"4585","EncryptDuration":"-1"}
{"Date":"14:38:18","Name":"yo","Source":"D:\\after fx projects","Target":"D:\\testsave\\diff\\after fx projects\\DiffSaves\\13_12_2020","Size":"1633224197","Duration":"4585","EncryptDuration":"-1"}
{"Date":"14:38:18","Name":"yo","Source":"D:\\after fx projects","Target":"D:\\testsave\\diff\\after fx projects\\DiffSaves\\13_12_2020","Size":"1633224197","Duration":"4585","EncryptDuration":"-1"}
{"Date":"14:38:18","Name":"yo","Source":"D:\\after fx projects","Target":"D:\\testsave\\diff\\after fx projects\\DiffSaves\\13_12_2020","Size":"1633224197","Duration":"4585","EncryptDuration":"-1"}
{"Date":"14:38:18","Name":"yo","Source":"D:\\after fx projects","Target":"D:\\testsave\\diff\\after fx projects\\DiffSaves\\13_12_2020","Size":"1633224197","Duration":"4585","EncryptDuration":"-1"}
{"Date":"14:38:18","Name":"yo","Source":"D:\\after fx projects","Target":"D:\\testsave\\diff\\after fx projects\\DiffSaves\\13_12_2020","Size":"1633224197","Duration":"4585","EncryptDuration":"-1"}
{"Date":"14:38:18","Name":"yo","Source":"D:\\after fx projects","Target":"D:\\testsave\\diff\\after fx projects\\DiffSaves\\13_12_2020","Size":"1633224197","Duration":"4585","EncryptDuration":"-1"}
{"Date":"14:38:18","Name":"yo","Source":"D:\\after fx projects","Target":"D:\\testsave\\diff\\after fx projects\\DiffSaves\\13_12_2020","Size":"1633224197","Duration":"4585","EncryptDuration":"-1"}
{"Date":"14:38:18","Name":"yo","Source":"D:\\after fx projects","Target":"D:\\testsave\\diff\\after fx projects\\DiffSaves\\13_12_2020","Size":"1633224197","Duration":"4585","EncryptDuration":"-1"}
{"Date":"14:38:18","Name":"yo","Source":"D:\\after fx projects","Target":"D:\\testsave\\diff\\after fx projects\\DiffSaves\\13_12_2020","Size":"1633224197","Duration":"4585","EncryptDuration":"-1"}
{"Date":"14:38:18","Name":"yo","Source":"D:\\after fx projects","Target":"D:\\testsave\\diff\\after fx projects\\DiffSaves\\13_12_2020","Size":"1633224197","Duration":"4585","EncryptDuration":"-1"}
{"Date":"14:38:18","Name":"yo","Source":"D:\\after fx projects","Target":"D:\\testsave\\diff\\after fx projects\\DiffSaves\\13_12_2020","Size":"1633224197","Duration":"4585","EncryptDuration":"-1"}
{"Date":"14:38:18","Name":"yo","Source":"D:\\after fx projects","Target":"D:\\testsave\\diff\\after fx projects\\DiffSaves\\13_12_2020","Size":"1633224197","Duration":"4585","EncryptDuration":"-1"}
{"Date":"14:38:18","Name":"yo","Source":"D:\\after fx projects","Target":"D:\\testsave\\diff\\after fx projects\\DiffSaves\\13_12_2020","Size":"1633224197","Duration":"4585","EncryptDuration":"-1"}
{"Date":"14:38:18","Name":"yo","Source":"D:\\after fx projects","Target":"D:\\testsave\\diff\\after fx projects\\DiffSaves\\13_12_2020","Size":"1633224197","Duration":"4585","EncryptDuration":"-1"}
{"Date":"14:38:18","Name":"yo","Source":"D:\\after fx projects","Target":"D:\\testsave\\diff\\after fx projects\\DiffSaves\\13_12_2020","Size":"1633224197","Duration":"4585","EncryptDuration":"-1"}
{"Date":"14:38:18","Name":"yo","Source":"D:\\after fx projects","Target":"D:\\testsave\\diff\\after fx projects\\DiffSaves\\13_12_2020","Size":"1633224197","Duration":"4585","EncryptDuration":"-1"}
{"Date":"14:38:18","Name":"yo","Source":"D:\\after fx projects","Target":"D:\\testsave\\diff\\after fx projects\\DiffSaves\\13_12_2020","Size":"1633224197","Duration":"4585","EncryptDuration":"-1"}
{"Date":"14:38:18","Name":"yo","Source":"D:\\after fx projects","Target":"D:\\testsave\\diff\\after fx projects\\DiffSaves\\13_12_2020","Size":"1633224197","Duration":"4585","EncryptDuration":"-1"}
{"Date":"14:38:18","Name":"yo","Source":"D:\\after fx projects","Target":"D:\\testsave\\diff\\after fx projects\\DiffSaves\\13_12_2020","Size":"1633224197","Duration":"4585","EncryptDuration":"-1"}
{"Date":"14:38:18","Name":"yo","Source":"D:\\after fx projects","Target":"D:\\testsave\\diff\\after fx projects\\DiffSaves\\13_12_2020","Size":"1633224197","Duration":"4585","EncryptDuration":"-1"}
{"Date":"14:38:18","Name":"yo","Source":"D:\\after fx projects","Target":"D:\\testsave\\diff\\after fx projects\\DiffSaves\\13_12_2020","Size":"1633224197","Duration":"4585","EncryptDuration":"-1"}
{"Date":"14:38:18","Name":"yo","Source":"D:\\after fx projects","Target":"D:\\testsave\\diff\\after fx projects\\DiffSaves\\13_12_2020","Size":"1633224197","Duration":"4585","EncryptDuration":"-1"}
{"Date":"14:38:18","Name":"yo","Source":"D:\\after fx projects","Target":"D:\\testsave\\diff\\after fx projects\\DiffSaves\\13_12_2020","Size":"1633224197","Duration":"4585","EncryptDuration":"-1"}
{"Date":"14:38:18","Name":"yo","Source":"D:\\after fx projects","Target":"D:\\testsave\\diff\\after fx projects\\DiffSaves\\13_12_2020","Size":"1633224197","Duration":"4585","EncryptDuration":"-1"}
{"Date":"14:38:18","Name":"yo","Source":"D:\\after fx projects","Target":"D:\\testsave\\diff\\after fx projects\\DiffSaves\\13_12_2020","Size":"1633224197","Duration":"4585","EncryptDuration":"-1"}
{"Date":"14:38:18","Name":"yo","Source":"D:\\after fx projects","Target":"D:\\testsave\\diff\\after fx projects\\DiffSaves\\13_12_2020","Size":"1633224197","Duration":"4585","EncryptDuration":"-1"}
{"Date":"14:38:18","Name":"yo","Source":"D:\\after fx projects","Target":"D:\\testsave\\diff\\after fx projects\\DiffSaves\\13_12_2020","Size":"1633224197","Duration":"4585","EncryptDuration":"-1"}
{"Date":"14:38:18","Name":"yo","Source":"D:\\after fx projects","Target":"D:\\testsave\\diff\\after fx projects\\DiffSaves\\13_12_2020","Size":"1633224197","Duration":"4585","EncryptDuration":"-1"}
{"Date":"14:38:18","Name":"yo","Source":"D:\\after fx projects","Target":"D:\\testsave\\diff\\after fx projects\\DiffSaves\\13_12_2020","Size":"1633224197","Duration":"4585","EncryptDuration":"-1"}
{"Date":"14:38:18","Name":"yo","Source":"D:\\after fx projects","Target":"D:\\testsave\\diff\\after fx projects\\DiffSaves\\13_12_2020","Size":"1633224197","Duration":"4585","EncryptDuration":"-1"}
{"Date":"14:39:46","Name":"yo","Source":"D:\\after fx projects","Target":"D:\\testsave\\diff","Size":"1633524894","Duration":"4585","EncryptDuration":"-1"}
{"Date":"14:50:08","Name":"yo","Source":"D:\\after fx projects","Target":"D:\\testsave\\diff","Size":"1633524894","Duration":"2941","EncryptDuration":"-1"}
{"Date":"14:50:08","Name":"yo","Source":"D:\\after fx projects","Target":"D:\\testsave\\diff","Size":"1633524894","Duration":"2941","EncryptDuration":"-1"}
{"Date":"14:53:11","Name":"yo","Source":"D:\\after fx projects","Target":"D:\\testsave\\diff","Size":"1633524894","Duration":"2809","EncryptDuration":"-1"}
{"Date":"14:53:11","Name":"yo","Source":"D:\\after fx projects","Target":"D:\\testsave\\diff","Size":"1633524894","Duration":"2809","EncryptDuration":"-1"}
{"Date":"14:53:11","Name":"yo","Source":"D:\\after fx projects","Target":"D:\\testsave\\diff","Size":"1633524894","Duration":"2867","EncryptDuration":"-1"}
{"Date":"14:53:11","Name":"yo","Source":"D:\\after fx projects","Target":"D:\\testsave\\diff","Size":"1633524894","Duration":"2877","EncryptDuration":"-1"}
{"Date":"14:53:11","Name":"yo","Source":"D:\\after fx projects","Target":"D:\\testsave\\diff","Size":"1633524894","Duration":"2880","EncryptDuration":"-1"}
{"Date":"14:53:11","Name":"yo","Source":"D:\\after fx projects","Target":"D:\\testsave\\diff","Size":"1633524894","Duration":"2887","EncryptDuration":"-1"}
{"Date":"14:53:11","Name":"yo","Source":"D:\\after fx projects","Target":"D:\\testsave\\diff","Size":"1633524894","Duration":"2892","EncryptDuration":"-1"}
{"Date":"14:53:11","Name":"yo","Source":"D:\\after fx projects","Target":"D:\\testsave\\diff","Size":"1633524894","Duration":"2896","EncryptDuration":"-1"}
{"Date":"14:53:11","Name":"yo","Source":"D:\\after fx projects","Target":"D:\\testsave\\diff","Size":"1633524894","Duration":"2900","EncryptDuration":"-1"}
{"Date":"14:53:11","Name":"yo","Source":"D:\\after fx projects","Target":"D:\\testsave\\diff","Size":"1633524894","Duration":"2904","EncryptDuration":"-1"}
{"Date":"14:53:11","Name":"yo","Source":"D:\\after fx projects","Target":"D:\\testsave\\diff","Size":"1633524894","Duration":"2911","EncryptDuration":"-1"}
{"Date":"14:53:11","Name":"yo","Source":"D:\\after fx projects","Target":"D:\\testsave\\diff","Size":"1633524894","Duration":"2916","EncryptDuration":"-1"}
{"Date":"14:53:11","Name":"yo","Source":"D:\\after fx projects","Target":"D:\\testsave\\diff","Size":"1633524894","Duration":"2921","EncryptDuration":"-1"}
{"Date":"14:53:11","Name":"yo","Source":"D:\\after fx projects","Target":"D:\\testsave\\diff","Size":"1633524894","Duration":"2924","EncryptDuration":"-1"}
{"Date":"14:53:11","Name":"yo","Source":"D:\\after fx projects","Target":"D:\\testsave\\diff","Size":"1633524894","Duration":"2988","EncryptDuration":"-1"}
{"Date":"14:53:11","Name":"yo","Source":"D:\\after fx projects","Target":"D:\\testsave\\diff","Size":"1633524894","Duration":"2988","EncryptDuration":"-1"}
{"Date":"14:53:11","Name":"yo","Source":"D:\\after fx projects","Target":"D:\\testsave\\diff","Size":"1633524894","Duration":"3048","EncryptDuration":"-1"}
{"Date":"14:53:11","Name":"yo","Source":"D:\\after fx projects","Target":"D:\\testsave\\diff","Size":"1633524894","Duration":"3048","EncryptDuration":"-1"}
{"Date":"14:53:11","Name":"yo","Source":"D:\\after fx projects","Target":"D:\\testsave\\diff","Size":"1633524894","Duration":"3159","EncryptDuration":"-1"}
{"Date":"14:53:11","Name":"yo","Source":"D:\\after fx projects","Target":"D:\\testsave\\diff","Size":"1633524894","Duration":"3159","EncryptDuration":"-1"}
{"Date":"14:53:11","Name":"yo","Source":"D:\\after fx projects","Target":"D:\\testsave\\diff","Size":"1633524894","Duration":"3176","EncryptDuration":"-1"}
{"Date":"14:53:11","Name":"yo","Source":"D:\\after fx projects","Target":"D:\\testsave\\diff","Size":"1633524894","Duration":"3180","EncryptDuration":"-1"}
{"Date":"14:53:11","Name":"yo","Source":"D:\\after fx projects","Target":"D:\\testsave\\diff","Size":"1633524894","Duration":"3191","EncryptDuration":"-1"}
{"Date":"14:53:11","Name":"yo","Source":"D:\\after fx projects","Target":"D:\\testsave\\diff","Size":"1633524894","Duration":"3195","EncryptDuration":"-1"}
{"Date":"14:53:11","Name":"yo","Source":"D:\\after fx projects","Target":"D:\\testsave\\diff","Size":"1633524894","Duration":"3201","EncryptDuration":"-1"}
{"Date":"14:53:11","Name":"yo","Source":"D:\\after fx projects","Target":"D:\\testsave\\diff","Size":"1633524894","Duration":"3205","EncryptDuration":"-1"}
{"Date":"14:53:11","Name":"yo","Source":"D:\\after fx projects","Target":"D:\\testsave\\diff","Size":"1633524894","Duration":"3211","EncryptDuration":"-1"}
{"Date":"14:53:11","Name":"yo","Source":"D:\\after fx projects","Target":"D:\\testsave\\diff","Size":"1633524894","Duration":"3215","EncryptDuration":"-1"}
{"Date":"14:53:11","Name":"yo","Source":"D:\\after fx projects","Target":"D:\\testsave\\diff","Size":"1633524894","Duration":"3230","EncryptDuration":"-1"}
{"Date":"14:53:11","Name":"yo","Source":"D:\\after fx projects","Target":"D:\\testsave\\diff","Size":"1633524894","Duration":"3233","EncryptDuration":"-1"}
{"Date":"14:53:11","Name":"yo","Source":"D:\\after fx projects","Target":"D:\\testsave\\diff","Size":"1633524894","Duration":"3349","EncryptDuration":"-1"}
{"Date":"14:53:11","Name":"yo","Source":"D:\\after fx projects","Target":"D:\\testsave\\diff","Size":"1633524894","Duration":"3349","EncryptDuration":"-1"}
{"Date":"14:53:11","Name":"yo","Source":"D:\\after fx projects","Target":"D:\\testsave\\diff","Size":"1633524894","Duration":"3362","EncryptDuration":"-1"}
{"Date":"14:53:11","Name":"yo","Source":"D:\\after fx projects","Target":"D:\\testsave\\diff","Size":"1633524894","Duration":"3366","EncryptDuration":"-1"}
{"Date":"14:53:11","Name":"yo","Source":"D:\\after fx projects","Target":"D:\\testsave\\diff","Size":"1633524894","Duration":"3373","EncryptDuration":"-1"}
{"Date":"14:53:11","Name":"yo","Source":"D:\\after fx projects","Target":"D:\\testsave\\diff","Size":"1633524894","Duration":"3377","EncryptDuration":"-1"}
{"Date":"14:53:11","Name":"yo","Source":"D:\\after fx projects","Target":"D:\\testsave\\diff","Size":"1633524894","Duration":"3383","EncryptDuration":"-1"}
{"Date":"14:53:11","Name":"yo","Source":"D:\\after fx projects","Target":"D:\\testsave\\diff","Size":"1633524894","Duration":"3386","EncryptDuration":"-1"}
{"Date":"14:53:11","Name":"yo","Source":"D:\\after fx projects","Target":"D:\\testsave\\diff","Size":"1633524894","Duration":"3391","EncryptDuration":"-1"}
{"Date":"14:53:11","Name":"yo","Source":"D:\\after fx projects","Target":"D:\\testsave\\diff","Size":"1633524894","Duration":"3396","EncryptDuration":"-1"}
{"Date":"14:53:11","Name":"yo","Source":"D:\\after fx projects","Target":"D:\\testsave\\diff","Size":"1633524894","Duration":"3399","EncryptDuration":"-1"}
{"Date":"14:53:11","Name":"yo","Source":"D:\\after fx projects","Target":"D:\\testsave\\diff","Size":"1633524894","Duration":"3404","EncryptDuration":"-1"}
{"Date":"14:53:11","Name":"yo","Source":"D:\\after fx projects","Target":"D:\\testsave\\diff","Size":"1633524894","Duration":"3408","EncryptDuration":"-1"}
{"Date":"14:53:11","Name":"yo","Source":"D:\\after fx projects","Target":"D:\\testsave\\diff","Size":"1633524894","Duration":"3412","EncryptDuration":"-1"}
{"Date":"14:53:11","Name":"yo","Source":"D:\\after fx projects","Target":"D:\\testsave\\diff","Size":"1633524894","Duration":"3416","EncryptDuration":"-1"}
{"Date":"14:53:11","Name":"yo","Source":"D:\\after fx projects","Target":"D:\\testsave\\diff","Size":"1633524894","Duration":"3421","EncryptDuration":"-1"}
{"Date":"14:53:11","Name":"yo","Source":"D:\\after fx projects","Target":"D:\\testsave\\diff","Size":"1633524894","Duration":"3425","EncryptDuration":"-1"}
{"Date":"14:53:11","Name":"yo","Source":"D:\\after fx projects","Target":"D:\\testsave\\diff","Size":"1633524894","Duration":"3430","EncryptDuration":"-1"}
{"Date":"14:53:11","Name":"yo","Source":"D:\\after fx projects","Target":"D:\\testsave\\diff","Size":"1633524894","Duration":"3440","EncryptDuration":"-1"}
{"Date":"14:53:11","Name":"yo","Source":"D:\\after fx projects","Target":"D:\\testsave\\diff","Size":"1633524894","Duration":"3446","EncryptDuration":"-1"}
{"Date":"14:53:11","Name":"yo","Source":"D:\\after fx projects","Target":"D:\\testsave\\diff","Size":"1633524894","Duration":"3456","EncryptDuration":"-1"}
{"Date":"14:53:11","Name":"yo","Source":"D:\\after fx projects","Target":"D:\\testsave\\diff","Size":"1633524894","Duration":"3464","EncryptDuration":"-1"}
{"Date":"14:53:11","Name":"yo","Source":"D:\\after fx projects","Target":"D:\\testsave\\diff","Size":"1633524894","Duration":"3472","EncryptDuration":"-1"}
{"Date":"14:53:11","Name":"yo","Source":"D:\\after fx projects","Target":"D:\\testsave\\diff","Size":"1633524894","Duration":"3480","EncryptDuration":"-1"}
{"Date":"14:53:11","Name":"yo","Source":"D:\\after fx projects","Target":"D:\\testsave\\diff","Size":"1633524894","Duration":"3492","EncryptDuration":"-1"}
{"Date":"14:53:11","Name":"yo","Source":"D:\\after fx projects","Target":"D:\\testsave\\diff","Size":"1633524894","Duration":"3497","EncryptDuration":"-1"}
{"Date":"14:53:11","Name":"yo","Source":"D:\\after fx projects","Target":"D:\\testsave\\diff","Size":"1633524894","Duration":"3510","EncryptDuration":"-1"}
{"Date":"14:53:11","Name":"yo","Source":"D:\\after fx projects","Target":"D:\\testsave\\diff","Size":"1633524894","Duration":"3514","EncryptDuration":"-1"}
{"Date":"14:53:11","Name":"yo","Source":"D:\\after fx projects","Target":"D:\\testsave\\diff","Size":"1633524894","Duration":"3527","EncryptDuration":"-1"}
{"Date":"14:53:11","Name":"yo","Source":"D:\\after fx projects","Target":"D:\\testsave\\diff","Size":"1633524894","Duration":"3531","EncryptDuration":"-1"}
{"Date":"14:53:11","Name":"yo","Source":"D:\\after fx projects","Target":"D:\\testsave\\diff","Size":"1633524894","Duration":"3544","EncryptDuration":"-1"}
{"Date":"14:53:11","Name":"yo","Source":"D:\\after fx projects","Target":"D:\\testsave\\diff","Size":"1633524894","Duration":"3608","EncryptDuration":"-1"}
{"Date":"14:53:11","Name":"yo","Source":"D:\\after fx projects","Target":"D:\\testsave\\diff","Size":"1633524894","Duration":"3612","EncryptDuration":"-1"}
{"Date":"14:53:11","Name":"yo","Source":"D:\\after fx projects","Target":"D:\\testsave\\diff","Size":"1633524894","Duration":"3626","EncryptDuration":"-1"}
{"Date":"14:53:11","Name":"yo","Source":"D:\\after fx projects","Target":"D:\\testsave\\diff","Size":"1633524894","Duration":"3630","EncryptDuration":"-1"}
{"Date":"14:53:11","Name":"yo","Source":"D:\\after fx projects","Target":"D:\\testsave\\diff","Size":"1633524894","Duration":"3645","EncryptDuration":"-1"}
{"Date":"14:53:11","Name":"yo","Source":"D:\\after fx projects","Target":"D:\\testsave\\diff","Size":"1633524894","Duration":"3647","EncryptDuration":"-1"}
{"Date":"14:53:11","Name":"yo","Source":"D:\\after fx projects","Target":"D:\\testsave\\diff","Size":"1633524894","Duration":"3664","EncryptDuration":"-1"}
{"Date":"14:53:11","Name":"yo","Source":"D:\\after fx projects","Target":"D:\\testsave\\diff","Size":"1633524894","Duration":"3667","EncryptDuration":"-1"}
{"Date":"14:53:11","Name":"yo","Source":"D:\\after fx projects","Target":"D:\\testsave\\diff","Size":"1633524894","Duration":"3677","EncryptDuration":"-1"}
{"Date":"14:53:11","Name":"yo","Source":"D:\\after fx projects","Target":"D:\\testsave\\diff","Size":"1633524894","Duration":"3682","EncryptDuration":"-1"}
{"Date":"14:53:11","Name":"yo","Source":"D:\\after fx projects","Target":"D:\\testsave\\diff","Size":"1633524894","Duration":"3689","EncryptDuration":"-1"}
{"Date":"14:53:11","Name":"yo","Source":"D:\\after fx projects","Target":"D:\\testsave\\diff","Size":"1633524894","Duration":"8672","EncryptDuration":"-1"}
{"Date":"14:53:11","Name":"yo","Source":"D:\\after fx projects","Target":"D:\\testsave\\diff","Size":"1633524894","Duration":"8672","EncryptDuration":"-1"}
{"Date":"14:53:11","Name":"yo","Source":"D:\\after fx projects","Target":"D:\\testsave\\diff","Size":"1633524894","Duration":"20356","EncryptDuration":"-1"}
{"Date":"14:53:11","Name":"yo","Source":"D:\\after fx projects","Target":"D:\\testsave\\diff","Size":"1633524894","Duration":"20647","EncryptDuration":"-1"}
{"Date":"14:53:11","Name":"yo","Source":"D:\\after fx projects","Target":"D:\\testsave\\diff","Size":"1633524894","Duration":"20758","EncryptDuration":"-1"}
{"Date":"14:53:11","Name":"yo","Source":"D:\\after fx projects","Target":"D:\\testsave\\diff","Size":"1633524894","Duration":"20767","EncryptDuration":"-1"}
{"Date":"14:53:11","Name":"yo","Source":"D:\\after fx projects","Target":"D:\\testsave\\diff","Size":"1633524894","Duration":"20767","EncryptDuration":"-1"}
{"Date":"14:53:11","Name":"yo","Source":"D:\\after fx projects","Target":"D:\\testsave\\diff","Size":"1633524894","Duration":"20767","EncryptDuration":"-1"}
{"Date":"14:53:11","Name":"yo","Source":"D:\\after fx projects","Target":"D:\\testsave\\diff","Size":"1633524894","Duration":"20767","EncryptDuration":"-1"}
{"Date":"14:53:11","Name":"yo","Source":"D:\\after fx projects","Target":"D:\\testsave\\diff","Size":"1633524894","Duration":"20767","EncryptDuration":"-1"}
{"Date":"14:53:47","Name":"okaye","Source":"D:\\after fx projects","Target":"D:\\testsave\\diff","Size":"1633524894","Duration":"20767","EncryptDuration":"-1"}
{"Date":"14:53:47","Name":"okaye","Source":"D:\\after fx projects","Target":"D:\\testsave\\diff","Size":"1633524894","Duration":"20767","EncryptDuration":"-1"}
{"Date":"14:53:47","Name":"okaye","Source":"D:\\after fx projects","Target":"D:\\testsave\\diff","Size":"1633524894","Duration":"20767","EncryptDuration":"-1"}
{"Date":"14:53:47","Name":"okaye","Source":"D:\\after fx projects","Target":"D:\\testsave\\diff","Size":"1633524894","Duration":"20767","EncryptDuration":"-1"}
{"Date":"14:53:47","Name":"okaye","Source":"D:\\after fx projects","Target":"D:\\testsave\\diff","Size":"1633524894","Duration":"20767","EncryptDuration":"-1"}
{"Date":"14:53:47","Name":"okaye","Source":"D:\\after fx projects","Target":"D:\\testsave\\diff","Size":"1633524894","Duration":"20767","EncryptDuration":"-1"}
{"Date":"14:53:47","Name":"okaye","Source":"D:\\after fx projects","Target":"D:\\testsave\\diff","Size":"1633524894","Duration":"20767","EncryptDuration":"-1"}
{"Date":"14:53:47","Name":"okaye","Source":"D:\\after fx projects","Target":"D:\\testsave\\diff","Size":"1633524894","Duration":"20767","EncryptDuration":"-1"}
{"Date":"14:53:47","Name":"okaye","Source":"D:\\after fx projects","Target":"D:\\testsave\\diff","Size":"1633524894","Duration":"20767","EncryptDuration":"-1"}
{"Date":"14:53:47","Name":"okaye","Source":"D:\\after fx projects","Target":"D:\\testsave\\diff","Size":"1633524894","Duration":"20767","EncryptDuration":"-1"}
{"Date":"14:53:47","Name":"okaye","Source":"D:\\after fx projects","Target":"D:\\testsave\\diff","Size":"1633524894","Duration":"20767","EncryptDuration":"-1"}
{"Date":"14:53:47","Name":"okaye","Source":"D:\\after fx projects","Target":"D:\\testsave\\diff","Size":"1633524894","Duration":"20767","EncryptDuration":"-1"}
{"Date":"14:53:47","Name":"okaye","Source":"D:\\after fx projects","Target":"D:\\testsave\\diff","Size":"1633524894","Duration":"20767","EncryptDuration":"-1"}
{"Date":"14:53:47","Name":"okaye","Source":"D:\\after fx projects","Target":"D:\\testsave\\diff","Size":"1633524894","Duration":"20767","EncryptDuration":"-1"}
{"Date":"14:53:47","Name":"okaye","Source":"D:\\after fx projects","Target":"D:\\testsave\\diff","Size":"1633524894","Duration":"20767","EncryptDuration":"-1"}
{"Date":"14:53:47","Name":"okaye","Source":"D:\\after fx projects","Target":"D:\\testsave\\diff","Size":"1633524894","Duration":"20767","EncryptDuration":"-1"}
{"Date":"14:53:47","Name":"okaye","Source":"D:\\after fx projects","Target":"D:\\testsave\\diff","Size":"1633524894","Duration":"20767","EncryptDuration":"-1"}
{"Date":"14:53:47","Name":"okaye","Source":"D:\\after fx projects","Target":"D:\\testsave\\diff","Size":"1633524894","Duration":"20767","EncryptDuration":"-1"}
{"Date":"14:53:47","Name":"okaye","Source":"D:\\after fx projects","Target":"D:\\testsave\\diff","Size":"1633524894","Duration":"20767","EncryptDuration":"-1"}
{"Date":"14:53:47","Name":"okaye","Source":"D:\\after fx projects","Target":"D:\\testsave\\diff","Size":"1633524894","Duration":"20767","EncryptDuration":"-1"}
{"Date":"14:53:47","Name":"okaye","Source":"D:\\after fx projects","Target":"D:\\testsave\\diff","Size":"1633524894","Duration":"20767","EncryptDuration":"-1"}
{"Date":"14:53:47","Name":"okaye","Source":"D:\\after fx projects","Target":"D:\\testsave\\diff","Size":"1633524894","Duration":"20767","EncryptDuration":"-1"}
{"Date":"14:53:47","Name":"okaye","Source":"D:\\after fx projects","Target":"D:\\testsave\\diff","Size":"1633524894","Duration":"20767","EncryptDuration":"-1"}
{"Date":"14:53:47","Name":"okaye","Source":"D:\\after fx projects","Target":"D:\\testsave\\diff","Size":"1633524894","Duration":"20767","EncryptDuration":"-1"}
{"Date":"14:53:47","Name":"okaye","Source":"D:\\after fx projects","Target":"D:\\testsave\\diff","Size":"1633524894","Duration":"20767","EncryptDuration":"-1"}
{"Date":"14:53:47","Name":"okaye","Source":"D:\\after fx projects","Target":"D:\\testsave\\diff","Size":"1633524894","Duration":"20767","EncryptDuration":"-1"}
{"Date":"14:53:47","Name":"okaye","Source":"D:\\after fx projects","Target":"D:\\testsave\\diff","Size":"1633524894","Duration":"20767","EncryptDuration":"-1"}
{"Date":"14:53:47","Name":"okaye","Source":"D:\\after fx projects","Target":"D:\\testsave\\diff","Size":"1633524894","Duration":"20767","EncryptDuration":"-1"}
{"Date":"14:53:47","Name":"okaye","Source":"D:\\after fx projects","Target":"D:\\testsave\\diff","Size":"1633524894","Duration":"20767","EncryptDuration":"-1"}
{"Date":"14:53:47","Name":"okaye","Source":"D:\\after fx projects","Target":"D:\\testsave\\diff","Size":"1633524894","Duration":"20767","EncryptDuration":"-1"}
{"Date":"14:53:47","Name":"okaye","Source":"D:\\after fx projects","Target":"D:\\testsave\\diff","Size":"1633524894","Duration":"20767","EncryptDuration":"-1"}
{"Date":"14:53:47","Name":"okaye","Source":"D:\\after fx projects","Target":"D:\\testsave\\diff","Size":"1633524894","Duration":"20767","EncryptDuration":"-1"}
{"Date":"14:53:47","Name":"okaye","Source":"D:\\after fx projects","Target":"D:\\testsave\\diff","Size":"1633524894","Duration":"20767","EncryptDuration":"-1"}
{"Date":"14:53:47","Name":"okaye","Source":"D:\\after fx projects","Target":"D:\\testsave\\diff","Size":"1633524894","Duration":"20767","EncryptDuration":"-1"}
{"Date":"14:53:47","Name":"okaye","Source":"D:\\after fx projects","Target":"D:\\testsave\\diff","Size":"1633524894","Duration":"20767","EncryptDuration":"-1"}
{"Date":"14:53:47","Name":"okaye","Source":"D:\\after fx projects","Target":"D:\\testsave\\diff","Size":"1633524894","Duration":"20767","EncryptDuration":"-1"}
{"Date":"14:53:47","Name":"okaye","Source":"D:\\after fx projects","Target":"D:\\testsave\\diff","Size":"1633524894","Duration":"20767","EncryptDuration":"-1"}
{"Date":"14:53:47","Name":"okaye","Source":"D:\\after fx projects","Target":"D:\\testsave\\diff","Size":"1633524894","Duration":"20767","EncryptDuration":"-1"}
{"Date":"14:53:47","Name":"okaye","Source":"D:\\after fx projects","Target":"D:\\testsave\\diff","Size":"1633524894","Duration":"20767","EncryptDuration":"-1"}
{"Date":"14:53:47","Name":"okaye","Source":"D:\\after fx projects","Target":"D:\\testsave\\diff","Size":"1633524894","Duration":"20767","EncryptDuration":"-1"}
{"Date":"14:53:47","Name":"okaye","Source":"D:\\after fx projects","Target":"D:\\testsave\\diff","Size":"1633524894","Duration":"20767","EncryptDuration":"-1"}
{"Date":"14:53:47","Name":"okaye","Source":"D:\\after fx projects","Target":"D:\\testsave\\diff","Size":"1633524894","Duration":"20767","EncryptDuration":"-1"}
{"Date":"14:53:47","Name":"okaye","Source":"D:\\after fx projects","Target":"D:\\testsave\\diff","Size":"1633524894","Duration":"20767","EncryptDuration":"-1"}
{"Date":"14:53:47","Name":"okaye","Source":"D:\\after fx projects","Target":"D:\\testsave\\diff","Size":"1633524894","Duration":"20767","EncryptDuration":"-1"}
{"Date":"14:53:47","Name":"okaye","Source":"D:\\after fx projects","Target":"D:\\testsave\\diff","Size":"1633524894","Duration":"20767","EncryptDuration":"-1"}
{"Date":"14:53:47","Name":"okaye","Source":"D:\\after fx projects","Target":"D:\\testsave\\diff","Size":"1633524894","Duration":"20767","EncryptDuration":"-1"}
{"Date":"14:53:47","Name":"okaye","Source":"D:\\after fx projects","Target":"D:\\testsave\\diff","Size":"1633524894","Duration":"20767","EncryptDuration":"-1"}
{"Date":"14:53:47","Name":"okaye","Source":"D:\\after fx projects","Target":"D:\\testsave\\diff","Size":"1633524894","Duration":"20767","EncryptDuration":"-1"}
{"Date":"14:53:47","Name":"okaye","Source":"D:\\after fx projects","Target":"D:\\testsave\\diff","Size":"1633524894","Duration":"20767","EncryptDuration":"-1"}
{"Date":"14:53:47","Name":"okaye","Source":"D:\\after fx projects","Target":"D:\\testsave\\diff","Size":"1633524894","Duration":"20767","EncryptDuration":"-1"}
{"Date":"14:53:47","Name":"okaye","Source":"D:\\after fx projects","Target":"D:\\testsave\\diff","Size":"1633524894","Duration":"20767","EncryptDuration":"-1"}
{"Date":"14:53:47","Name":"okaye","Source":"D:\\after fx projects","Target":"D:\\testsave\\diff","Size":"1633524894","Duration":"20767","EncryptDuration":"-1"}
{"Date":"14:53:47","Name":"okaye","Source":"D:\\after fx projects","Target":"D:\\testsave\\diff","Size":"1633524894","Duration":"20767","EncryptDuration":"-1"}
{"Date":"14:53:47","Name":"okaye","Source":"D:\\after fx projects","Target":"D:\\testsave\\diff","Size":"1633524894","Duration":"20767","EncryptDuration":"-1"}
{"Date":"14:53:47","Name":"okaye","Source":"D:\\after fx projects","Target":"D:\\testsave\\diff","Size":"1633524894","Duration":"20767","EncryptDuration":"-1"}
{"Date":"14:53:47","Name":"okaye","Source":"D:\\after fx projects","Target":"D:\\testsave\\diff","Size":"1633524894","Duration":"20767","EncryptDuration":"-1"}
{"Date":"14:53:47","Name":"okaye","Source":"D:\\after fx projects","Target":"D:\\testsave\\diff","Size":"1633524894","Duration":"20767","EncryptDuration":"-1"}
{"Date":"14:53:47","Name":"okaye","Source":"D:\\after fx projects","Target":"D:\\testsave\\diff","Size":"1633524894","Duration":"20767","EncryptDuration":"-1"}
{"Date":"14:53:47","Name":"okaye","Source":"D:\\after fx projects","Target":"D:\\testsave\\diff","Size":"1633524894","Duration":"20767","EncryptDuration":"-1"}
{"Date":"14:53:47","Name":"okaye","Source":"D:\\after fx projects","Target":"D:\\testsave\\diff","Size":"1633524894","Duration":"20767","EncryptDuration":"-1"}
{"Date":"14:53:47","Name":"okaye","Source":"D:\\after fx projects","Target":"D:\\testsave\\diff","Size":"1633524894","Duration":"20767","EncryptDuration":"-1"}
{"Date":"14:53:47","Name":"okaye","Source":"D:\\after fx projects","Target":"D:\\testsave\\diff","Size":"1633524894","Duration":"20767","EncryptDuration":"-1"}
{"Date":"14:53:47","Name":"okaye","Source":"D:\\after fx projects","Target":"D:\\testsave\\diff","Size":"1633524894","Duration":"20767","EncryptDuration":"-1"}
{"Date":"14:53:47","Name":"okaye","Source":"D:\\after fx projects","Target":"D:\\testsave\\diff","Size":"1633524894","Duration":"20767","EncryptDuration":"-1"}
{"Date":"14:53:47","Name":"okaye","Source":"D:\\after fx projects","Target":"D:\\testsave\\diff","Size":"1633524894","Duration":"20767","EncryptDuration":"-1"}
{"Date":"14:53:47","Name":"okaye","Source":"D:\\after fx projects","Target":"D:\\testsave\\diff","Size":"1633524894","Duration":"20767","EncryptDuration":"-1"}
{"Date":"14:53:47","Name":"okaye","Source":"D:\\after fx projects","Target":"D:\\testsave\\diff","Size":"1633524894","Duration":"20767","EncryptDuration":"-1"}
{"Date":"14:53:47","Name":"okaye","Source":"D:\\after fx projects","Target":"D:\\testsave\\diff","Size":"1633524894","Duration":"20767","EncryptDuration":"-1"}
{"Date":"14:53:47","Name":"okaye","Source":"D:\\after fx projects","Target":"D:\\testsave\\diff","Size":"1633524894","Duration":"20767","EncryptDuration":"-1"}
{"Date":"14:53:47","Name":"okaye","Source":"D:\\after fx projects","Target":"D:\\testsave\\diff","Size":"1633524894","Duration":"20767","EncryptDuration":"-1"}
{"Date":"14:53:47","Name":"okaye","Source":"D:\\after fx projects","Target":"D:\\testsave\\diff","Size":"1633524894","Duration":"20767","EncryptDuration":"-1"}
{"Date":"14:53:47","Name":"okaye","Source":"D:\\after fx projects","Target":"D:\\testsave\\diff","Size":"1633524894","Duration":"20767","EncryptDuration":"-1"}
{"Date":"14:53:47","Name":"okaye","Source":"D:\\after fx projects","Target":"D:\\testsave\\diff","Size":"1633524894","Duration":"20767","EncryptDuration":"-1"}
{"Date":"14:53:47","Name":"okaye","Source":"D:\\after fx projects","Target":"D:\\testsave\\diff","Size":"1633524894","Duration":"20767","EncryptDuration":"-1"}
{"Date":"14:53:47","Name":"okaye","Source":"D:\\after fx projects","Target":"D:\\testsave\\diff","Size":"1633524894","Duration":"20767","EncryptDuration":"-1"}
{"Date":"14:53:47","Name":"okaye","Source":"D:\\after fx projects","Target":"D:\\testsave\\diff","Size":"1633524894","Duration":"20767","EncryptDuration":"-1"}
{"Date":"14:53:47","Name":"okaye","Source":"D:\\after fx projects","Target":"D:\\testsave\\diff","Size":"1633524894","Duration":"20767","EncryptDuration":"-1"}
{"Date":"14:53:47","Name":"okaye","Source":"D:\\after fx projects","Target":"D:\\testsave\\diff","Size":"1633524894","Duration":"20767","EncryptDuration":"-1"}
{"Date":"14:53:47","Name":"okaye","Source":"D:\\after fx projects","Target":"D:\\testsave\\diff","Size":"1633524894","Duration":"20767","EncryptDuration":"-1"}
{"Date":"14:53:47","Name":"okaye","Source":"D:\\after fx projects","Target":"D:\\testsave\\diff","Size":"1633524894","Duration":"20767","EncryptDuration":"-1"}
{"Date":"14:53:47","Name":"okaye","Source":"D:\\after fx projects","Target":"D:\\testsave\\diff","Size":"1633524894","Duration":"20767","EncryptDuration":"-1"}
{"Date":"14:53:47","Name":"okaye","Source":"D:\\after fx projects","Target":"D:\\testsave\\diff","Size":"1633524894","Duration":"20767","EncryptDuration":"-1"}
{"Date":"14:54:35","Name":"yo","Source":"D:\\fond d\u0027\u00E9cran","Target":"D:\\testsave\\diff","Size":"31135839","Duration":"20767","EncryptDuration":"-1"}
{"Date":"14:54:35","Name":"yo","Source":"D:\\fond d\u0027\u00E9cran","Target":"D:\\testsave\\diff","Size":"31135839","Duration":"20767","EncryptDuration":"-1"}
{"Date":"14:54:35","Name":"yo","Source":"D:\\fond d\u0027\u00E9cran","Target":"D:\\testsave\\diff","Size":"31135839","Duration":"20767","EncryptDuration":"-1"}
{"Date":"14:54:35","Name":"yo","Source":"D:\\fond d\u0027\u00E9cran","Target":"D:\\testsave\\diff","Size":"31135839","Duration":"20767","EncryptDuration":"-1"}
{"Date":"14:54:35","Name":"yo","Source":"D:\\fond d\u0027\u00E9cran","Target":"D:\\testsave\\diff","Size":"31135839","Duration":"20767","EncryptDuration":"-1"}
{"Date":"14:54:35","Name":"yo","Source":"D:\\fond d\u0027\u00E9cran","Target":"D:\\testsave\\diff","Size":"31135839","Duration":"20767","EncryptDuration":"-1"}
{"Date":"14:54:35","Name":"yo","Source":"D:\\fond d\u0027\u00E9cran","Target":"D:\\testsave\\diff","Size":"31135839","Duration":"20767","EncryptDuration":"-1"}
{"Date":"14:54:35","Name":"yo","Source":"D:\\fond d\u0027\u00E9cran","Target":"D:\\testsave\\diff","Size":"31135839","Duration":"20767","EncryptDuration":"-1"}
{"Date":"14:54:35","Name":"yo","Source":"D:\\fond d\u0027\u00E9cran","Target":"D:\\testsave\\diff","Size":"31135839","Duration":"20767","EncryptDuration":"-1"}
{"Date":"14:54:35","Name":"yo","Source":"D:\\fond d\u0027\u00E9cran","Target":"D:\\testsave\\diff","Size":"31135839","Duration":"20767","EncryptDuration":"-1"}
{"Date":"14:54:35","Name":"yo","Source":"D:\\fond d\u0027\u00E9cran","Target":"D:\\testsave\\diff","Size":"31135839","Duration":"20767","EncryptDuration":"-1"}
{"Date":"14:54:35","Name":"yo","Source":"D:\\fond d\u0027\u00E9cran","Target":"D:\\testsave\\diff","Size":"31135839","Duration":"20767","EncryptDuration":"-1"}
{"Date":"14:54:35","Name":"yo","Source":"D:\\fond d\u0027\u00E9cran","Target":"D:\\testsave\\diff","Size":"31135839","Duration":"20767","EncryptDuration":"-1"}
{"Date":"14:54:35","Name":"yo","Source":"D:\\fond d\u0027\u00E9cran","Target":"D:\\testsave\\diff","Size":"31135839","Duration":"20767","EncryptDuration":"-1"}
{"Date":"14:54:35","Name":"yo","Source":"D:\\fond d\u0027\u00E9cran","Target":"D:\\testsave\\diff","Size":"31135839","Duration":"20767","EncryptDuration":"-1"}
{"Date":"14:54:35","Name":"yo","Source":"D:\\fond d\u0027\u00E9cran","Target":"D:\\testsave\\diff","Size":"31135839","Duration":"20767","EncryptDuration":"-1"}
{"Date":"14:54:35","Name":"yo","Source":"D:\\fond d\u0027\u00E9cran","Target":"D:\\testsave\\diff","Size":"31135839","Duration":"20767","EncryptDuration":"-1"}
{"Date":"14:54:35","Name":"yo","Source":"D:\\fond d\u0027\u00E9cran","Target":"D:\\testsave\\diff","Size":"31135839","Duration":"20767","EncryptDuration":"-1"}
{"Date":"14:54:35","Name":"yo","Source":"D:\\fond d\u0027\u00E9cran","Target":"D:\\testsave\\diff","Size":"31135839","Duration":"20767","EncryptDuration":"-1"}
{"Date":"14:54:35","Name":"yo","Source":"D:\\fond d\u0027\u00E9cran","Target":"D:\\testsave\\diff","Size":"31135839","Duration":"20767","EncryptDuration":"-1"}
{"Date":"14:54:35","Name":"yo","Source":"D:\\fond d\u0027\u00E9cran","Target":"D:\\testsave\\diff","Size":"31135839","Duration":"20767","EncryptDuration":"-1"}
{"Date":"14:54:35","Name":"yo","Source":"D:\\fond d\u0027\u00E9cran","Target":"D:\\testsave\\diff","Size":"31135839","Duration":"20767","EncryptDuration":"-1"}
{"Date":"14:54:35","Name":"yo","Source":"D:\\fond d\u0027\u00E9cran","Target":"D:\\testsave\\diff","Size":"31135839","Duration":"20767","EncryptDuration":"-1"}
{"Date":"14:54:35","Name":"yo","Source":"D:\\fond d\u0027\u00E9cran","Target":"D:\\testsave\\diff","Size":"31135839","Duration":"20767","EncryptDuration":"-1"}
{"Date":"14:54:35","Name":"yo","Source":"D:\\fond d\u0027\u00E9cran","Target":"D:\\testsave\\diff","Size":"31135839","Duration":"20767","EncryptDuration":"-1"}
{"Date":"14:54:35","Name":"yo","Source":"D:\\fond d\u0027\u00E9cran","Target":"D:\\testsave\\diff","Size":"31135839","Duration":"20767","EncryptDuration":"-1"}
{"Date":"14:54:35","Name":"yo","Source":"D:\\fond d\u0027\u00E9cran","Target":"D:\\testsave\\diff","Size":"31135839","Duration":"20767","EncryptDuration":"-1"}
{"Date":"14:54:35","Name":"yo","Source":"D:\\fond d\u0027\u00E9cran","Target":"D:\\testsave\\diff","Size":"31135839","Duration":"20767","EncryptDuration":"-1"}
{"Date":"14:54:35","Name":"yo","Source":"D:\\fond d\u0027\u00E9cran","Target":"D:\\testsave\\diff","Size":"31135839","Duration":"20767","EncryptDuration":"-1"}
{"Date":"14:54:35","Name":"yo","Source":"D:\\fond d\u0027\u00E9cran","Target":"D:\\testsave\\diff","Size":"31135839","Duration":"20767","EncryptDuration":"-1"}
{"Date":"14:54:35","Name":"yo","Source":"D:\\fond d\u0027\u00E9cran","Target":"D:\\testsave\\diff","Size":"31135839","Duration":"20767","EncryptDuration":"-1"}
{"Date":"14:54:35","Name":"yo","Source":"D:\\fond d\u0027\u00E9cran","Target":"D:\\testsave\\diff","Size":"31135839","Duration":"20767","EncryptDuration":"-1"}
{"Date":"14:54:35","Name":"yo","Source":"D:\\fond d\u0027\u00E9cran","Target":"D:\\testsave\\diff","Size":"31135839","Duration":"20767","EncryptDuration":"-1"}
{"Date":"14:54:35","Name":"yo","Source":"D:\\fond d\u0027\u00E9cran","Target":"D:\\testsave\\diff","Size":"31135839","Duration":"20767","EncryptDuration":"-1"}
{"Date":"14:54:35","Name":"yo","Source":"D:\\fond d\u0027\u00E9cran","Target":"D:\\testsave\\diff","Size":"31135839","Duration":"20767","EncryptDuration":"-1"}
{"Date":"14:54:35","Name":"yo","Source":"D:\\fond d\u0027\u00E9cran","Target":"D:\\testsave\\diff","Size":"31135839","Duration":"20767","EncryptDuration":"-1"}
{"Date":"14:54:35","Name":"yo","Source":"D:\\fond d\u0027\u00E9cran","Target":"D:\\testsave\\diff","Size":"31135839","Duration":"20767","EncryptDuration":"-1"}
{"Date":"14:54:35","Name":"yo","Source":"D:\\fond d\u0027\u00E9cran","Target":"D:\\testsave\\diff","Size":"31135839","Duration":"20767","EncryptDuration":"-1"}
{"Date":"14:54:35","Name":"yo","Source":"D:\\fond d\u0027\u00E9cran","Target":"D:\\testsave\\diff","Size":"31135839","Duration":"20767","EncryptDuration":"-1"}
{"Date":"14:54:35","Name":"yo","Source":"D:\\fond d\u0027\u00E9cran","Target":"D:\\testsave\\diff","Size":"31135839","Duration":"20767","EncryptDuration":"-1"}
{"Date":"14:54:35","Name":"yo","Source":"D:\\fond d\u0027\u00E9cran","Target":"D:\\testsave\\diff","Size":"31135839","Duration":"20767","EncryptDuration":"-1"}
{"Date":"14:54:35","Name":"yo","Source":"D:\\fond d\u0027\u00E9cran","Target":"D:\\testsave\\diff","Size":"31135839","Duration":"20767","EncryptDuration":"-1"}
{"Date":"14:54:35","Name":"yo","Source":"D:\\fond d\u0027\u00E9cran","Target":"D:\\testsave\\diff","Size":"31135839","Duration":"20767","EncryptDuration":"-1"}
{"Date":"14:54:35","Name":"yo","Source":"D:\\fond d\u0027\u00E9cran","Target":"D:\\testsave\\diff","Size":"31135839","Duration":"20767","EncryptDuration":"-1"}
{"Date":"14:54:35","Name":"yo","Source":"D:\\fond d\u0027\u00E9cran","Target":"D:\\testsave\\diff","Size":"31135839","Duration":"20767","EncryptDuration":"-1"}
{"Date":"14:54:35","Name":"yo","Source":"D:\\fond d\u0027\u00E9cran","Target":"D:\\testsave\\diff","Size":"31135839","Duration":"20767","EncryptDuration":"-1"}
{"Date":"14:54:35","Name":"yo","Source":"D:\\fond d\u0027\u00E9cran","Target":"D:\\testsave\\diff","Size":"31135839","Duration":"20767","EncryptDuration":"-1"}
{"Date":"14:54:35","Name":"yo","Source":"D:\\fond d\u0027\u00E9cran","Target":"D:\\testsave\\diff","Size":"31135839","Duration":"20767","EncryptDuration":"-1"}
{"Date":"14:54:35","Name":"yo","Source":"D:\\fond d\u0027\u00E9cran","Target":"D:\\testsave\\diff","Size":"31135839","Duration":"20767","EncryptDuration":"-1"}
{"Date":"14:54:35","Name":"yo","Source":"D:\\fond d\u0027\u00E9cran","Target":"D:\\testsave\\diff","Size":"31135839","Duration":"20767","EncryptDuration":"-1"}
{"Date":"14:54:35","Name":"yo","Source":"D:\\fond d\u0027\u00E9cran","Target":"D:\\testsave\\diff","Size":"31135839","Duration":"20767","EncryptDuration":"-1"}
{"Date":"14:54:35","Name":"yo","Source":"D:\\fond d\u0027\u00E9cran","Target":"D:\\testsave\\diff","Size":"31135839","Duration":"20767","EncryptDuration":"-1"}
{"Date":"14:54:35","Name":"yo","Source":"D:\\fond d\u0027\u00E9cran","Target":"D:\\testsave\\diff","Size":"31135839","Duration":"20767","EncryptDuration":"-1"}
{"Date":"14:54:35","Name":"yo","Source":"D:\\fond d\u0027\u00E9cran","Target":"D:\\testsave\\diff","Size":"31135839","Duration":"20767","EncryptDuration":"-1"}
{"Date":"14:54:35","Name":"yo","Source":"D:\\fond d\u0027\u00E9cran","Target":"D:\\testsave\\diff","Size":"31135839","Duration":"20767","EncryptDuration":"-1"}
{"Date":"14:54:35","Name":"yo","Source":"D:\\fond d\u0027\u00E9cran","Target":"D:\\testsave\\diff","Size":"31135839","Duration":"20767","EncryptDuration":"-1"}
{"Date":"14:54:35","Name":"yo","Source":"D:\\fond d\u0027\u00E9cran","Target":"D:\\testsave\\diff","Size":"31135839","Duration":"20767","EncryptDuration":"-1"}
{"Date":"14:54:35","Name":"yo","Source":"D:\\fond d\u0027\u00E9cran","Target":"D:\\testsave\\diff","Size":"31135839","Duration":"20767","EncryptDuration":"-1"}
{"Date":"14:54:35","Name":"yo","Source":"D:\\fond d\u0027\u00E9cran","Target":"D:\\testsave\\diff","Size":"31135839","Duration":"20767","EncryptDuration":"-1"}
{"Date":"14:54:35","Name":"yo","Source":"D:\\fond d\u0027\u00E9cran","Target":"D:\\testsave\\diff","Size":"31135839","Duration":"20767","EncryptDuration":"-1"}
{"Date":"14:54:35","Name":"yo","Source":"D:\\fond d\u0027\u00E9cran","Target":"D:\\testsave\\diff","Size":"31135839","Duration":"20767","EncryptDuration":"-1"}
{"Date":"14:54:35","Name":"yo","Source":"D:\\fond d\u0027\u00E9cran","Target":"D:\\testsave\\diff","Size":"31135839","Duration":"20767","EncryptDuration":"-1"}
{"Date":"14:54:35","Name":"yo","Source":"D:\\fond d\u0027\u00E9cran","Target":"D:\\testsave\\diff","Size":"31135839","Duration":"20767","EncryptDuration":"-1"}
{"Date":"14:54:35","Name":"yo","Source":"D:\\fond d\u0027\u00E9cran","Target":"D:\\testsave\\diff","Size":"31135839","Duration":"20767","EncryptDuration":"-1"}
{"Date":"14:54:35","Name":"yo","Source":"D:\\fond d\u0027\u00E9cran","Target":"D:\\testsave\\diff","Size":"31135839","Duration":"20767","EncryptDuration":"-1"}
{"Date":"14:54:35","Name":"yo","Source":"D:\\fond d\u0027\u00E9cran","Target":"D:\\testsave\\diff","Size":"31135839","Duration":"20767","EncryptDuration":"-1"}
{"Date":"14:54:35","Name":"yo","Source":"D:\\fond d\u0027\u00E9cran","Target":"D:\\testsave\\diff","Size":"31135839","Duration":"20767","EncryptDuration":"-1"}
{"Date":"14:54:35","Name":"yo","Source":"D:\\fond d\u0027\u00E9cran","Target":"D:\\testsave\\diff","Size":"31135839","Duration":"20767","EncryptDuration":"-1"}
{"Date":"14:54:35","Name":"yo","Source":"D:\\fond d\u0027\u00E9cran","Target":"D:\\testsave\\diff","Size":"31135839","Duration":"20767","EncryptDuration":"-1"}
{"Date":"14:54:35","Name":"yo","Source":"D:\\fond d\u0027\u00E9cran","Target":"D:\\testsave\\diff","Size":"31135839","Duration":"20767","EncryptDuration":"-1"}
{"Date":"14:54:35","Name":"yo","Source":"D:\\fond d\u0027\u00E9cran","Target":"D:\\testsave\\diff","Size":"31135839","Duration":"20767","EncryptDuration":"-1"}
{"Date":"14:54:35","Name":"yo","Source":"D:\\fond d\u0027\u00E9cran","Target":"D:\\testsave\\diff","Size":"31135839","Duration":"20767","EncryptDuration":"-1"}
{"Date":"14:54:35","Name":"yo","Source":"D:\\fond d\u0027\u00E9cran","Target":"D:\\testsave\\diff","Size":"31135839","Duration":"20767","EncryptDuration":"-1"}
{"Date":"14:54:35","Name":"yo","Source":"D:\\fond d\u0027\u00E9cran","Target":"D:\\testsave\\diff","Size":"31135839","Duration":"20767","EncryptDuration":"-1"}
{"Date":"14:54:35","Name":"yo","Source":"D:\\fond d\u0027\u00E9cran","Target":"D:\\testsave\\diff","Size":"31135839","Duration":"20767","EncryptDuration":"-1"}
{"Date":"14:54:35","Name":"yo","Source":"D:\\fond d\u0027\u00E9cran","Target":"D:\\testsave\\diff","Size":"31135839","Duration":"20767","EncryptDuration":"-1"}
{"Date":"14:54:35","Name":"yo","Source":"D:\\fond d\u0027\u00E9cran","Target":"D:\\testsave\\diff","Size":"31135839","Duration":"20767","EncryptDuration":"-1"}
{"Date":"14:54:35","Name":"yo","Source":"D:\\fond d\u0027\u00E9cran","Target":"D:\\testsave\\diff","Size":"31135839","Duration":"20767","EncryptDuration":"-1"}
{"Date":"14:54:35","Name":"yo","Source":"D:\\fond d\u0027\u00E9cran","Target":"D:\\testsave\\diff","Size":"31135839","Duration":"20767","EncryptDuration":"-1"}
{"Date":"14:54:35","Name":"yo","Source":"D:\\fond d\u0027\u00E9cran","Target":"D:\\testsave\\diff","Size":"31135839","Duration":"20767","EncryptDuration":"-1"}
{"Date":"14:54:35","Name":"yo","Source":"D:\\fond d\u0027\u00E9cran","Target":"D:\\testsave\\diff","Size":"31135839","Duration":"20767","EncryptDuration":"-1"}
{"Date":"15:00:51","Name":"okaye","Source":"D:\\after fx projects","Target":"D:\\testsave\\diff","Size":"1633524894","Duration":"4340","EncryptDuration":"-1"}
{"Date":"15:00:51","Name":"okaye","Source":"D:\\after fx projects","Target":"D:\\testsave\\diff","Size":"1633524894","Duration":"4340","EncryptDuration":"-1"}
{"Date":"15:00:51","Name":"okaye","Source":"D:\\after fx projects","Target":"D:\\testsave\\diff","Size":"1633524894","Duration":"4370","EncryptDuration":"-1"}
{"Date":"15:00:51","Name":"okaye","Source":"D:\\after fx projects","Target":"D:\\testsave\\diff","Size":"1633524894","Duration":"4382","EncryptDuration":"-1"}
{"Date":"15:00:51","Name":"okaye","Source":"D:\\after fx projects","Target":"D:\\testsave\\diff","Size":"1633524894","Duration":"4393","EncryptDuration":"-1"}
{"Date":"15:00:51","Name":"okaye","Source":"D:\\after fx projects","Target":"D:\\testsave\\diff","Size":"1633524894","Duration":"4398","EncryptDuration":"-1"}
{"Date":"15:00:51","Name":"okaye","Source":"D:\\after fx projects","Target":"D:\\testsave\\diff","Size":"1633524894","Duration":"4407","EncryptDuration":"-1"}
{"Date":"15:00:51","Name":"okaye","Source":"D:\\after fx projects","Target":"D:\\testsave\\diff","Size":"1633524894","Duration":"4408","EncryptDuration":"-1"}
{"Date":"15:00:51","Name":"okaye","Source":"D:\\after fx projects","Target":"D:\\testsave\\diff","Size":"1633524894","Duration":"4418","EncryptDuration":"-1"}
{"Date":"15:00:51","Name":"okaye","Source":"D:\\after fx projects","Target":"D:\\testsave\\diff","Size":"1633524894","Duration":"4421","EncryptDuration":"-1"}
{"Date":"15:00:51","Name":"okaye","Source":"D:\\after fx projects","Target":"D:\\testsave\\diff","Size":"1633524894","Duration":"4429","EncryptDuration":"-1"}
{"Date":"15:00:51","Name":"okaye","Source":"D:\\after fx projects","Target":"D:\\testsave\\diff","Size":"1633524894","Duration":"4432","EncryptDuration":"-1"}
{"Date":"15:00:51","Name":"okaye","Source":"D:\\after fx projects","Target":"D:\\testsave\\diff","Size":"1633524894","Duration":"4438","EncryptDuration":"-1"}
{"Date":"15:00:51","Name":"okaye","Source":"D:\\after fx projects","Target":"D:\\testsave\\diff","Size":"1633524894","Duration":"4444","EncryptDuration":"-1"}
{"Date":"15:00:51","Name":"okaye","Source":"D:\\after fx projects","Target":"D:\\testsave\\diff","Size":"1633524894","Duration":"4449","EncryptDuration":"-1"}
{"Date":"15:00:51","Name":"okaye","Source":"D:\\after fx projects","Target":"D:\\testsave\\diff","Size":"1633524894","Duration":"4454","EncryptDuration":"-1"}
{"Date":"15:00:51","Name":"okaye","Source":"D:\\after fx projects","Target":"D:\\testsave\\diff","Size":"1633524894","Duration":"4459","EncryptDuration":"-1"}
{"Date":"15:00:51","Name":"okaye","Source":"D:\\after fx projects","Target":"D:\\testsave\\diff","Size":"1633524894","Duration":"4470","EncryptDuration":"-1"}
{"Date":"15:00:51","Name":"okaye","Source":"D:\\after fx projects","Target":"D:\\testsave\\diff","Size":"1633524894","Duration":"4482","EncryptDuration":"-1"}
{"Date":"15:00:51","Name":"okaye","Source":"D:\\after fx projects","Target":"D:\\testsave\\diff","Size":"1633524894","Duration":"4494","EncryptDuration":"-1"}
{"Date":"15:00:51","Name":"okaye","Source":"D:\\after fx projects","Target":"D:\\testsave\\diff","Size":"1633524894","Duration":"4506","EncryptDuration":"-1"}
{"Date":"15:00:51","Name":"okaye","Source":"D:\\after fx projects","Target":"D:\\testsave\\diff","Size":"1633524894","Duration":"4507","EncryptDuration":"-1"}
{"Date":"15:00:51","Name":"okaye","Source":"D:\\after fx projects","Target":"D:\\testsave\\diff","Size":"1633524894","Duration":"4516","EncryptDuration":"-1"}
{"Date":"15:00:51","Name":"okaye","Source":"D:\\after fx projects","Target":"D:\\testsave\\diff","Size":"1633524894","Duration":"4530","EncryptDuration":"-1"}
{"Date":"15:00:51","Name":"okaye","Source":"D:\\after fx projects","Target":"D:\\testsave\\diff","Size":"1633524894","Duration":"4542","EncryptDuration":"-1"}
{"Date":"15:00:51","Name":"okaye","Source":"D:\\after fx projects","Target":"D:\\testsave\\diff","Size":"1633524894","Duration":"4554","EncryptDuration":"-1"}
{"Date":"15:00:51","Name":"okaye","Source":"D:\\after fx projects","Target":"D:\\testsave\\diff","Size":"1633524894","Duration":"4564","EncryptDuration":"-1"}
{"Date":"15:00:51","Name":"okaye","Source":"D:\\after fx projects","Target":"D:\\testsave\\diff","Size":"1633524894","Duration":"4565","EncryptDuration":"-1"}
{"Date":"15:00:51","Name":"okaye","Source":"D:\\after fx projects","Target":"D:\\testsave\\diff","Size":"1633524894","Duration":"4589","EncryptDuration":"-1"}
{"Date":"15:00:51","Name":"okaye","Source":"D:\\after fx projects","Target":"D:\\testsave\\diff","Size":"1633524894","Duration":"4598","EncryptDuration":"-1"}
{"Date":"15:00:51","Name":"okaye","Source":"D:\\after fx projects","Target":"D:\\testsave\\diff","Size":"1633524894","Duration":"4612","EncryptDuration":"-1"}
{"Date":"15:00:51","Name":"okaye","Source":"D:\\after fx projects","Target":"D:\\testsave\\diff","Size":"1633524894","Duration":"4624","EncryptDuration":"-1"}
{"Date":"15:00:51","Name":"okaye","Source":"D:\\after fx projects","Target":"D:\\testsave\\diff","Size":"1633524894","Duration":"4640","EncryptDuration":"-1"}
{"Date":"15:00:51","Name":"okaye","Source":"D:\\after fx projects","Target":"D:\\testsave\\diff","Size":"1633524894","Duration":"4654","EncryptDuration":"-1"}
{"Date":"15:00:51","Name":"okaye","Source":"D:\\after fx projects","Target":"D:\\testsave\\diff","Size":"1633524894","Duration":"4664","EncryptDuration":"-1"}
{"Date":"15:00:51","Name":"okaye","Source":"D:\\after fx projects","Target":"D:\\testsave\\diff","Size":"1633524894","Duration":"4669","EncryptDuration":"-1"}
{"Date":"15:00:51","Name":"okaye","Source":"D:\\after fx projects","Target":"D:\\testsave\\diff","Size":"1633524894","Duration":"4675","EncryptDuration":"-1"}
{"Date":"15:00:51","Name":"okaye","Source":"D:\\after fx projects","Target":"D:\\testsave\\diff","Size":"1633524894","Duration":"4685","EncryptDuration":"-1"}
{"Date":"15:00:51","Name":"okaye","Source":"D:\\after fx projects","Target":"D:\\testsave\\diff","Size":"1633524894","Duration":"4686","EncryptDuration":"-1"}
{"Date":"15:00:51","Name":"okaye","Source":"D:\\after fx projects","Target":"D:\\testsave\\diff","Size":"1633524894","Duration":"4696","EncryptDuration":"-1"}
{"Date":"15:00:51","Name":"okaye","Source":"D:\\after fx projects","Target":"D:\\testsave\\diff","Size":"1633524894","Duration":"4705","EncryptDuration":"-1"}
{"Date":"15:00:51","Name":"okaye","Source":"D:\\after fx projects","Target":"D:\\testsave\\diff","Size":"1633524894","Duration":"4706","EncryptDuration":"-1"}
{"Date":"15:00:51","Name":"okaye","Source":"D:\\after fx projects","Target":"D:\\testsave\\diff","Size":"1633524894","Duration":"4717","EncryptDuration":"-1"}
{"Date":"15:00:51","Name":"okaye","Source":"D:\\after fx projects","Target":"D:\\testsave\\diff","Size":"1633524894","Duration":"4721","EncryptDuration":"-1"}
{"Date":"15:00:51","Name":"okaye","Source":"D:\\after fx projects","Target":"D:\\testsave\\diff","Size":"1633524894","Duration":"4729","EncryptDuration":"-1"}
{"Date":"15:00:51","Name":"okaye","Source":"D:\\after fx projects","Target":"D:\\testsave\\diff","Size":"1633524894","Duration":"4733","EncryptDuration":"-1"}
{"Date":"15:00:51","Name":"okaye","Source":"D:\\after fx projects","Target":"D:\\testsave\\diff","Size":"1633524894","Duration":"4745","EncryptDuration":"-1"}
{"Date":"15:00:51","Name":"okaye","Source":"D:\\after fx projects","Target":"D:\\testsave\\diff","Size":"1633524894","Duration":"4750","EncryptDuration":"-1"}
{"Date":"15:00:51","Name":"okaye","Source":"D:\\after fx projects","Target":"D:\\testsave\\diff","Size":"1633524894","Duration":"4756","EncryptDuration":"-1"}
{"Date":"15:00:51","Name":"okaye","Source":"D:\\after fx projects","Target":"D:\\testsave\\diff","Size":"1633524894","Duration":"4779","EncryptDuration":"-1"}
{"Date":"15:00:51","Name":"okaye","Source":"D:\\after fx projects","Target":"D:\\testsave\\diff","Size":"1633524894","Duration":"4793","EncryptDuration":"-1"}
{"Date":"15:00:51","Name":"okaye","Source":"D:\\after fx projects","Target":"D:\\testsave\\diff","Size":"1633524894","Duration":"4809","EncryptDuration":"-1"}
{"Date":"15:00:51","Name":"okaye","Source":"D:\\after fx projects","Target":"D:\\testsave\\diff","Size":"1633524894","Duration":"4821","EncryptDuration":"-1"}
{"Date":"15:00:51","Name":"okaye","Source":"D:\\after fx projects","Target":"D:\\testsave\\diff","Size":"1633524894","Duration":"4836","EncryptDuration":"-1"}
{"Date":"15:00:51","Name":"okaye","Source":"D:\\after fx projects","Target":"D:\\testsave\\diff","Size":"1633524894","Duration":"4847","EncryptDuration":"-1"}
{"Date":"15:00:51","Name":"okaye","Source":"D:\\after fx projects","Target":"D:\\testsave\\diff","Size":"1633524894","Duration":"4847","EncryptDuration":"-1"}
{"Date":"15:00:51","Name":"okaye","Source":"D:\\after fx projects","Target":"D:\\testsave\\diff","Size":"1633524894","Duration":"4847","EncryptDuration":"-1"}
{"Date":"15:00:51","Name":"okaye","Source":"D:\\after fx projects","Target":"D:\\testsave\\diff","Size":"1633524894","Duration":"4847","EncryptDuration":"-1"}
{"Date":"15:00:51","Name":"okaye","Source":"D:\\after fx projects","Target":"D:\\testsave\\diff","Size":"1633524894","Duration":"4847","EncryptDuration":"-1"}
{"Date":"15:00:51","Name":"okaye","Source":"D:\\after fx projects","Target":"D:\\testsave\\diff","Size":"1633524894","Duration":"4847","EncryptDuration":"-1"}
{"Date":"15:00:51","Name":"okaye","Source":"D:\\after fx projects","Target":"D:\\testsave\\diff","Size":"1633524894","Duration":"4847","EncryptDuration":"-1"}
{"Date":"15:00:51","Name":"okaye","Source":"D:\\after fx projects","Target":"D:\\testsave\\diff","Size":"1633524894","Duration":"4847","EncryptDuration":"-1"}
{"Date":"15:00:51","Name":"okaye","Source":"D:\\after fx projects","Target":"D:\\testsave\\diff","Size":"1633524894","Duration":"4847","EncryptDuration":"-1"}
{"Date":"15:00:51","Name":"okaye","Source":"D:\\after fx projects","Target":"D:\\testsave\\diff","Size":"1633524894","Duration":"4847","EncryptDuration":"-1"}
{"Date":"15:00:51","Name":"okaye","Source":"D:\\after fx projects","Target":"D:\\testsave\\diff","Size":"1633524894","Duration":"4847","EncryptDuration":"-1"}
{"Date":"15:00:51","Name":"okaye","Source":"D:\\after fx projects","Target":"D:\\testsave\\diff","Size":"1633524894","Duration":"4847","EncryptDuration":"-1"}
{"Date":"15:00:51","Name":"okaye","Source":"D:\\after fx projects","Target":"D:\\testsave\\diff","Size":"1633524894","Duration":"4847","EncryptDuration":"-1"}
{"Date":"15:00:51","Name":"okaye","Source":"D:\\after fx projects","Target":"D:\\testsave\\diff","Size":"1633524894","Duration":"4847","EncryptDuration":"-1"}
{"Date":"15:00:51","Name":"okaye","Source":"D:\\after fx projects","Target":"D:\\testsave\\diff","Size":"1633524894","Duration":"4847","EncryptDuration":"-1"}
{"Date":"15:00:51","Name":"okaye","Source":"D:\\after fx projects","Target":"D:\\testsave\\diff","Size":"1633524894","Duration":"4847","EncryptDuration":"-1"}
{"Date":"15:00:51","Name":"okaye","Source":"D:\\after fx projects","Target":"D:\\testsave\\diff","Size":"1633524894","Duration":"4847","EncryptDuration":"-1"}
{"Date":"15:00:51","Name":"okaye","Source":"D:\\after fx projects","Target":"D:\\testsave\\diff","Size":"1633524894","Duration":"4847","EncryptDuration":"-1"}
{"Date":"15:00:51","Name":"okaye","Source":"D:\\after fx projects","Target":"D:\\testsave\\diff","Size":"1633524894","Duration":"4847","EncryptDuration":"-1"}
{"Date":"15:00:51","Name":"okaye","Source":"D:\\after fx projects","Target":"D:\\testsave\\diff","Size":"1633524894","Duration":"4847","EncryptDuration":"-1"}
{"Date":"15:00:51","Name":"okaye","Source":"D:\\after fx projects","Target":"D:\\testsave\\diff","Size":"1633524894","Duration":"4847","EncryptDuration":"-1"}
{"Date":"15:00:51","Name":"okaye","Source":"D:\\after fx projects","Target":"D:\\testsave\\diff","Size":"1633524894","Duration":"4847","EncryptDuration":"-1"}
{"Date":"15:00:51","Name":"okaye","Source":"D:\\after fx projects","Target":"D:\\testsave\\diff","Size":"1633524894","Duration":"4847","EncryptDuration":"-1"}
{"Date":"15:00:51","Name":"okaye","Source":"D:\\after fx projects","Target":"D:\\testsave\\diff","Size":"1633524894","Duration":"4847","EncryptDuration":"-1"}
{"Date":"15:00:51","Name":"okaye","Source":"D:\\after fx projects","Target":"D:\\testsave\\diff","Size":"1633524894","Duration":"4847","EncryptDuration":"-1"}
{"Date":"15:00:51","Name":"okaye","Source":"D:\\after fx projects","Target":"D:\\testsave\\diff","Size":"1633524894","Duration":"4847","EncryptDuration":"-1"}
{"Date":"15:00:51","Name":"okaye","Source":"D:\\after fx projects","Target":"D:\\testsave\\diff","Size":"1633524894","Duration":"4847","EncryptDuration":"-1"}
