{"Date":"18:43:46","Name":"okaye","Source":"D:\\after fx projects","Target":"D:\\testsave\\diff\\after fx projects\\FullSaves","Size":"1633524894","Duration":"76","EncryptDuration":"-1"}{"Date":"18:43:46","Name":"okaye","Source":"D:\\after fx projects","Target":"D:\\testsave\\diff\\after fx projects\\FullSaves","Size":"1633524894","Duration":"76","EncryptDuration":"-1"}
{"Date":"18:43:46","Name":"okaye","Source":"D:\\after fx projects","Target":"D:\\testsave\\diff\\after fx projects\\FullSaves","Size":"1633524894","Duration":"327","EncryptDuration":"-1"}
{"Date":"18:43:46","Name":"okaye","Source":"D:\\after fx projects","Target":"D:\\testsave\\diff\\after fx projects\\FullSaves","Size":"1633524894","Duration":"351","EncryptDuration":"-1"}
{"Date":"18:43:46","Name":"okaye","Source":"D:\\after fx projects","Target":"D:\\testsave\\diff\\after fx projects\\FullSaves","Size":"1633524894","Duration":"381","EncryptDuration":"-1"}
{"Date":"18:43:46","Name":"okaye","Source":"D:\\after fx projects","Target":"D:\\testsave\\diff\\after fx projects\\FullSaves","Size":"1633524894","Duration":"417","EncryptDuration":"-1"}
{"Date":"18:43:46","Name":"okaye","Source":"D:\\after fx projects","Target":"D:\\testsave\\diff\\after fx projects\\FullSaves","Size":"1633524894","Duration":"460","EncryptDuration":"-1"}
{"Date":"18:43:46","Name":"okaye","Source":"D:\\after fx projects","Target":"D:\\testsave\\diff\\after fx projects\\FullSaves","Size":"1633524894","Duration":"482","EncryptDuration":"-1"}
{"Date":"18:43:46","Name":"okaye","Source":"D:\\after fx projects","Target":"D:\\testsave\\diff\\after fx projects\\FullSaves","Size":"1633524894","Duration":"841","EncryptDuration":"-1"}
{"Date":"18:43:46","Name":"okaye","Source":"D:\\after fx projects","Target":"D:\\testsave\\diff\\after fx projects\\FullSaves","Size":"1633524894","Duration":"1209","EncryptDuration":"-1"}
{"Date":"18:43:46","Name":"okaye","Source":"D:\\after fx projects","Target":"D:\\testsave\\diff\\after fx projects\\FullSaves","Size":"1633524894","Duration":"2062","EncryptDuration":"-1"}
{"Date":"18:43:46","Name":"okaye","Source":"D:\\after fx projects","Target":"D:\\testsave\\diff\\after fx projects\\FullSaves","Size":"1633524894","Duration":"2157","EncryptDuration":"-1"}
{"Date":"18:43:46","Name":"okaye","Source":"D:\\after fx projects","Target":"D:\\testsave\\diff\\after fx projects\\FullSaves","Size":"1633524894","Duration":"2265","EncryptDuration":"-1"}
{"Date":"18:43:46","Name":"okaye","Source":"D:\\after fx projects","Target":"D:\\testsave\\diff\\after fx projects\\FullSaves","Size":"1633524894","Duration":"2307","EncryptDuration":"-1"}
{"Date":"18:43:46","Name":"okaye","Source":"D:\\after fx projects","Target":"D:\\testsave\\diff\\after fx projects\\FullSaves","Size":"1633524894","Duration":"2362","EncryptDuration":"-1"}
{"Date":"18:43:46","Name":"okaye","Source":"D:\\after fx projects","Target":"D:\\testsave\\diff\\after fx projects\\FullSaves","Size":"1633524894","Duration":"2465","EncryptDuration":"-1"}
{"Date":"18:43:46","Name":"okaye","Source":"D:\\after fx projects","Target":"D:\\testsave\\diff\\after fx projects\\FullSaves","Size":"1633524894","Duration":"3382","EncryptDuration":"-1"}
{"Date":"18:43:46","Name":"okaye","Source":"D:\\after fx projects","Target":"D:\\testsave\\diff\\after fx projects\\FullSaves","Size":"1633524894","Duration":"3553","EncryptDuration":"-1"}
{"Date":"18:43:46","Name":"okaye","Source":"D:\\after fx projects","Target":"D:\\testsave\\diff\\after fx projects\\FullSaves","Size":"1633524894","Duration":"3599","EncryptDuration":"-1"}
{"Date":"18:43:46","Name":"okaye","Source":"D:\\after fx projects","Target":"D:\\testsave\\diff\\after fx projects\\FullSaves","Size":"1633524894","Duration":"3631","EncryptDuration":"-1"}
{"Date":"18:43:46","Name":"okaye","Source":"D:\\after fx projects","Target":"D:\\testsave\\diff\\after fx projects\\FullSaves","Size":"1633524894","Duration":"3645","EncryptDuration":"-1"}
{"Date":"18:43:46","Name":"okaye","Source":"D:\\after fx projects","Target":"D:\\testsave\\diff\\after fx projects\\FullSaves","Size":"1633524894","Duration":"3671","EncryptDuration":"-1"}
{"Date":"18:43:46","Name":"okaye","Source":"D:\\after fx projects","Target":"D:\\testsave\\diff\\after fx projects\\FullSaves","Size":"1633524894","Duration":"3915","EncryptDuration":"-1"}
{"Date":"18:43:46","Name":"okaye","Source":"D:\\after fx projects","Target":"D:\\testsave\\diff\\after fx projects\\FullSaves","Size":"1633524894","Duration":"3950","EncryptDuration":"-1"}
{"Date":"18:43:46","Name":"okaye","Source":"D:\\after fx projects","Target":"D:\\testsave\\diff\\after fx projects\\FullSaves","Size":"1633524894","Duration":"3993","EncryptDuration":"-1"}
{"Date":"18:43:46","Name":"okaye","Source":"D:\\after fx projects","Target":"D:\\testsave\\diff\\after fx projects\\FullSaves","Size":"1633524894","Duration":"4085","EncryptDuration":"-1"}
{"Date":"18:43:46","Name":"okaye","Source":"D:\\after fx projects","Target":"D:\\testsave\\diff\\after fx projects\\FullSaves","Size":"1633524894","Duration":"4393","EncryptDuration":"-1"}
{"Date":"18:43:46","Name":"okaye","Source":"D:\\after fx projects","Target":"D:\\testsave\\diff\\after fx projects\\FullSaves","Size":"1633524894","Duration":"4461","EncryptDuration":"-1"}
{"Date":"18:43:46","Name":"okaye","Source":"D:\\after fx projects","Target":"D:\\testsave\\diff\\after fx projects\\FullSaves","Size":"1633524894","Duration":"4544","EncryptDuration":"-1"}
{"Date":"18:43:46","Name":"okaye","Source":"D:\\after fx projects","Target":"D:\\testsave\\diff\\after fx projects\\FullSaves","Size":"1633524894","Duration":"4626","EncryptDuration":"-1"}
{"Date":"18:43:46","Name":"okaye","Source":"D:\\after fx projects","Target":"D:\\testsave\\diff\\after fx projects\\FullSaves","Size":"1633524894","Duration":"4712","EncryptDuration":"-1"}
{"Date":"18:43:46","Name":"okaye","Source":"D:\\after fx projects","Target":"D:\\testsave\\diff\\after fx projects\\FullSaves","Size":"1633524894","Duration":"4728","EncryptDuration":"-1"}
{"Date":"18:43:46","Name":"okaye","Source":"D:\\after fx projects","Target":"D:\\testsave\\diff\\after fx projects\\FullSaves","Size":"1633524894","Duration":"7298","EncryptDuration":"-1"}
{"Date":"18:43:46","Name":"okaye","Source":"D:\\after fx projects","Target":"D:\\testsave\\diff\\after fx projects\\FullSaves","Size":"1633524894","Duration":"14826","EncryptDuration":"-1"}
{"Date":"18:43:46","Name":"okaye","Source":"D:\\after fx projects","Target":"D:\\testsave\\diff\\after fx projects\\FullSaves","Size":"1633524894","Duration":"14931","EncryptDuration":"-1"}
{"Date":"18:43:46","Name":"okaye","Source":"D:\\after fx projects","Target":"D:\\testsave\\diff\\after fx projects\\FullSaves","Size":"1633524894","Duration":"15280","EncryptDuration":"-1"}
{"Date":"18:43:46","Name":"okaye","Source":"D:\\after fx projects","Target":"D:\\testsave\\diff\\after fx projects\\FullSaves","Size":"1633524894","Duration":"15392","EncryptDuration":"-1"}
{"Date":"18:43:46","Name":"okaye","Source":"D:\\after fx projects","Target":"D:\\testsave\\diff\\after fx projects\\FullSaves","Size":"1633524894","Duration":"15724","EncryptDuration":"-1"}
{"Date":"18:43:46","Name":"okaye","Source":"D:\\after fx projects","Target":"D:\\testsave\\diff\\after fx projects\\FullSaves","Size":"1633524894","Duration":"15809","EncryptDuration":"-1"}
{"Date":"18:43:46","Name":"okaye","Source":"D:\\after fx projects","Target":"D:\\testsave\\diff\\after fx projects\\FullSaves","Size":"1633524894","Duration":"15961","EncryptDuration":"-1"}
{"Date":"18:43:46","Name":"okaye","Source":"D:\\after fx projects","Target":"D:\\testsave\\diff\\after fx projects\\FullSaves","Size":"1633524894","Duration":"16075","EncryptDuration":"-1"}
{"Date":"18:43:46","Name":"okaye","Source":"D:\\after fx projects","Target":"D:\\testsave\\diff\\after fx projects\\FullSaves","Size":"1633524894","Duration":"16124","EncryptDuration":"-1"}
{"Date":"18:44:32","Name":"okaye","Source":"D:\\after fx projects","Target":"D:\\testsave\\diff\\after fx projects\\FullSaves","Size":"1633524894","Duration":"6","EncryptDuration":"-1"}
{"Date":"18:44:32","Name":"okaye","Source":"D:\\after fx projects","Target":"D:\\testsave\\diff\\after fx projects\\FullSaves","Size":"1633524894","Duration":"56","EncryptDuration":"-1"}
{"Date":"18:44:32","Name":"okaye","Source":"D:\\after fx projects","Target":"D:\\testsave\\diff\\after fx projects\\FullSaves","Size":"1633524894","Duration":"63","EncryptDuration":"-1"}
{"Date":"18:44:32","Name":"okaye","Source":"D:\\after fx projects","Target":"D:\\testsave\\diff\\after fx projects\\FullSaves","Size":"1633524894","Duration":"77","EncryptDuration":"-1"}
{"Date":"18:44:32","Name":"okaye","Source":"D:\\after fx projects","Target":"D:\\testsave\\diff\\after fx projects\\FullSaves","Size":"1633524894","Duration":"83","EncryptDuration":"-1"}
{"Date":"18:44:32","Name":"okaye","Source":"D:\\after fx projects","Target":"D:\\testsave\\diff\\after fx projects\\FullSaves","Size":"1633524894","Duration":"92","EncryptDuration":"-1"}
{"Date":"18:44:32","Name":"okaye","Source":"D:\\after fx projects","Target":"D:\\testsave\\diff\\after fx projects\\FullSaves","Size":"1633524894","Duration":"98","EncryptDuration":"-1"}
{"Date":"18:44:32","Name":"okaye","Source":"D:\\after fx projects","Target":"D:\\testsave\\diff\\after fx projects\\FullSaves","Size":"1633524894","Duration":"146","EncryptDuration":"-1"}
{"Date":"18:44:32","Name":"okaye","Source":"D:\\after fx projects","Target":"D:\\testsave\\diff\\after fx projects\\FullSaves","Size":"1633524894","Duration":"199","EncryptDuration":"-1"}
{"Date":"18:44:32","Name":"okaye","Source":"D:\\after fx projects","Target":"D:\\testsave\\diff\\after fx projects\\FullSaves","Size":"1633524894","Duration":"292","EncryptDuration":"-1"}
{"Date":"18:44:32","Name":"okaye","Source":"D:\\after fx projects","Target":"D:\\testsave\\diff\\after fx projects\\FullSaves","Size":"1633524894","Duration":"307","EncryptDuration":"-1"}
{"Date":"18:44:32","Name":"okaye","Source":"D:\\after fx projects","Target":"D:\\testsave\\diff\\after fx projects\\FullSaves","Size":"1633524894","Duration":"320","EncryptDuration":"-1"}
{"Date":"18:44:32","Name":"okaye","Source":"D:\\after fx projects","Target":"D:\\testsave\\diff\\after fx projects\\FullSaves","Size":"1633524894","Duration":"329","EncryptDuration":"-1"}
{"Date":"18:44:32","Name":"okaye","Source":"D:\\after fx projects","Target":"D:\\testsave\\diff\\after fx projects\\FullSaves","Size":"1633524894","Duration":"342","EncryptDuration":"-1"}
{"Date":"18:44:32","Name":"okaye","Source":"D:\\after fx projects","Target":"D:\\testsave\\diff\\after fx projects\\FullSaves","Size":"1633524894","Duration":"358","EncryptDuration":"-1"}
{"Date":"18:44:32","Name":"okaye","Source":"D:\\after fx projects","Target":"D:\\testsave\\diff\\after fx projects\\FullSaves","Size":"1633524894","Duration":"464","EncryptDuration":"-1"}
{"Date":"18:44:32","Name":"okaye","Source":"D:\\after fx projects","Target":"D:\\testsave\\diff\\after fx projects\\FullSaves","Size":"1633524894","Duration":"478","EncryptDuration":"-1"}
{"Date":"18:44:32","Name":"okaye","Source":"D:\\after fx projects","Target":"D:\\testsave\\diff\\after fx projects\\FullSaves","Size":"1633524894","Duration":"487","EncryptDuration":"-1"}
{"Date":"18:44:32","Name":"okaye","Source":"D:\\after fx projects","Target":"D:\\testsave\\diff\\after fx projects\\FullSaves","Size":"1633524894","Duration":"494","EncryptDuration":"-1"}
{"Date":"18:44:32","Name":"okaye","Source":"D:\\after fx projects","Target":"D:\\testsave\\diff\\after fx projects\\FullSaves","Size":"1633524894","Duration":"501","EncryptDuration":"-1"}
{"Date":"18:44:32","Name":"okaye","Source":"D:\\after fx projects","Target":"D:\\testsave\\diff\\after fx projects\\FullSaves","Size":"1633524894","Duration":"507","EncryptDuration":"-1"}
{"Date":"18:44:32","Name":"okaye","Source":"D:\\after fx projects","Target":"D:\\testsave\\diff\\after fx projects\\FullSaves","Size":"1633524894","Duration":"514","EncryptDuration":"-1"}
{"Date":"18:44:32","Name":"okaye","Source":"D:\\after fx projects","Target":"D:\\testsave\\diff\\after fx projects\\FullSaves","Size":"1633524894","Duration":"521","EncryptDuration":"-1"}
{"Date":"18:44:32","Name":"okaye","Source":"D:\\after fx projects","Target":"D:\\testsave\\diff\\after fx projects\\FullSaves","Size":"1633524894","Duration":"528","EncryptDuration":"-1"}
{"Date":"18:44:32","Name":"okaye","Source":"D:\\after fx projects","Target":"D:\\testsave\\diff\\after fx projects\\FullSaves","Size":"1633524894","Duration":"540","EncryptDuration":"-1"}
{"Date":"18:44:32","Name":"okaye","Source":"D:\\after fx projects","Target":"D:\\testsave\\diff\\after fx projects\\FullSaves","Size":"1633524894","Duration":"553","EncryptDuration":"-1"}
{"Date":"18:44:32","Name":"okaye","Source":"D:\\after fx projects","Target":"D:\\testsave\\diff\\after fx projects\\FullSaves","Size":"1633524894","Duration":"567","EncryptDuration":"-1"}
{"Date":"18:44:32","Name":"okaye","Source":"D:\\after fx projects","Target":"D:\\testsave\\diff\\after fx projects\\FullSaves","Size":"1633524894","Duration":"581","EncryptDuration":"-1"}
{"Date":"18:44:32","Name":"okaye","Source":"D:\\after fx projects","Target":"D:\\testsave\\diff\\after fx projects\\FullSaves","Size":"1633524894","Duration":"596","EncryptDuration":"-1"}
{"Date":"18:44:32","Name":"okaye","Source":"D:\\after fx projects","Target":"D:\\testsave\\diff\\after fx projects\\FullSaves","Size":"1633524894","Duration":"610","EncryptDuration":"-1"}
{"Date":"18:44:32","Name":"okaye","Source":"D:\\after fx projects","Target":"D:\\testsave\\diff\\after fx projects\\FullSaves","Size":"1633524894","Duration":"617","EncryptDuration":"-1"}
{"Date":"18:44:32","Name":"okaye","Source":"D:\\after fx projects","Target":"D:\\testsave\\diff\\after fx projects\\FullSaves","Size":"1633524894","Duration":"927","EncryptDuration":"-1"}
{"Date":"18:47:14","Name":"okaye","Source":"D:\\after fx projects","Target":"D:\\testsave\\diff\\after fx projects\\FullSaves","Size":"1633524894","Duration":"35958","EncryptDuration":"-1"}
{"Date":"18:50:14","Name":"okaye","Source":"D:\\after fx projects","Target":"D:\\testsave\\diff\\after fx projects\\DiffSaves\\14_12_2020","Size":"1633224197","Duration":"30641","EncryptDuration":"-1"}
{"Date":"18:50:14","Name":"okaye","Source":"D:\\after fx projects","Target":"D:\\testsave\\diff\\after fx projects\\DiffSaves\\14_12_2020","Size":"1633224197","Duration":"56978","EncryptDuration":"-1"}
{"Date":"18:50:14","Name":"okaye","Source":"D:\\after fx projects","Target":"D:\\testsave\\diff\\after fx projects\\DiffSaves\\14_12_2020","Size":"1633224197","Duration":"60306","EncryptDuration":"-1"}
{"Date":"18:50:14","Name":"okaye","Source":"D:\\after fx projects","Target":"D:\\testsave\\diff\\after fx projects\\DiffSaves\\14_12_2020","Size":"1633224197","Duration":"60314","EncryptDuration":"-1"}
{"Date":"18:50:14","Name":"okaye","Source":"D:\\after fx projects","Target":"D:\\testsave\\diff\\after fx projects\\DiffSaves\\14_12_2020","Size":"1633224197","Duration":"60324","EncryptDuration":"-1"}
{"Date":"18:50:14","Name":"okaye","Source":"D:\\after fx projects","Target":"D:\\testsave\\diff\\after fx projects\\DiffSaves\\14_12_2020","Size":"1633224197","Duration":"60332","EncryptDuration":"-1"}
{"Date":"18:50:14","Name":"okaye","Source":"D:\\after fx projects","Target":"D:\\testsave\\diff\\after fx projects\\DiffSaves\\14_12_2020","Size":"1633224197","Duration":"60382","EncryptDuration":"-1"}
{"Date":"18:50:14","Name":"okaye","Source":"D:\\after fx projects","Target":"D:\\testsave\\diff\\after fx projects\\DiffSaves\\14_12_2020","Size":"1633224197","Duration":"60434","EncryptDuration":"-1"}
{"Date":"18:50:14","Name":"okaye","Source":"D:\\after fx projects","Target":"D:\\testsave\\diff\\after fx projects\\DiffSaves\\14_12_2020","Size":"1633224197","Duration":"60528","EncryptDuration":"-1"}
{"Date":"18:50:14","Name":"okaye","Source":"D:\\after fx projects","Target":"D:\\testsave\\diff\\after fx projects\\DiffSaves\\14_12_2020","Size":"1633224197","Duration":"60546","EncryptDuration":"-1"}
{"Date":"18:50:14","Name":"okaye","Source":"D:\\after fx projects","Target":"D:\\testsave\\diff\\after fx projects\\DiffSaves\\14_12_2020","Size":"1633224197","Duration":"60566","EncryptDuration":"-1"}
{"Date":"18:50:14","Name":"okaye","Source":"D:\\after fx projects","Target":"D:\\testsave\\diff\\after fx projects\\DiffSaves\\14_12_2020","Size":"1633224197","Duration":"60576","EncryptDuration":"-1"}
{"Date":"18:50:14","Name":"okaye","Source":"D:\\after fx projects","Target":"D:\\testsave\\diff\\after fx projects\\DiffSaves\\14_12_2020","Size":"1633224197","Duration":"60586","EncryptDuration":"-1"}
{"Date":"18:50:14","Name":"okaye","Source":"D:\\after fx projects","Target":"D:\\testsave\\diff\\after fx projects\\DiffSaves\\14_12_2020","Size":"1633224197","Duration":"60603","EncryptDuration":"-1"}
{"Date":"18:50:14","Name":"okaye","Source":"D:\\after fx projects","Target":"D:\\testsave\\diff\\after fx projects\\DiffSaves\\14_12_2020","Size":"1633224197","Duration":"60714","EncryptDuration":"-1"}
{"Date":"18:50:14","Name":"okaye","Source":"D:\\after fx projects","Target":"D:\\testsave\\diff\\after fx projects\\DiffSaves\\14_12_2020","Size":"1633224197","Duration":"60728","EncryptDuration":"-1"}
{"Date":"18:50:14","Name":"okaye","Source":"D:\\after fx projects","Target":"D:\\testsave\\diff\\after fx projects\\DiffSaves\\14_12_2020","Size":"1633224197","Duration":"60738","EncryptDuration":"-1"}
{"Date":"18:50:14","Name":"okaye","Source":"D:\\after fx projects","Target":"D:\\testsave\\diff\\after fx projects\\DiffSaves\\14_12_2020","Size":"1633224197","Duration":"60749","EncryptDuration":"-1"}
{"Date":"18:50:14","Name":"okaye","Source":"D:\\after fx projects","Target":"D:\\testsave\\diff\\after fx projects\\DiffSaves\\14_12_2020","Size":"1633224197","Duration":"60755","EncryptDuration":"-1"}
{"Date":"18:50:14","Name":"okaye","Source":"D:\\after fx projects","Target":"D:\\testsave\\diff\\after fx projects\\DiffSaves\\14_12_2020","Size":"1633224197","Duration":"60762","EncryptDuration":"-1"}
{"Date":"18:50:14","Name":"okaye","Source":"D:\\after fx projects","Target":"D:\\testsave\\diff\\after fx projects\\DiffSaves\\14_12_2020","Size":"1633224197","Duration":"60768","EncryptDuration":"-1"}
{"Date":"18:50:14","Name":"okaye","Source":"D:\\after fx projects","Target":"D:\\testsave\\diff\\after fx projects\\DiffSaves\\14_12_2020","Size":"1633224197","Duration":"60776","EncryptDuration":"-1"}
{"Date":"18:50:14","Name":"okaye","Source":"D:\\after fx projects","Target":"D:\\testsave\\diff\\after fx projects\\DiffSaves\\14_12_2020","Size":"1633224197","Duration":"60783","EncryptDuration":"-1"}
{"Date":"18:50:14","Name":"okaye","Source":"D:\\after fx projects","Target":"D:\\testsave\\diff\\after fx projects\\DiffSaves\\14_12_2020","Size":"1633224197","Duration":"60797","EncryptDuration":"-1"}
{"Date":"18:50:14","Name":"okaye","Source":"D:\\after fx projects","Target":"D:\\testsave\\diff\\after fx projects\\DiffSaves\\14_12_2020","Size":"1633224197","Duration":"60812","EncryptDuration":"-1"}
{"Date":"18:50:14","Name":"okaye","Source":"D:\\after fx projects","Target":"D:\\testsave\\diff\\after fx projects\\DiffSaves\\14_12_2020","Size":"1633224197","Duration":"60827","EncryptDuration":"-1"}
{"Date":"18:50:14","Name":"okaye","Source":"D:\\after fx projects","Target":"D:\\testsave\\diff\\after fx projects\\DiffSaves\\14_12_2020","Size":"1633224197","Duration":"60842","EncryptDuration":"-1"}
{"Date":"18:50:14","Name":"okaye","Source":"D:\\after fx projects","Target":"D:\\testsave\\diff\\after fx projects\\DiffSaves\\14_12_2020","Size":"1633224197","Duration":"60859","EncryptDuration":"-1"}
{"Date":"18:50:14","Name":"okaye","Source":"D:\\after fx projects","Target":"D:\\testsave\\diff\\after fx projects\\DiffSaves\\14_12_2020","Size":"1633224197","Duration":"60874","EncryptDuration":"-1"}
{"Date":"18:50:14","Name":"okaye","Source":"D:\\after fx projects","Target":"D:\\testsave\\diff\\after fx projects\\DiffSaves\\14_12_2020","Size":"1633224197","Duration":"60881","EncryptDuration":"-1"}
{"Date":"18:50:14","Name":"okaye","Source":"D:\\after fx projects","Target":"D:\\testsave\\diff\\after fx projects\\DiffSaves\\14_12_2020","Size":"1633224197","Duration":"61233","EncryptDuration":"-1"}
{"Date":"18:50:14","Name":"okaye","Source":"D:\\after fx projects","Target":"D:\\testsave\\diff\\after fx projects\\DiffSaves\\14_12_2020","Size":"1633224197","Duration":"64119","EncryptDuration":"-1"}
{"Date":"18:50:14","Name":"okaye","Source":"D:\\after fx projects","Target":"D:\\testsave\\diff\\after fx projects\\DiffSaves\\14_12_2020","Size":"1633224197","Duration":"64134","EncryptDuration":"-1"}
{"Date":"18:50:14","Name":"okaye","Source":"D:\\after fx projects","Target":"D:\\testsave\\diff\\after fx projects\\DiffSaves\\14_12_2020","Size":"1633224197","Duration":"64164","EncryptDuration":"-1"}
{"Date":"18:50:14","Name":"okaye","Source":"D:\\after fx projects","Target":"D:\\testsave\\diff\\after fx projects\\DiffSaves\\14_12_2020","Size":"1633224197","Duration":"64202","EncryptDuration":"-1"}
{"Date":"18:50:14","Name":"okaye","Source":"D:\\after fx projects","Target":"D:\\testsave\\diff\\after fx projects\\DiffSaves\\14_12_2020","Size":"1633224197","Duration":"64224","EncryptDuration":"-1"}
{"Date":"18:50:14","Name":"okaye","Source":"D:\\after fx projects","Target":"D:\\testsave\\diff\\after fx projects\\DiffSaves\\14_12_2020","Size":"1633224197","Duration":"64258","EncryptDuration":"-1"}
{"Date":"18:50:14","Name":"okaye","Source":"D:\\after fx projects","Target":"D:\\testsave\\diff\\after fx projects\\DiffSaves\\14_12_2020","Size":"1633224197","Duration":"64740","EncryptDuration":"-1"}
{"Date":"18:50:14","Name":"okaye","Source":"D:\\after fx projects","Target":"D:\\testsave\\diff\\after fx projects\\DiffSaves\\14_12_2020","Size":"1633224197","Duration":"64756","EncryptDuration":"-1"}
{"Date":"18:50:14","Name":"okaye","Source":"D:\\after fx projects","Target":"D:\\testsave\\diff\\after fx projects\\DiffSaves\\14_12_2020","Size":"1633224197","Duration":"64762","EncryptDuration":"-1"}
{"Date":"18:52:08","Name":"okaye","Source":"D:\\after fx projects","Target":"D:\\testsave\\diff\\after fx projects\\DiffSaves\\14_12_2020","Size":"1633224197","Duration":"49","EncryptDuration":"-1"}
{"Date":"18:53:05","Name":"okaye","Source":"D:\\after fx projects","Target":"D:\\testsave\\diff\\after fx projects\\FullSaves","Size":"1633524894","Duration":"7","EncryptDuration":"-1"}
{"Date":"18:54:25","Name":"okaye","Source":"D:\\after fx projects","Target":"D:\\testsave\\diff\\after fx projects\\FullSaves","Size":"1633524894","Duration":"10358","EncryptDuration":"-1"}
{"Date":"18:54:25","Name":"okaye","Source":"D:\\after fx projects","Target":"D:\\testsave\\diff\\after fx projects\\FullSaves","Size":"1633524894","Duration":"21661","EncryptDuration":"-1"}
{"Date":"18:54:25","Name":"okaye","Source":"D:\\after fx projects","Target":"D:\\testsave\\diff\\after fx projects\\FullSaves","Size":"1633524894","Duration":"23597","EncryptDuration":"-1"}
{"Date":"18:54:25","Name":"okaye","Source":"D:\\after fx projects","Target":"D:\\testsave\\diff\\after fx projects\\FullSaves","Size":"1633524894","Duration":"26138","EncryptDuration":"-1"}
{"Date":"18:54:25","Name":"okaye","Source":"D:\\after fx projects","Target":"D:\\testsave\\diff\\after fx projects\\FullSaves","Size":"1633524894","Duration":"26664","EncryptDuration":"-1"}
{"Date":"18:54:25","Name":"okaye","Source":"D:\\after fx projects","Target":"D:\\testsave\\diff\\after fx projects\\FullSaves","Size":"1633524894","Duration":"27174","EncryptDuration":"-1"}
{"Date":"18:54:25","Name":"okaye","Source":"D:\\after fx projects","Target":"D:\\testsave\\diff\\after fx projects\\FullSaves","Size":"1633524894","Duration":"28606","EncryptDuration":"-1"}
{"Date":"18:54:25","Name":"okaye","Source":"D:\\after fx projects","Target":"D:\\testsave\\diff\\after fx projects\\FullSaves","Size":"1633524894","Duration":"29035","EncryptDuration":"-1"}
{"Date":"18:54:25","Name":"okaye","Source":"D:\\after fx projects","Target":"D:\\testsave\\diff\\after fx projects\\FullSaves","Size":"1633524894","Duration":"32976","EncryptDuration":"-1"}
{"Date":"18:54:25","Name":"okaye","Source":"D:\\after fx projects","Target":"D:\\testsave\\diff\\after fx projects\\FullSaves","Size":"1633524894","Duration":"49731","EncryptDuration":"-1"}
{"Date":"18:54:25","Name":"okaye","Source":"D:\\after fx projects","Target":"D:\\testsave\\diff\\after fx projects\\FullSaves","Size":"1633524894","Duration":"49749","EncryptDuration":"-1"}
{"Date":"18:54:25","Name":"okaye","Source":"D:\\after fx projects","Target":"D:\\testsave\\diff\\after fx projects\\FullSaves","Size":"1633524894","Duration":"49781","EncryptDuration":"-1"}
{"Date":"18:54:25","Name":"okaye","Source":"D:\\after fx projects","Target":"D:\\testsave\\diff\\after fx projects\\FullSaves","Size":"1633524894","Duration":"49792","EncryptDuration":"-1"}
{"Date":"18:54:25","Name":"okaye","Source":"D:\\after fx projects","Target":"D:\\testsave\\diff\\after fx projects\\FullSaves","Size":"1633524894","Duration":"49803","EncryptDuration":"-1"}
{"Date":"18:54:25","Name":"okaye","Source":"D:\\after fx projects","Target":"D:\\testsave\\diff\\after fx projects\\FullSaves","Size":"1633524894","Duration":"49820","EncryptDuration":"-1"}
{"Date":"18:54:25","Name":"okaye","Source":"D:\\after fx projects","Target":"D:\\testsave\\diff\\after fx projects\\FullSaves","Size":"1633524894","Duration":"49930","EncryptDuration":"-1"}
{"Date":"18:54:25","Name":"okaye","Source":"D:\\after fx projects","Target":"D:\\testsave\\diff\\after fx projects\\FullSaves","Size":"1633524894","Duration":"49944","EncryptDuration":"-1"}
{"Date":"18:54:25","Name":"okaye","Source":"D:\\after fx projects","Target":"D:\\testsave\\diff\\after fx projects\\FullSaves","Size":"1633524894","Duration":"49954","EncryptDuration":"-1"}
{"Date":"18:54:25","Name":"okaye","Source":"D:\\after fx projects","Target":"D:\\testsave\\diff\\after fx projects\\FullSaves","Size":"1633524894","Duration":"49962","EncryptDuration":"-1"}
{"Date":"18:54:25","Name":"okaye","Source":"D:\\after fx projects","Target":"D:\\testsave\\diff\\after fx projects\\FullSaves","Size":"1633524894","Duration":"49970","EncryptDuration":"-1"}
{"Date":"18:54:25","Name":"okaye","Source":"D:\\after fx projects","Target":"D:\\testsave\\diff\\after fx projects\\FullSaves","Size":"1633524894","Duration":"49976","EncryptDuration":"-1"}
{"Date":"18:54:25","Name":"okaye","Source":"D:\\after fx projects","Target":"D:\\testsave\\diff\\after fx projects\\FullSaves","Size":"1633524894","Duration":"49983","EncryptDuration":"-1"}
{"Date":"18:54:25","Name":"okaye","Source":"D:\\after fx projects","Target":"D:\\testsave\\diff\\after fx projects\\FullSaves","Size":"1633524894","Duration":"49991","EncryptDuration":"-1"}
{"Date":"18:54:25","Name":"okaye","Source":"D:\\after fx projects","Target":"D:\\testsave\\diff\\after fx projects\\FullSaves","Size":"1633524894","Duration":"49999","EncryptDuration":"-1"}
{"Date":"18:54:25","Name":"okaye","Source":"D:\\after fx projects","Target":"D:\\testsave\\diff\\after fx projects\\FullSaves","Size":"1633524894","Duration":"50013","EncryptDuration":"-1"}
{"Date":"18:54:25","Name":"okaye","Source":"D:\\after fx projects","Target":"D:\\testsave\\diff\\after fx projects\\FullSaves","Size":"1633524894","Duration":"50027","EncryptDuration":"-1"}
{"Date":"18:54:25","Name":"okaye","Source":"D:\\after fx projects","Target":"D:\\testsave\\diff\\after fx projects\\FullSaves","Size":"1633524894","Duration":"50042","EncryptDuration":"-1"}
{"Date":"18:54:25","Name":"okaye","Source":"D:\\after fx projects","Target":"D:\\testsave\\diff\\after fx projects\\FullSaves","Size":"1633524894","Duration":"50057","EncryptDuration":"-1"}
{"Date":"18:54:25","Name":"okaye","Source":"D:\\after fx projects","Target":"D:\\testsave\\diff\\after fx projects\\FullSaves","Size":"1633524894","Duration":"50074","EncryptDuration":"-1"}
{"Date":"18:54:25","Name":"okaye","Source":"D:\\after fx projects","Target":"D:\\testsave\\diff\\after fx projects\\FullSaves","Size":"1633524894","Duration":"50089","EncryptDuration":"-1"}
{"Date":"18:54:25","Name":"okaye","Source":"D:\\after fx projects","Target":"D:\\testsave\\diff\\after fx projects\\FullSaves","Size":"1633524894","Duration":"50096","EncryptDuration":"-1"}
{"Date":"18:54:25","Name":"okaye","Source":"D:\\after fx projects","Target":"D:\\testsave\\diff\\after fx projects\\FullSaves","Size":"1633524894","Duration":"50415","EncryptDuration":"-1"}
{"Date":"18:54:25","Name":"okaye","Source":"D:\\after fx projects","Target":"D:\\testsave\\diff\\after fx projects\\FullSaves","Size":"1633524894","Duration":"52736","EncryptDuration":"-1"}
{"Date":"18:54:25","Name":"okaye","Source":"D:\\after fx projects","Target":"D:\\testsave\\diff\\after fx projects\\FullSaves","Size":"1633524894","Duration":"52815","EncryptDuration":"-1"}
{"Date":"18:54:25","Name":"okaye","Source":"D:\\after fx projects","Target":"D:\\testsave\\diff\\after fx projects\\FullSaves","Size":"1633524894","Duration":"52955","EncryptDuration":"-1"}
{"Date":"18:54:25","Name":"okaye","Source":"D:\\after fx projects","Target":"D:\\testsave\\diff\\after fx projects\\FullSaves","Size":"1633524894","Duration":"53562","EncryptDuration":"-1"}
{"Date":"18:54:25","Name":"okaye","Source":"D:\\after fx projects","Target":"D:\\testsave\\diff\\after fx projects\\FullSaves","Size":"1633524894","Duration":"53578","EncryptDuration":"-1"}
{"Date":"18:54:25","Name":"okaye","Source":"D:\\after fx projects","Target":"D:\\testsave\\diff\\after fx projects\\FullSaves","Size":"1633524894","Duration":"53646","EncryptDuration":"-1"}
{"Date":"18:54:25","Name":"okaye","Source":"D:\\after fx projects","Target":"D:\\testsave\\diff\\after fx projects\\FullSaves","Size":"1633524894","Duration":"53809","EncryptDuration":"-1"}
{"Date":"18:54:25","Name":"okaye","Source":"D:\\after fx projects","Target":"D:\\testsave\\diff\\after fx projects\\FullSaves","Size":"1633524894","Duration":"53826","EncryptDuration":"-1"}
{"Date":"18:54:25","Name":"okaye","Source":"D:\\after fx projects","Target":"D:\\testsave\\diff\\after fx projects\\FullSaves","Size":"1633524894","Duration":"53833","EncryptDuration":"-1"}
{"Date":"18:55:20","Name":"okaye","Source":"D:\\after fx projects","Target":"D:\\testsave\\diff\\after fx projects\\DiffSaves\\14_12_2020","Size":"0","Duration":"53835","EncryptDuration":"0"}
{"Date":"18:55:24","Name":"okaye","Source":"D:\\after fx projects","Target":"D:\\testsave\\diff\\after fx projects\\DiffSaves\\14_12_2020","Size":"0","Duration":"53835","EncryptDuration":"0"}
{"Date":"18:55:25","Name":"okaye","Source":"D:\\after fx projects","Target":"D:\\testsave\\diff\\after fx projects\\DiffSaves\\14_12_2020","Size":"0","Duration":"53836","EncryptDuration":"0"}
{"Date":"18:55:25","Name":"okaye","Source":"D:\\after fx projects","Target":"D:\\testsave\\diff\\after fx projects\\DiffSaves\\14_12_2020","Size":"0","Duration":"53837","EncryptDuration":"0"}
{"Date":"18:55:26","Name":"okaye","Source":"D:\\after fx projects","Target":"D:\\testsave\\diff\\after fx projects\\DiffSaves\\14_12_2020","Size":"0","Duration":"53837","EncryptDuration":"0"}
{"Date":"18:56:04","Name":"okaye","Source":"D:\\after fx projects","Target":"D:\\testsave\\diff\\after fx projects\\DiffSaves\\14_12_2020","Size":"0","Duration":"4","EncryptDuration":"0"}
{"Date":"18:56:04","Name":"okaye","Source":"D:\\after fx projects","Target":"D:\\testsave\\diff\\after fx projects\\DiffSaves\\14_12_2020","Size":"0","Duration":"-1","EncryptDuration":"0"}
{"Date":"18:56:10","Name":"okaye","Source":"D:\\after fx projects","Target":"D:\\testsave\\diff\\after fx projects\\FullSaves","Size":"1633524894","Duration":"7","EncryptDuration":"-1"}
{"Date":"18:56:10","Name":"okaye","Source":"D:\\after fx projects","Target":"D:\\testsave\\diff\\after fx projects\\FullSaves","Size":"1633524894","Duration":"45","EncryptDuration":"-1"}
{"Date":"18:56:10","Name":"okaye","Source":"D:\\after fx projects","Target":"D:\\testsave\\diff\\after fx projects\\FullSaves","Size":"1633524894","Duration":"53","EncryptDuration":"-1"}
{"Date":"18:56:10","Name":"okaye","Source":"D:\\after fx projects","Target":"D:\\testsave\\diff\\after fx projects\\FullSaves","Size":"1633524894","Duration":"66","EncryptDuration":"-1"}
{"Date":"18:56:10","Name":"okaye","Source":"D:\\after fx projects","Target":"D:\\testsave\\diff\\after fx projects\\FullSaves","Size":"1633524894","Duration":"74","EncryptDuration":"-1"}
{"Date":"18:56:10","Name":"okaye","Source":"D:\\after fx projects","Target":"D:\\testsave\\diff\\after fx projects\\FullSaves","Size":"1633524894","Duration":"82","EncryptDuration":"-1"}
{"Date":"18:56:10","Name":"okaye","Source":"D:\\after fx projects","Target":"D:\\testsave\\diff\\after fx projects\\FullSaves","Size":"1633524894","Duration":"89","EncryptDuration":"-1"}
{"Date":"18:56:10","Name":"okaye","Source":"D:\\after fx projects","Target":"D:\\testsave\\diff\\after fx projects\\FullSaves","Size":"1633524894","Duration":"137","EncryptDuration":"-1"}
{"Date":"18:56:10","Name":"okaye","Source":"D:\\after fx projects","Target":"D:\\testsave\\diff\\after fx projects\\FullSaves","Size":"1633524894","Duration":"212","EncryptDuration":"-1"}
{"Date":"18:56:10","Name":"okaye","Source":"D:\\after fx projects","Target":"D:\\testsave\\diff\\after fx projects\\FullSaves","Size":"1633524894","Duration":"304","EncryptDuration":"-1"}
{"Date":"18:56:10","Name":"okaye","Source":"D:\\after fx projects","Target":"D:\\testsave\\diff\\after fx projects\\FullSaves","Size":"1633524894","Duration":"2301","EncryptDuration":"-1"}
{"Date":"18:56:10","Name":"okaye","Source":"D:\\after fx projects","Target":"D:\\testsave\\diff\\after fx projects\\FullSaves","Size":"1633524894","Duration":"2316","EncryptDuration":"-1"}
{"Date":"18:56:10","Name":"okaye","Source":"D:\\after fx projects","Target":"D:\\testsave\\diff\\after fx projects\\FullSaves","Size":"1633524894","Duration":"2327","EncryptDuration":"-1"}
{"Date":"18:56:10","Name":"okaye","Source":"D:\\after fx projects","Target":"D:\\testsave\\diff\\after fx projects\\FullSaves","Size":"1633524894","Duration":"2337","EncryptDuration":"-1"}
{"Date":"18:56:10","Name":"okaye","Source":"D:\\after fx projects","Target":"D:\\testsave\\diff\\after fx projects\\FullSaves","Size":"1633524894","Duration":"2354","EncryptDuration":"-1"}
{"Date":"18:56:10","Name":"okaye","Source":"D:\\after fx projects","Target":"D:\\testsave\\diff\\after fx projects\\FullSaves","Size":"1633524894","Duration":"2459","EncryptDuration":"-1"}
{"Date":"18:56:10","Name":"okaye","Source":"D:\\after fx projects","Target":"D:\\testsave\\diff\\after fx projects\\FullSaves","Size":"1633524894","Duration":"2473","EncryptDuration":"-1"}
{"Date":"18:56:10","Name":"okaye","Source":"D:\\after fx projects","Target":"D:\\testsave\\diff\\after fx projects\\FullSaves","Size":"1633524894","Duration":"2484","EncryptDuration":"-1"}
{"Date":"18:56:10","Name":"okaye","Source":"D:\\after fx projects","Target":"D:\\testsave\\diff\\after fx projects\\FullSaves","Size":"1633524894","Duration":"2491","EncryptDuration":"-1"}
{"Date":"18:56:10","Name":"okaye","Source":"D:\\after fx projects","Target":"D:\\testsave\\diff\\after fx projects\\FullSaves","Size":"1633524894","Duration":"2498","EncryptDuration":"-1"}
{"Date":"18:56:10","Name":"okaye","Source":"D:\\after fx projects","Target":"D:\\testsave\\diff\\after fx projects\\FullSaves","Size":"1633524894","Duration":"2504","EncryptDuration":"-1"}
{"Date":"18:56:10","Name":"okaye","Source":"D:\\after fx projects","Target":"D:\\testsave\\diff\\after fx projects\\FullSaves","Size":"1633524894","Duration":"2511","EncryptDuration":"-1"}
{"Date":"18:56:10","Name":"okaye","Source":"D:\\after fx projects","Target":"D:\\testsave\\diff\\after fx projects\\FullSaves","Size":"1633524894","Duration":"2519","EncryptDuration":"-1"}
{"Date":"18:56:10","Name":"okaye","Source":"D:\\after fx projects","Target":"D:\\testsave\\diff\\after fx projects\\FullSaves","Size":"1633524894","Duration":"2526","EncryptDuration":"-1"}
{"Date":"18:56:10","Name":"okaye","Source":"D:\\after fx projects","Target":"D:\\testsave\\diff\\after fx projects\\FullSaves","Size":"1633524894","Duration":"2539","EncryptDuration":"-1"}
{"Date":"18:56:10","Name":"okaye","Source":"D:\\after fx projects","Target":"D:\\testsave\\diff\\after fx projects\\FullSaves","Size":"1633524894","Duration":"2553","EncryptDuration":"-1"}
{"Date":"18:56:10","Name":"okaye","Source":"D:\\after fx projects","Target":"D:\\testsave\\diff\\after fx projects\\FullSaves","Size":"1633524894","Duration":"2567","EncryptDuration":"-1"}
{"Date":"18:56:10","Name":"okaye","Source":"D:\\after fx projects","Target":"D:\\testsave\\diff\\after fx projects\\FullSaves","Size":"1633524894","Duration":"2581","EncryptDuration":"-1"}
{"Date":"18:56:10","Name":"okaye","Source":"D:\\after fx projects","Target":"D:\\testsave\\diff\\after fx projects\\FullSaves","Size":"1633524894","Duration":"2597","EncryptDuration":"-1"}
{"Date":"18:56:10","Name":"okaye","Source":"D:\\after fx projects","Target":"D:\\testsave\\diff\\after fx projects\\FullSaves","Size":"1633524894","Duration":"2611","EncryptDuration":"-1"}
{"Date":"18:56:10","Name":"okaye","Source":"D:\\after fx projects","Target":"D:\\testsave\\diff\\after fx projects\\FullSaves","Size":"1633524894","Duration":"2619","EncryptDuration":"-1"}
{"Date":"18:56:10","Name":"okaye","Source":"D:\\after fx projects","Target":"D:\\testsave\\diff\\after fx projects\\FullSaves","Size":"1633524894","Duration":"2929","EncryptDuration":"-1"}
{"Date":"18:56:10","Name":"okaye","Source":"D:\\after fx projects","Target":"D:\\testsave\\diff\\after fx projects\\FullSaves","Size":"1633524894","Duration":"4897","EncryptDuration":"-1"}
{"Date":"18:56:10","Name":"okaye","Source":"D:\\after fx projects","Target":"D:\\testsave\\diff\\after fx projects\\FullSaves","Size":"1633524894","Duration":"-1","EncryptDuration":"-1"}
{"Date":"18:56:29","Name":"okaye","Source":"D:\\after fx projects","Target":"D:\\testsave\\diff\\after fx projects\\DiffSaves\\14_12_2020","Size":"64081813","Duration":"4944","EncryptDuration":"-1"}
{"Date":"18:56:29","Name":"okaye","Source":"D:\\after fx projects","Target":"D:\\testsave\\diff\\after fx projects\\DiffSaves\\14_12_2020","Size":"64081813","Duration":"4959","EncryptDuration":"-1"}
{"Date":"18:56:29","Name":"okaye","Source":"D:\\after fx projects","Target":"D:\\testsave\\diff\\after fx projects\\DiffSaves\\14_12_2020","Size":"64081813","Duration":"4976","EncryptDuration":"-1"}
{"Date":"18:56:29","Name":"okaye","Source":"D:\\after fx projects","Target":"D:\\testsave\\diff\\after fx projects\\DiffSaves\\14_12_2020","Size":"64081813","Duration":"4992","EncryptDuration":"-1"}
{"Date":"18:56:29","Name":"okaye","Source":"D:\\after fx projects","Target":"D:\\testsave\\diff\\after fx projects\\DiffSaves\\14_12_2020","Size":"64081813","Duration":"5009","EncryptDuration":"-1"}
{"Date":"18:56:29","Name":"okaye","Source":"D:\\after fx projects","Target":"D:\\testsave\\diff\\after fx projects\\DiffSaves\\14_12_2020","Size":"64081813","Duration":"5025","EncryptDuration":"-1"}
{"Date":"18:56:29","Name":"okaye","Source":"D:\\after fx projects","Target":"D:\\testsave\\diff\\after fx projects\\DiffSaves\\14_12_2020","Size":"64081813","Duration":"5040","EncryptDuration":"-1"}
{"Date":"18:56:29","Name":"okaye","Source":"D:\\after fx projects","Target":"D:\\testsave\\diff\\after fx projects\\DiffSaves\\14_12_2020","Size":"64081813","Duration":"5047","EncryptDuration":"-1"}
